[2022-02-09 14:14:26,633] {taskinstance.py:1032} INFO - Dependencies all met for <TaskInstance: gcs_to_bq_dag.bq_create_partition_table scheduled__2022-02-07T00:00:00+00:00 [queued]>
[2022-02-09 14:14:26,661] {taskinstance.py:1032} INFO - Dependencies all met for <TaskInstance: gcs_to_bq_dag.bq_create_partition_table scheduled__2022-02-07T00:00:00+00:00 [queued]>
[2022-02-09 14:14:26,663] {taskinstance.py:1238} INFO - 
--------------------------------------------------------------------------------
[2022-02-09 14:14:26,664] {taskinstance.py:1239} INFO - Starting attempt 4 of 5
[2022-02-09 14:14:26,665] {taskinstance.py:1240} INFO - 
--------------------------------------------------------------------------------
[2022-02-09 14:14:26,699] {taskinstance.py:1259} INFO - Executing <Task(BigQueryInsertJobOperator): bq_create_partition_table> on 2022-02-07 00:00:00+00:00
[2022-02-09 14:14:26,738] {standard_task_runner.py:76} INFO - Running: ['***', 'tasks', 'run', 'gcs_to_bq_dag', 'bq_create_partition_table', 'scheduled__2022-02-07T00:00:00+00:00', '--job-id', '1345', '--raw', '--subdir', 'DAGS_FOLDER/gcs_2_bq_dag.py', '--cfg-path', '/tmp/tmphg450p4w', '--error-file', '/tmp/tmpkdi0z22_']
[2022-02-09 14:14:26,728] {standard_task_runner.py:52} INFO - Started process 1337 to run task
[2022-02-09 14:14:26,753] {standard_task_runner.py:77} INFO - Job 1345: Subtask bq_create_partition_table
[2022-02-09 14:14:26,952] {logging_mixin.py:109} INFO - Running <TaskInstance: gcs_to_bq_dag.bq_create_partition_table scheduled__2022-02-07T00:00:00+00:00 [running]> on host 57f53df750cc
[2022-02-09 14:14:27,059] {taskinstance.py:1426} INFO - Exporting the following env vars:
AIRFLOW_CTX_DAG_OWNER=***
AIRFLOW_CTX_DAG_ID=gcs_to_bq_dag
AIRFLOW_CTX_TASK_ID=bq_create_partition_table
AIRFLOW_CTX_EXECUTION_DATE=2022-02-07T00:00:00+00:00
AIRFLOW_CTX_DAG_RUN_ID=scheduled__2022-02-07T00:00:00+00:00
[2022-02-09 14:14:27,062] {crypto.py:82} WARNING - empty cryptography key - values will not be stored encrypted.
[2022-02-09 14:14:27,065] {warnings.py:110} WARNING - /home/***/.local/lib/python3.7/site-packages/***/utils/context.py:152: AirflowContextDeprecationWarning: Accessing 'execution_date' from the template is deprecated and will be removed in a future version. Please use 'data_interval_start' or 'logical_date' instead.
  warnings.warn(_create_deprecation_warning(key, self._deprecation_replacements[key]))

[2022-02-09 14:14:27,096] {bigquery.py:1637} INFO - Inserting job ***_gcs_to_bq_dag_bq_create_partition_table_2022_02_07T00_00_00_00_00_091110814bcfa4bb85f32954554a2205
[2022-02-09 14:14:51,668] {taskinstance.py:1277} INFO - Marking task as SUCCESS. dag_id=gcs_to_bq_dag, task_id=bq_create_partition_table, execution_date=20220207T000000, start_date=20220209T141426, end_date=20220209T141451
[2022-02-09 14:14:51,813] {local_task_job.py:154} INFO - Task exited with return code 0
[2022-02-09 14:14:51,882] {local_task_job.py:264} INFO - 0 downstream tasks scheduled from follow-on schedule check
