[2022-02-09 14:17:19,778] {taskinstance.py:1032} INFO - Dependencies all met for <TaskInstance: gcs_to_bq_dag.bq_create_partition_table scheduled__2022-02-07T00:00:00+00:00 [queued]>
[2022-02-09 14:17:19,814] {taskinstance.py:1032} INFO - Dependencies all met for <TaskInstance: gcs_to_bq_dag.bq_create_partition_table scheduled__2022-02-07T00:00:00+00:00 [queued]>
[2022-02-09 14:17:19,815] {taskinstance.py:1238} INFO - 
--------------------------------------------------------------------------------
[2022-02-09 14:17:19,817] {taskinstance.py:1239} INFO - Starting attempt 5 of 6
[2022-02-09 14:17:19,818] {taskinstance.py:1240} INFO - 
--------------------------------------------------------------------------------
[2022-02-09 14:17:19,834] {taskinstance.py:1259} INFO - Executing <Task(BigQueryInsertJobOperator): bq_create_partition_table> on 2022-02-07 00:00:00+00:00
[2022-02-09 14:17:19,850] {standard_task_runner.py:52} INFO - Started process 1484 to run task
[2022-02-09 14:17:19,861] {standard_task_runner.py:76} INFO - Running: ['***', 'tasks', 'run', 'gcs_to_bq_dag', 'bq_create_partition_table', 'scheduled__2022-02-07T00:00:00+00:00', '--job-id', '1348', '--raw', '--subdir', 'DAGS_FOLDER/gcs_2_bq_dag.py', '--cfg-path', '/tmp/tmpr40di6_s', '--error-file', '/tmp/tmpryfk6lha']
[2022-02-09 14:17:19,863] {standard_task_runner.py:77} INFO - Job 1348: Subtask bq_create_partition_table
[2022-02-09 14:17:19,956] {logging_mixin.py:109} INFO - Running <TaskInstance: gcs_to_bq_dag.bq_create_partition_table scheduled__2022-02-07T00:00:00+00:00 [running]> on host 57f53df750cc
[2022-02-09 14:17:20,041] {taskinstance.py:1426} INFO - Exporting the following env vars:
AIRFLOW_CTX_DAG_OWNER=***
AIRFLOW_CTX_DAG_ID=gcs_to_bq_dag
AIRFLOW_CTX_TASK_ID=bq_create_partition_table
AIRFLOW_CTX_EXECUTION_DATE=2022-02-07T00:00:00+00:00
AIRFLOW_CTX_DAG_RUN_ID=scheduled__2022-02-07T00:00:00+00:00
[2022-02-09 14:17:20,044] {crypto.py:82} WARNING - empty cryptography key - values will not be stored encrypted.
[2022-02-09 14:17:20,047] {warnings.py:110} WARNING - /home/***/.local/lib/python3.7/site-packages/***/utils/context.py:152: AirflowContextDeprecationWarning: Accessing 'execution_date' from the template is deprecated and will be removed in a future version. Please use 'data_interval_start' or 'logical_date' instead.
  warnings.warn(_create_deprecation_warning(key, self._deprecation_replacements[key]))

[2022-02-09 14:17:20,062] {bigquery.py:1637} INFO - Inserting job ***_gcs_to_bq_dag_bq_create_partition_table_2022_02_07T00_00_00_00_00_b184c00097d74e2650f86b39a818f5e2
[2022-02-09 14:17:45,178] {taskinstance.py:1277} INFO - Marking task as SUCCESS. dag_id=gcs_to_bq_dag, task_id=bq_create_partition_table, execution_date=20220207T000000, start_date=20220209T141719, end_date=20220209T141745
[2022-02-09 14:17:45,204] {local_task_job.py:212} WARNING - State of this instance has been externally set to success. Terminating instance.
[2022-02-09 14:17:45,234] {process_utils.py:124} INFO - Sending Signals.SIGTERM to group 1484. PIDs of all processes in the group: [1484]
[2022-02-09 14:17:45,235] {process_utils.py:75} INFO - Sending the signal Signals.SIGTERM to group 1484
[2022-02-09 14:17:45,237] {process_utils.py:70} INFO - Process psutil.Process(pid=1484, status='terminated', exitcode=0, started='14:17:19') (1484) terminated with exit code 0
