[2022-02-08 21:41:00,431] {taskinstance.py:1032} INFO - Dependencies all met for <TaskInstance: gcs_to_bq_dag.gcs_2_bq_ext_task scheduled__2022-02-07T00:00:00+00:00 [queued]>
[2022-02-08 21:41:00,445] {taskinstance.py:1032} INFO - Dependencies all met for <TaskInstance: gcs_to_bq_dag.gcs_2_bq_ext_task scheduled__2022-02-07T00:00:00+00:00 [queued]>
[2022-02-08 21:41:00,446] {taskinstance.py:1238} INFO - 
--------------------------------------------------------------------------------
[2022-02-08 21:41:00,448] {taskinstance.py:1239} INFO - Starting attempt 3 of 4
[2022-02-08 21:41:00,449] {taskinstance.py:1240} INFO - 
--------------------------------------------------------------------------------
[2022-02-08 21:41:00,462] {taskinstance.py:1259} INFO - Executing <Task(BigQueryCreateExternalTableOperator): gcs_2_bq_ext_task> on 2022-02-07 00:00:00+00:00
[2022-02-08 21:41:00,469] {standard_task_runner.py:52} INFO - Started process 748 to run task
[2022-02-08 21:41:00,474] {standard_task_runner.py:76} INFO - Running: ['***', 'tasks', 'run', 'gcs_to_bq_dag', 'gcs_2_bq_ext_task', 'scheduled__2022-02-07T00:00:00+00:00', '--job-id', '998', '--raw', '--subdir', 'DAGS_FOLDER/gcs_2_bq_dag.py', '--cfg-path', '/tmp/tmp1_mi22cs', '--error-file', '/tmp/tmpp_ce880_']
[2022-02-08 21:41:00,479] {standard_task_runner.py:77} INFO - Job 998: Subtask gcs_2_bq_ext_task
[2022-02-08 21:41:00,548] {logging_mixin.py:109} INFO - Running <TaskInstance: gcs_to_bq_dag.gcs_2_bq_ext_task scheduled__2022-02-07T00:00:00+00:00 [running]> on host e62c89e4fb3f
[2022-02-08 21:41:00,613] {taskinstance.py:1426} INFO - Exporting the following env vars:
AIRFLOW_CTX_DAG_OWNER=***
AIRFLOW_CTX_DAG_ID=gcs_to_bq_dag
AIRFLOW_CTX_TASK_ID=gcs_2_bq_ext_task
AIRFLOW_CTX_EXECUTION_DATE=2022-02-07T00:00:00+00:00
AIRFLOW_CTX_DAG_RUN_ID=scheduled__2022-02-07T00:00:00+00:00
[2022-02-08 21:41:00,615] {crypto.py:82} WARNING - empty cryptography key - values will not be stored encrypted.
[2022-02-08 21:41:01,612] {taskinstance.py:1277} INFO - Marking task as SUCCESS. dag_id=gcs_to_bq_dag, task_id=gcs_2_bq_ext_task, execution_date=20220207T000000, start_date=20220208T214100, end_date=20220208T214101
[2022-02-08 21:41:01,685] {local_task_job.py:154} INFO - Task exited with return code 0
[2022-02-08 21:41:01,730] {local_task_job.py:264} INFO - 0 downstream tasks scheduled from follow-on schedule check
