[2022-02-08 21:46:49,093] {taskinstance.py:1032} INFO - Dependencies all met for <TaskInstance: gcs_to_bq_dag.gcs_2_bq_ext_task scheduled__2022-02-07T00:00:00+00:00 [queued]>
[2022-02-08 21:46:49,105] {taskinstance.py:1032} INFO - Dependencies all met for <TaskInstance: gcs_to_bq_dag.gcs_2_bq_ext_task scheduled__2022-02-07T00:00:00+00:00 [queued]>
[2022-02-08 21:46:49,106] {taskinstance.py:1238} INFO - 
--------------------------------------------------------------------------------
[2022-02-08 21:46:49,107] {taskinstance.py:1239} INFO - Starting attempt 4 of 5
[2022-02-08 21:46:49,110] {taskinstance.py:1240} INFO - 
--------------------------------------------------------------------------------
[2022-02-08 21:46:49,125] {taskinstance.py:1259} INFO - Executing <Task(BigQueryCreateExternalTableOperator): gcs_2_bq_ext_task> on 2022-02-07 00:00:00+00:00
[2022-02-08 21:46:49,131] {standard_task_runner.py:52} INFO - Started process 1025 to run task
[2022-02-08 21:46:49,135] {standard_task_runner.py:76} INFO - Running: ['***', 'tasks', 'run', 'gcs_to_bq_dag', 'gcs_2_bq_ext_task', 'scheduled__2022-02-07T00:00:00+00:00', '--job-id', '1000', '--raw', '--subdir', 'DAGS_FOLDER/gcs_2_bq_dag.py', '--cfg-path', '/tmp/tmpzr0lzlvw', '--error-file', '/tmp/tmpnss3mb07']
[2022-02-08 21:46:49,137] {standard_task_runner.py:77} INFO - Job 1000: Subtask gcs_2_bq_ext_task
[2022-02-08 21:46:49,202] {logging_mixin.py:109} INFO - Running <TaskInstance: gcs_to_bq_dag.gcs_2_bq_ext_task scheduled__2022-02-07T00:00:00+00:00 [running]> on host e62c89e4fb3f
[2022-02-08 21:46:49,260] {taskinstance.py:1426} INFO - Exporting the following env vars:
AIRFLOW_CTX_DAG_OWNER=***
AIRFLOW_CTX_DAG_ID=gcs_to_bq_dag
AIRFLOW_CTX_TASK_ID=gcs_2_bq_ext_task
AIRFLOW_CTX_EXECUTION_DATE=2022-02-07T00:00:00+00:00
AIRFLOW_CTX_DAG_RUN_ID=scheduled__2022-02-07T00:00:00+00:00
[2022-02-08 21:46:49,262] {crypto.py:82} WARNING - empty cryptography key - values will not be stored encrypted.
[2022-02-08 21:46:50,166] {taskinstance.py:1277} INFO - Marking task as SUCCESS. dag_id=gcs_to_bq_dag, task_id=gcs_2_bq_ext_task, execution_date=20220207T000000, start_date=20220208T214649, end_date=20220208T214650
[2022-02-08 21:46:50,212] {local_task_job.py:154} INFO - Task exited with return code 0
[2022-02-08 21:46:50,250] {local_task_job.py:264} INFO - 1 downstream tasks scheduled from follow-on schedule check
