[2022-02-09 09:26:30,985] {taskinstance.py:1032} INFO - Dependencies all met for <TaskInstance: gcs_to_bq_dag.gcs_2_bq_ext_task scheduled__2022-02-07T00:00:00+00:00 [queued]>
[2022-02-09 09:26:31,011] {taskinstance.py:1032} INFO - Dependencies all met for <TaskInstance: gcs_to_bq_dag.gcs_2_bq_ext_task scheduled__2022-02-07T00:00:00+00:00 [queued]>
[2022-02-09 09:26:31,013] {taskinstance.py:1238} INFO - 
--------------------------------------------------------------------------------
[2022-02-09 09:26:31,015] {taskinstance.py:1239} INFO - Starting attempt 5 of 6
[2022-02-09 09:26:31,017] {taskinstance.py:1240} INFO - 
--------------------------------------------------------------------------------
[2022-02-09 09:26:31,045] {taskinstance.py:1259} INFO - Executing <Task(BigQueryCreateExternalTableOperator): gcs_2_bq_ext_task> on 2022-02-07 00:00:00+00:00
[2022-02-09 09:26:31,056] {standard_task_runner.py:52} INFO - Started process 787 to run task
[2022-02-09 09:26:31,066] {standard_task_runner.py:76} INFO - Running: ['***', 'tasks', 'run', 'gcs_to_bq_dag', 'gcs_2_bq_ext_task', 'scheduled__2022-02-07T00:00:00+00:00', '--job-id', '1112', '--raw', '--subdir', 'DAGS_FOLDER/gcs_2_bq_dag.py', '--cfg-path', '/tmp/tmpeu_g13y2', '--error-file', '/tmp/tmpfqq2h6k2']
[2022-02-09 09:26:31,070] {standard_task_runner.py:77} INFO - Job 1112: Subtask gcs_2_bq_ext_task
[2022-02-09 09:26:31,218] {logging_mixin.py:109} INFO - Running <TaskInstance: gcs_to_bq_dag.gcs_2_bq_ext_task scheduled__2022-02-07T00:00:00+00:00 [running]> on host f4cde4687438
[2022-02-09 09:26:31,390] {taskinstance.py:1426} INFO - Exporting the following env vars:
AIRFLOW_CTX_DAG_OWNER=***
AIRFLOW_CTX_DAG_ID=gcs_to_bq_dag
AIRFLOW_CTX_TASK_ID=gcs_2_bq_ext_task
AIRFLOW_CTX_EXECUTION_DATE=2022-02-07T00:00:00+00:00
AIRFLOW_CTX_DAG_RUN_ID=scheduled__2022-02-07T00:00:00+00:00
[2022-02-09 09:26:31,396] {crypto.py:82} WARNING - empty cryptography key - values will not be stored encrypted.
[2022-02-09 09:26:32,438] {taskinstance.py:1277} INFO - Marking task as SUCCESS. dag_id=gcs_to_bq_dag, task_id=gcs_2_bq_ext_task, execution_date=20220207T000000, start_date=20220209T092630, end_date=20220209T092632
[2022-02-09 09:26:32,523] {local_task_job.py:154} INFO - Task exited with return code 0
[2022-02-09 09:26:32,611] {local_task_job.py:264} INFO - 1 downstream tasks scheduled from follow-on schedule check
