[2022-02-09 14:14:17,776] {taskinstance.py:1032} INFO - Dependencies all met for <TaskInstance: gcs_to_bq_dag.gcs_2_bq_ext_task scheduled__2022-02-07T00:00:00+00:00 [queued]>
[2022-02-09 14:14:17,789] {taskinstance.py:1032} INFO - Dependencies all met for <TaskInstance: gcs_to_bq_dag.gcs_2_bq_ext_task scheduled__2022-02-07T00:00:00+00:00 [queued]>
[2022-02-09 14:14:17,790] {taskinstance.py:1238} INFO - 
--------------------------------------------------------------------------------
[2022-02-09 14:14:17,791] {taskinstance.py:1239} INFO - Starting attempt 6 of 7
[2022-02-09 14:14:17,792] {taskinstance.py:1240} INFO - 
--------------------------------------------------------------------------------
[2022-02-09 14:14:17,804] {taskinstance.py:1259} INFO - Executing <Task(BigQueryCreateExternalTableOperator): gcs_2_bq_ext_task> on 2022-02-07 00:00:00+00:00
[2022-02-09 14:14:17,810] {standard_task_runner.py:52} INFO - Started process 1334 to run task
[2022-02-09 14:14:17,814] {standard_task_runner.py:76} INFO - Running: ['***', 'tasks', 'run', 'gcs_to_bq_dag', 'gcs_2_bq_ext_task', 'scheduled__2022-02-07T00:00:00+00:00', '--job-id', '1344', '--raw', '--subdir', 'DAGS_FOLDER/gcs_2_bq_dag.py', '--cfg-path', '/tmp/tmpd0gxcg2o', '--error-file', '/tmp/tmpsjowqbg9']
[2022-02-09 14:14:17,816] {standard_task_runner.py:77} INFO - Job 1344: Subtask gcs_2_bq_ext_task
[2022-02-09 14:14:17,881] {logging_mixin.py:109} INFO - Running <TaskInstance: gcs_to_bq_dag.gcs_2_bq_ext_task scheduled__2022-02-07T00:00:00+00:00 [running]> on host 57f53df750cc
[2022-02-09 14:14:17,938] {taskinstance.py:1426} INFO - Exporting the following env vars:
AIRFLOW_CTX_DAG_OWNER=***
AIRFLOW_CTX_DAG_ID=gcs_to_bq_dag
AIRFLOW_CTX_TASK_ID=gcs_2_bq_ext_task
AIRFLOW_CTX_EXECUTION_DATE=2022-02-07T00:00:00+00:00
AIRFLOW_CTX_DAG_RUN_ID=scheduled__2022-02-07T00:00:00+00:00
[2022-02-09 14:14:17,940] {crypto.py:82} WARNING - empty cryptography key - values will not be stored encrypted.
[2022-02-09 14:14:19,283] {taskinstance.py:1277} INFO - Marking task as SUCCESS. dag_id=gcs_to_bq_dag, task_id=gcs_2_bq_ext_task, execution_date=20220207T000000, start_date=20220209T141417, end_date=20220209T141419
[2022-02-09 14:14:19,868] {local_task_job.py:154} INFO - Task exited with return code 0
[2022-02-09 14:14:20,178] {local_task_job.py:264} INFO - 1 downstream tasks scheduled from follow-on schedule check
