[2022-02-09 14:35:05,784] {taskinstance.py:1032} INFO - Dependencies all met for <TaskInstance: gcs_to_bq_dag.move_green_tripdata_files_task scheduled__2022-02-08T00:00:00+00:00 [queued]>
[2022-02-09 14:35:05,794] {taskinstance.py:1032} INFO - Dependencies all met for <TaskInstance: gcs_to_bq_dag.move_green_tripdata_files_task scheduled__2022-02-08T00:00:00+00:00 [queued]>
[2022-02-09 14:35:05,795] {taskinstance.py:1238} INFO - 
--------------------------------------------------------------------------------
[2022-02-09 14:35:05,796] {taskinstance.py:1239} INFO - Starting attempt 1 of 2
[2022-02-09 14:35:05,797] {taskinstance.py:1240} INFO - 
--------------------------------------------------------------------------------
[2022-02-09 14:35:05,808] {taskinstance.py:1259} INFO - Executing <Task(GCSToGCSOperator): move_green_tripdata_files_task> on 2022-02-08 00:00:00+00:00
[2022-02-09 14:35:05,814] {standard_task_runner.py:52} INFO - Started process 2345 to run task
[2022-02-09 14:35:05,818] {standard_task_runner.py:76} INFO - Running: ['***', 'tasks', 'run', 'gcs_to_bq_dag', 'move_green_tripdata_files_task', 'scheduled__2022-02-08T00:00:00+00:00', '--job-id', '1362', '--raw', '--subdir', 'DAGS_FOLDER/gcs_2_bq_dag.py', '--cfg-path', '/tmp/tmpm0aymd1z', '--error-file', '/tmp/tmpoqdspjhg']
[2022-02-09 14:35:05,820] {standard_task_runner.py:77} INFO - Job 1362: Subtask move_green_tripdata_files_task
[2022-02-09 14:35:05,885] {logging_mixin.py:109} INFO - Running <TaskInstance: gcs_to_bq_dag.move_green_tripdata_files_task scheduled__2022-02-08T00:00:00+00:00 [running]> on host 57f53df750cc
[2022-02-09 14:35:05,941] {taskinstance.py:1426} INFO - Exporting the following env vars:
AIRFLOW_CTX_DAG_OWNER=***
AIRFLOW_CTX_DAG_ID=gcs_to_bq_dag
AIRFLOW_CTX_TASK_ID=move_green_tripdata_files_task
AIRFLOW_CTX_EXECUTION_DATE=2022-02-08T00:00:00+00:00
AIRFLOW_CTX_DAG_RUN_ID=scheduled__2022-02-08T00:00:00+00:00
[2022-02-09 14:35:05,945] {crypto.py:82} WARNING - empty cryptography key - values will not be stored encrypted.
[2022-02-09 14:35:05,946] {gcs_to_gcs.py:346} INFO - Delimiter ignored because wildcard is in prefix
[2022-02-09 14:35:06,288] {gcs_to_gcs.py:431} INFO - Executing copy of gs://dtc_data_lake_rational-aria-338717/raw/green_tripdata_2020-09.parquet to gs://dtc_data_lake_rational-aria-338717/green/2020-09.parquet
[2022-02-09 14:35:06,412] {gcs.py:251} INFO - Total Bytes: 1908712 | Bytes Written: 1908712
[2022-02-09 14:35:06,413] {gcs.py:264} INFO - Object raw/green_tripdata_2020-09.parquet in bucket dtc_data_lake_rational-aria-338717 rewritten to object green/2020-09.parquet in bucket dtc_data_lake_rational-aria-338717
[2022-02-09 14:35:06,414] {gcs_to_gcs.py:431} INFO - Executing copy of gs://dtc_data_lake_rational-aria-338717/raw/green_tripdata_2019-06.parquet to gs://dtc_data_lake_rational-aria-338717/green/2019-06.parquet
[2022-02-09 14:35:06,498] {gcs.py:251} INFO - Total Bytes: 9391176 | Bytes Written: 9391176
[2022-02-09 14:35:06,500] {gcs.py:264} INFO - Object raw/green_tripdata_2019-06.parquet in bucket dtc_data_lake_rational-aria-338717 rewritten to object green/2019-06.parquet in bucket dtc_data_lake_rational-aria-338717
[2022-02-09 14:35:06,500] {gcs_to_gcs.py:431} INFO - Executing copy of gs://dtc_data_lake_rational-aria-338717/raw/green_tripdata_2019-02.parquet to gs://dtc_data_lake_rational-aria-338717/green/2019-02.parquet
[2022-02-09 14:35:06,628] {gcs.py:251} INFO - Total Bytes: 11658265 | Bytes Written: 11658265
[2022-02-09 14:35:06,630] {gcs.py:264} INFO - Object raw/green_tripdata_2019-02.parquet in bucket dtc_data_lake_rational-aria-338717 rewritten to object green/2019-02.parquet in bucket dtc_data_lake_rational-aria-338717
[2022-02-09 14:35:06,633] {gcs_to_gcs.py:431} INFO - Executing copy of gs://dtc_data_lake_rational-aria-338717/raw/green_tripdata_2019-09.parquet to gs://dtc_data_lake_rational-aria-338717/green/2019-09.parquet
[2022-02-09 14:35:06,713] {gcs.py:251} INFO - Total Bytes: 9061270 | Bytes Written: 9061270
[2022-02-09 14:35:06,716] {gcs.py:264} INFO - Object raw/green_tripdata_2019-09.parquet in bucket dtc_data_lake_rational-aria-338717 rewritten to object green/2019-09.parquet in bucket dtc_data_lake_rational-aria-338717
[2022-02-09 14:35:06,719] {gcs_to_gcs.py:431} INFO - Executing copy of gs://dtc_data_lake_rational-aria-338717/raw/green_tripdata_2020-01.parquet to gs://dtc_data_lake_rational-aria-338717/green/2020-01.parquet
[2022-02-09 14:35:06,839] {gcs.py:251} INFO - Total Bytes: 8617732 | Bytes Written: 8617732
[2022-02-09 14:35:06,842] {gcs.py:264} INFO - Object raw/green_tripdata_2020-01.parquet in bucket dtc_data_lake_rational-aria-338717 rewritten to object green/2020-01.parquet in bucket dtc_data_lake_rational-aria-338717
[2022-02-09 14:35:06,844] {gcs_to_gcs.py:431} INFO - Executing copy of gs://dtc_data_lake_rational-aria-338717/raw/green_tripdata_2020-02.parquet to gs://dtc_data_lake_rational-aria-338717/green/2020-02.parquet
[2022-02-09 14:35:06,925] {gcs.py:251} INFO - Total Bytes: 7901266 | Bytes Written: 7901266
[2022-02-09 14:35:06,928] {gcs.py:264} INFO - Object raw/green_tripdata_2020-02.parquet in bucket dtc_data_lake_rational-aria-338717 rewritten to object green/2020-02.parquet in bucket dtc_data_lake_rational-aria-338717
[2022-02-09 14:35:06,930] {gcs_to_gcs.py:431} INFO - Executing copy of gs://dtc_data_lake_rational-aria-338717/raw/green_tripdata_2020-08.parquet to gs://dtc_data_lake_rational-aria-338717/green/2020-08.parquet
[2022-02-09 14:35:07,055] {gcs.py:251} INFO - Total Bytes: 1817418 | Bytes Written: 1817418
[2022-02-09 14:35:07,058] {gcs.py:264} INFO - Object raw/green_tripdata_2020-08.parquet in bucket dtc_data_lake_rational-aria-338717 rewritten to object green/2020-08.parquet in bucket dtc_data_lake_rational-aria-338717
[2022-02-09 14:35:07,060] {gcs_to_gcs.py:431} INFO - Executing copy of gs://dtc_data_lake_rational-aria-338717/raw/green_tripdata_2019-03.parquet to gs://dtc_data_lake_rational-aria-338717/green/2019-03.parquet
[2022-02-09 14:35:07,172] {gcs.py:251} INFO - Total Bytes: 12164779 | Bytes Written: 12164779
[2022-02-09 14:35:07,175] {gcs.py:264} INFO - Object raw/green_tripdata_2019-03.parquet in bucket dtc_data_lake_rational-aria-338717 rewritten to object green/2019-03.parquet in bucket dtc_data_lake_rational-aria-338717
[2022-02-09 14:35:07,177] {gcs_to_gcs.py:431} INFO - Executing copy of gs://dtc_data_lake_rational-aria-338717/raw/green_tripdata_2019-04.parquet to gs://dtc_data_lake_rational-aria-338717/green/2019-04.parquet
[2022-02-09 14:35:07,299] {gcs.py:251} INFO - Total Bytes: 10368300 | Bytes Written: 10368300
[2022-02-09 14:35:07,300] {gcs.py:264} INFO - Object raw/green_tripdata_2019-04.parquet in bucket dtc_data_lake_rational-aria-338717 rewritten to object green/2019-04.parquet in bucket dtc_data_lake_rational-aria-338717
[2022-02-09 14:35:07,301] {gcs_to_gcs.py:431} INFO - Executing copy of gs://dtc_data_lake_rational-aria-338717/raw/green_tripdata_2020-06.parquet to gs://dtc_data_lake_rational-aria-338717/green/2020-06.parquet
[2022-02-09 14:35:07,387] {gcs.py:251} INFO - Total Bytes: 1485409 | Bytes Written: 1485409
[2022-02-09 14:35:07,389] {gcs.py:264} INFO - Object raw/green_tripdata_2020-06.parquet in bucket dtc_data_lake_rational-aria-338717 rewritten to object green/2020-06.parquet in bucket dtc_data_lake_rational-aria-338717
[2022-02-09 14:35:07,390] {gcs_to_gcs.py:431} INFO - Executing copy of gs://dtc_data_lake_rational-aria-338717/raw/green_tripdata_2020-07.parquet to gs://dtc_data_lake_rational-aria-338717/green/2020-07.parquet
[2022-02-09 14:35:07,516] {gcs.py:251} INFO - Total Bytes: 1620411 | Bytes Written: 1620411
[2022-02-09 14:35:07,517] {gcs.py:264} INFO - Object raw/green_tripdata_2020-07.parquet in bucket dtc_data_lake_rational-aria-338717 rewritten to object green/2020-07.parquet in bucket dtc_data_lake_rational-aria-338717
[2022-02-09 14:35:07,518] {gcs_to_gcs.py:431} INFO - Executing copy of gs://dtc_data_lake_rational-aria-338717/raw/green_tripdata_2020-03.parquet to gs://dtc_data_lake_rational-aria-338717/green/2020-03.parquet
[2022-02-09 14:35:07,589] {gcs.py:251} INFO - Total Bytes: 4771177 | Bytes Written: 4771177
[2022-02-09 14:35:07,590] {gcs.py:264} INFO - Object raw/green_tripdata_2020-03.parquet in bucket dtc_data_lake_rational-aria-338717 rewritten to object green/2020-03.parquet in bucket dtc_data_lake_rational-aria-338717
[2022-02-09 14:35:07,591] {gcs_to_gcs.py:431} INFO - Executing copy of gs://dtc_data_lake_rational-aria-338717/raw/green_tripdata_2020-05.parquet to gs://dtc_data_lake_rational-aria-338717/green/2020-05.parquet
[2022-02-09 14:35:07,668] {gcs.py:251} INFO - Total Bytes: 1345963 | Bytes Written: 1345963
[2022-02-09 14:35:07,671] {gcs.py:264} INFO - Object raw/green_tripdata_2020-05.parquet in bucket dtc_data_lake_rational-aria-338717 rewritten to object green/2020-05.parquet in bucket dtc_data_lake_rational-aria-338717
[2022-02-09 14:35:07,676] {gcs_to_gcs.py:431} INFO - Executing copy of gs://dtc_data_lake_rational-aria-338717/raw/green_tripdata_2020-10.parquet to gs://dtc_data_lake_rational-aria-338717/green/2020-10.parquet
[2022-02-09 14:35:07,753] {gcs.py:251} INFO - Total Bytes: 2079420 | Bytes Written: 2079420
[2022-02-09 14:35:07,755] {gcs.py:264} INFO - Object raw/green_tripdata_2020-10.parquet in bucket dtc_data_lake_rational-aria-338717 rewritten to object green/2020-10.parquet in bucket dtc_data_lake_rational-aria-338717
[2022-02-09 14:35:07,757] {gcs_to_gcs.py:431} INFO - Executing copy of gs://dtc_data_lake_rational-aria-338717/raw/green_tripdata_2019-05.parquet to gs://dtc_data_lake_rational-aria-338717/green/2019-05.parquet
[2022-02-09 14:35:07,877] {gcs.py:251} INFO - Total Bytes: 10035406 | Bytes Written: 10035406
[2022-02-09 14:35:07,879] {gcs.py:264} INFO - Object raw/green_tripdata_2019-05.parquet in bucket dtc_data_lake_rational-aria-338717 rewritten to object green/2019-05.parquet in bucket dtc_data_lake_rational-aria-338717
[2022-02-09 14:35:07,880] {gcs_to_gcs.py:431} INFO - Executing copy of gs://dtc_data_lake_rational-aria-338717/raw/green_tripdata_2019-07.parquet to gs://dtc_data_lake_rational-aria-338717/green/2019-07.parquet
[2022-02-09 14:35:07,997] {gcs.py:251} INFO - Total Bytes: 9384301 | Bytes Written: 9384301
[2022-02-09 14:35:08,000] {gcs.py:264} INFO - Object raw/green_tripdata_2019-07.parquet in bucket dtc_data_lake_rational-aria-338717 rewritten to object green/2019-07.parquet in bucket dtc_data_lake_rational-aria-338717
[2022-02-09 14:35:08,002] {gcs_to_gcs.py:431} INFO - Executing copy of gs://dtc_data_lake_rational-aria-338717/raw/green_tripdata_2020-12.parquet to gs://dtc_data_lake_rational-aria-338717/green/2020-12.parquet
[2022-02-09 14:35:08,086] {gcs.py:251} INFO - Total Bytes: 1803610 | Bytes Written: 1803610
[2022-02-09 14:35:08,089] {gcs.py:264} INFO - Object raw/green_tripdata_2020-12.parquet in bucket dtc_data_lake_rational-aria-338717 rewritten to object green/2020-12.parquet in bucket dtc_data_lake_rational-aria-338717
[2022-02-09 14:35:08,091] {gcs_to_gcs.py:431} INFO - Executing copy of gs://dtc_data_lake_rational-aria-338717/raw/green_tripdata_2019-10.parquet to gs://dtc_data_lake_rational-aria-338717/green/2019-10.parquet
[2022-02-09 14:35:08,174] {gcs.py:251} INFO - Total Bytes: 9316472 | Bytes Written: 9316472
[2022-02-09 14:35:08,177] {gcs.py:264} INFO - Object raw/green_tripdata_2019-10.parquet in bucket dtc_data_lake_rational-aria-338717 rewritten to object green/2019-10.parquet in bucket dtc_data_lake_rational-aria-338717
[2022-02-09 14:35:08,179] {gcs_to_gcs.py:431} INFO - Executing copy of gs://dtc_data_lake_rational-aria-338717/raw/green_tripdata_2019-08.parquet to gs://dtc_data_lake_rational-aria-338717/green/2019-08.parquet
[2022-02-09 14:35:08,269] {gcs.py:251} INFO - Total Bytes: 8952875 | Bytes Written: 8952875
[2022-02-09 14:35:08,272] {gcs.py:264} INFO - Object raw/green_tripdata_2019-08.parquet in bucket dtc_data_lake_rational-aria-338717 rewritten to object green/2019-08.parquet in bucket dtc_data_lake_rational-aria-338717
[2022-02-09 14:35:08,277] {gcs_to_gcs.py:431} INFO - Executing copy of gs://dtc_data_lake_rational-aria-338717/raw/green_tripdata_2019-11.parquet to gs://dtc_data_lake_rational-aria-338717/green/2019-11.parquet
[2022-02-09 14:35:08,356] {gcs.py:251} INFO - Total Bytes: 8963549 | Bytes Written: 8963549
[2022-02-09 14:35:08,357] {gcs.py:264} INFO - Object raw/green_tripdata_2019-11.parquet in bucket dtc_data_lake_rational-aria-338717 rewritten to object green/2019-11.parquet in bucket dtc_data_lake_rational-aria-338717
[2022-02-09 14:35:08,358] {gcs_to_gcs.py:431} INFO - Executing copy of gs://dtc_data_lake_rational-aria-338717/raw/green_tripdata_2020-04.parquet to gs://dtc_data_lake_rational-aria-338717/green/2020-04.parquet
[2022-02-09 14:35:08,429] {gcs.py:251} INFO - Total Bytes: 885640 | Bytes Written: 885640
[2022-02-09 14:35:08,432] {gcs.py:264} INFO - Object raw/green_tripdata_2020-04.parquet in bucket dtc_data_lake_rational-aria-338717 rewritten to object green/2020-04.parquet in bucket dtc_data_lake_rational-aria-338717
[2022-02-09 14:35:08,434] {gcs_to_gcs.py:431} INFO - Executing copy of gs://dtc_data_lake_rational-aria-338717/raw/green_tripdata_2019-12.parquet to gs://dtc_data_lake_rational-aria-338717/green/2019-12.parquet
[2022-02-09 14:35:08,514] {gcs.py:251} INFO - Total Bytes: 8887392 | Bytes Written: 8887392
[2022-02-09 14:35:08,516] {gcs.py:264} INFO - Object raw/green_tripdata_2019-12.parquet in bucket dtc_data_lake_rational-aria-338717 rewritten to object green/2019-12.parquet in bucket dtc_data_lake_rational-aria-338717
[2022-02-09 14:35:08,518] {gcs_to_gcs.py:431} INFO - Executing copy of gs://dtc_data_lake_rational-aria-338717/raw/green_tripdata_2019-01.parquet to gs://dtc_data_lake_rational-aria-338717/green/2019-01.parquet
[2022-02-09 14:35:08,641] {gcs.py:251} INFO - Total Bytes: 12440451 | Bytes Written: 12440451
[2022-02-09 14:35:08,642] {gcs.py:264} INFO - Object raw/green_tripdata_2019-01.parquet in bucket dtc_data_lake_rational-aria-338717 rewritten to object green/2019-01.parquet in bucket dtc_data_lake_rational-aria-338717
[2022-02-09 14:35:08,643] {gcs_to_gcs.py:431} INFO - Executing copy of gs://dtc_data_lake_rational-aria-338717/raw/green_tripdata_2020-11.parquet to gs://dtc_data_lake_rational-aria-338717/green/2020-11.parquet
[2022-02-09 14:35:08,717] {gcs.py:251} INFO - Total Bytes: 1944133 | Bytes Written: 1944133
[2022-02-09 14:35:08,719] {gcs.py:264} INFO - Object raw/green_tripdata_2020-11.parquet in bucket dtc_data_lake_rational-aria-338717 rewritten to object green/2020-11.parquet in bucket dtc_data_lake_rational-aria-338717
[2022-02-09 14:35:08,737] {taskinstance.py:1277} INFO - Marking task as SUCCESS. dag_id=gcs_to_bq_dag, task_id=move_green_tripdata_files_task, execution_date=20220208T000000, start_date=20220209T143505, end_date=20220209T143508
[2022-02-09 14:35:08,771] {local_task_job.py:154} INFO - Task exited with return code 0
[2022-02-09 14:35:08,826] {local_task_job.py:264} INFO - 1 downstream tasks scheduled from follow-on schedule check
