[2022-02-08 17:46:22,992] {taskinstance.py:1032} INFO - Dependencies all met for <TaskInstance: gcs_to_bq_dag.gcs_2_gcs_task scheduled__2022-02-07T00:00:00+00:00 [queued]>
[2022-02-08 17:46:23,002] {taskinstance.py:1032} INFO - Dependencies all met for <TaskInstance: gcs_to_bq_dag.gcs_2_gcs_task scheduled__2022-02-07T00:00:00+00:00 [queued]>
[2022-02-08 17:46:23,003] {taskinstance.py:1238} INFO - 
--------------------------------------------------------------------------------
[2022-02-08 17:46:23,004] {taskinstance.py:1239} INFO - Starting attempt 24 of 25
[2022-02-08 17:46:23,005] {taskinstance.py:1240} INFO - 
--------------------------------------------------------------------------------
[2022-02-08 17:46:23,017] {taskinstance.py:1259} INFO - Executing <Task(GCSToGCSOperator): gcs_2_gcs_task> on 2022-02-07 00:00:00+00:00
[2022-02-08 17:46:23,023] {standard_task_runner.py:52} INFO - Started process 143 to run task
[2022-02-08 17:46:23,027] {standard_task_runner.py:76} INFO - Running: ['***', 'tasks', 'run', 'gcs_to_bq_dag', 'gcs_2_gcs_task', 'scheduled__2022-02-07T00:00:00+00:00', '--job-id', '735', '--raw', '--subdir', 'DAGS_FOLDER/gcs_2_bq_dag.py', '--cfg-path', '/tmp/tmpgf16bhgg', '--error-file', '/tmp/tmph40fvfhe']
[2022-02-08 17:46:23,028] {standard_task_runner.py:77} INFO - Job 735: Subtask gcs_2_gcs_task
[2022-02-08 17:46:23,093] {logging_mixin.py:109} INFO - Running <TaskInstance: gcs_to_bq_dag.gcs_2_gcs_task scheduled__2022-02-07T00:00:00+00:00 [running]> on host 96d203bed047
[2022-02-08 17:46:23,147] {taskinstance.py:1426} INFO - Exporting the following env vars:
AIRFLOW_CTX_DAG_OWNER=***
AIRFLOW_CTX_DAG_ID=gcs_to_bq_dag
AIRFLOW_CTX_TASK_ID=gcs_2_gcs_task
AIRFLOW_CTX_EXECUTION_DATE=2022-02-07T00:00:00+00:00
AIRFLOW_CTX_DAG_RUN_ID=scheduled__2022-02-07T00:00:00+00:00
[2022-02-08 17:46:23,150] {crypto.py:82} WARNING - empty cryptography key - values will not be stored encrypted.
[2022-02-08 17:46:23,151] {gcs_to_gcs.py:346} INFO - Delimiter ignored because wildcard is in prefix
[2022-02-08 17:46:23,616] {gcs_to_gcs.py:431} INFO - Executing copy of gs://dtc_data_lake_rational-aria-338717/raw/yellow_tripdata_2020-04.parquet to gs://dtc_data_lake_rational-aria-338717/yellow/yellow_tripdata_*.parquet2020-04.parquet
[2022-02-08 17:46:23,809] {gcs.py:251} INFO - Total Bytes: 5285861 | Bytes Written: 5285861
[2022-02-08 17:46:23,812] {gcs.py:264} INFO - Object raw/yellow_tripdata_2020-04.parquet in bucket dtc_data_lake_rational-aria-338717 rewritten to object yellow/yellow_tripdata_*.parquet2020-04.parquet in bucket dtc_data_lake_rational-aria-338717
[2022-02-08 17:46:23,900] {gcs.py:645} INFO - Blob raw/yellow_tripdata_2020-04.parquet deleted.
[2022-02-08 17:46:23,903] {gcs_to_gcs.py:431} INFO - Executing copy of gs://dtc_data_lake_rational-aria-338717/raw/yellow_tripdata_2020-05.parquet to gs://dtc_data_lake_rational-aria-338717/yellow/yellow_tripdata_*.parquet2020-05.parquet
[2022-02-08 17:46:24,089] {gcs.py:251} INFO - Total Bytes: 7436367 | Bytes Written: 7436367
[2022-02-08 17:46:24,092] {gcs.py:264} INFO - Object raw/yellow_tripdata_2020-05.parquet in bucket dtc_data_lake_rational-aria-338717 rewritten to object yellow/yellow_tripdata_*.parquet2020-05.parquet in bucket dtc_data_lake_rational-aria-338717
[2022-02-08 17:46:24,179] {gcs.py:645} INFO - Blob raw/yellow_tripdata_2020-05.parquet deleted.
[2022-02-08 17:46:24,181] {gcs_to_gcs.py:431} INFO - Executing copy of gs://dtc_data_lake_rational-aria-338717/raw/yellow_tripdata_2020-08.parquet to gs://dtc_data_lake_rational-aria-338717/yellow/yellow_tripdata_*.parquet2020-08.parquet
[2022-02-08 17:46:24,333] {gcs.py:251} INFO - Total Bytes: 19636193 | Bytes Written: 19636193
[2022-02-08 17:46:24,337] {gcs.py:264} INFO - Object raw/yellow_tripdata_2020-08.parquet in bucket dtc_data_lake_rational-aria-338717 rewritten to object yellow/yellow_tripdata_*.parquet2020-08.parquet in bucket dtc_data_lake_rational-aria-338717
[2022-02-08 17:46:24,412] {gcs.py:645} INFO - Blob raw/yellow_tripdata_2020-08.parquet deleted.
[2022-02-08 17:46:24,414] {gcs_to_gcs.py:431} INFO - Executing copy of gs://dtc_data_lake_rational-aria-338717/raw/yellow_tripdata_2020-03.parquet to gs://dtc_data_lake_rational-aria-338717/yellow/yellow_tripdata_*.parquet2020-03.parquet
[2022-02-08 17:46:24,535] {gcs.py:251} INFO - Total Bytes: 54378226 | Bytes Written: 54378226
[2022-02-08 17:46:24,536] {gcs.py:264} INFO - Object raw/yellow_tripdata_2020-03.parquet in bucket dtc_data_lake_rational-aria-338717 rewritten to object yellow/yellow_tripdata_*.parquet2020-03.parquet in bucket dtc_data_lake_rational-aria-338717
[2022-02-08 17:46:24,602] {gcs.py:645} INFO - Blob raw/yellow_tripdata_2020-03.parquet deleted.
[2022-02-08 17:46:24,604] {gcs_to_gcs.py:431} INFO - Executing copy of gs://dtc_data_lake_rational-aria-338717/raw/yellow_tripdata_2019-02.parquet to gs://dtc_data_lake_rational-aria-338717/yellow/yellow_tripdata_*.parquet2019-02.parquet
[2022-02-08 17:46:24,739] {gcs.py:251} INFO - Total Bytes: 128380769 | Bytes Written: 128380769
[2022-02-08 17:46:24,740] {gcs.py:264} INFO - Object raw/yellow_tripdata_2019-02.parquet in bucket dtc_data_lake_rational-aria-338717 rewritten to object yellow/yellow_tripdata_*.parquet2019-02.parquet in bucket dtc_data_lake_rational-aria-338717
[2022-02-08 17:46:24,811] {gcs.py:645} INFO - Blob raw/yellow_tripdata_2019-02.parquet deleted.
[2022-02-08 17:46:24,813] {gcs_to_gcs.py:431} INFO - Executing copy of gs://dtc_data_lake_rational-aria-338717/raw/yellow_tripdata_2020-02.parquet to gs://dtc_data_lake_rational-aria-338717/yellow/yellow_tripdata_*.parquet2020-02.parquet
[2022-02-08 17:46:24,968] {gcs.py:251} INFO - Total Bytes: 113958025 | Bytes Written: 113958025
[2022-02-08 17:46:24,973] {gcs.py:264} INFO - Object raw/yellow_tripdata_2020-02.parquet in bucket dtc_data_lake_rational-aria-338717 rewritten to object yellow/yellow_tripdata_*.parquet2020-02.parquet in bucket dtc_data_lake_rational-aria-338717
[2022-02-08 17:46:25,048] {gcs.py:645} INFO - Blob raw/yellow_tripdata_2020-02.parquet deleted.
[2022-02-08 17:46:25,050] {gcs_to_gcs.py:431} INFO - Executing copy of gs://dtc_data_lake_rational-aria-338717/raw/yellow_tripdata_2019-03.parquet to gs://dtc_data_lake_rational-aria-338717/yellow/yellow_tripdata_*.parquet2019-03.parquet
[2022-02-08 17:46:25,201] {gcs.py:251} INFO - Total Bytes: 144113501 | Bytes Written: 144113501
[2022-02-08 17:46:25,202] {gcs.py:264} INFO - Object raw/yellow_tripdata_2019-03.parquet in bucket dtc_data_lake_rational-aria-338717 rewritten to object yellow/yellow_tripdata_*.parquet2019-03.parquet in bucket dtc_data_lake_rational-aria-338717
[2022-02-08 17:46:25,267] {gcs.py:645} INFO - Blob raw/yellow_tripdata_2019-03.parquet deleted.
[2022-02-08 17:46:25,268] {gcs_to_gcs.py:431} INFO - Executing copy of gs://dtc_data_lake_rational-aria-338717/raw/yellow_tripdata_2019-10.parquet to gs://dtc_data_lake_rational-aria-338717/yellow/yellow_tripdata_*.parquet2019-10.parquet
[2022-02-08 17:46:25,421] {gcs.py:251} INFO - Total Bytes: 130950231 | Bytes Written: 130950231
[2022-02-08 17:46:25,423] {gcs.py:264} INFO - Object raw/yellow_tripdata_2019-10.parquet in bucket dtc_data_lake_rational-aria-338717 rewritten to object yellow/yellow_tripdata_*.parquet2019-10.parquet in bucket dtc_data_lake_rational-aria-338717
[2022-02-08 17:46:25,487] {gcs.py:645} INFO - Blob raw/yellow_tripdata_2019-10.parquet deleted.
[2022-02-08 17:46:25,488] {gcs_to_gcs.py:431} INFO - Executing copy of gs://dtc_data_lake_rational-aria-338717/raw/yellow_tripdata_2019-06.parquet to gs://dtc_data_lake_rational-aria-338717/yellow/yellow_tripdata_*.parquet2019-06.parquet
[2022-02-08 17:46:25,663] {gcs.py:251} INFO - Total Bytes: 126726779 | Bytes Written: 126726779
[2022-02-08 17:46:25,664] {gcs.py:264} INFO - Object raw/yellow_tripdata_2019-06.parquet in bucket dtc_data_lake_rational-aria-338717 rewritten to object yellow/yellow_tripdata_*.parquet2019-06.parquet in bucket dtc_data_lake_rational-aria-338717
[2022-02-08 17:46:25,731] {gcs.py:645} INFO - Blob raw/yellow_tripdata_2019-06.parquet deleted.
[2022-02-08 17:46:25,732] {gcs_to_gcs.py:431} INFO - Executing copy of gs://dtc_data_lake_rational-aria-338717/raw/yellow_tripdata_2020-01.parquet to gs://dtc_data_lake_rational-aria-338717/yellow/yellow_tripdata_*.parquet2020-01.parquet
[2022-02-08 17:46:25,865] {gcs.py:251} INFO - Total Bytes: 116228546 | Bytes Written: 116228546
[2022-02-08 17:46:25,866] {gcs.py:264} INFO - Object raw/yellow_tripdata_2020-01.parquet in bucket dtc_data_lake_rational-aria-338717 rewritten to object yellow/yellow_tripdata_*.parquet2020-01.parquet in bucket dtc_data_lake_rational-aria-338717
[2022-02-08 17:46:25,928] {gcs.py:645} INFO - Blob raw/yellow_tripdata_2020-01.parquet deleted.
[2022-02-08 17:46:25,929] {gcs_to_gcs.py:431} INFO - Executing copy of gs://dtc_data_lake_rational-aria-338717/raw/yellow_tripdata_2019-07.parquet to gs://dtc_data_lake_rational-aria-338717/yellow/yellow_tripdata_*.parquet2019-07.parquet
[2022-02-08 17:46:26,049] {gcs.py:251} INFO - Total Bytes: 115534598 | Bytes Written: 115534598
[2022-02-08 17:46:26,051] {gcs.py:264} INFO - Object raw/yellow_tripdata_2019-07.parquet in bucket dtc_data_lake_rational-aria-338717 rewritten to object yellow/yellow_tripdata_*.parquet2019-07.parquet in bucket dtc_data_lake_rational-aria-338717
[2022-02-08 17:46:26,137] {gcs.py:645} INFO - Blob raw/yellow_tripdata_2019-07.parquet deleted.
[2022-02-08 17:46:26,139] {gcs_to_gcs.py:431} INFO - Executing copy of gs://dtc_data_lake_rational-aria-338717/raw/yellow_tripdata_2019-12.parquet to gs://dtc_data_lake_rational-aria-338717/yellow/yellow_tripdata_*.parquet2019-12.parquet
[2022-02-08 17:46:26,280] {gcs.py:251} INFO - Total Bytes: 125360614 | Bytes Written: 125360614
[2022-02-08 17:46:26,281] {gcs.py:264} INFO - Object raw/yellow_tripdata_2019-12.parquet in bucket dtc_data_lake_rational-aria-338717 rewritten to object yellow/yellow_tripdata_*.parquet2019-12.parquet in bucket dtc_data_lake_rational-aria-338717
[2022-02-08 17:46:26,361] {gcs.py:645} INFO - Blob raw/yellow_tripdata_2019-12.parquet deleted.
[2022-02-08 17:46:26,362] {gcs_to_gcs.py:431} INFO - Executing copy of gs://dtc_data_lake_rational-aria-338717/raw/yellow_tripdata_2020-06.parquet to gs://dtc_data_lake_rational-aria-338717/yellow/yellow_tripdata_*.parquet2020-06.parquet
[2022-02-08 17:46:26,475] {gcs.py:251} INFO - Total Bytes: 11323874 | Bytes Written: 11323874
[2022-02-08 17:46:26,477] {gcs.py:264} INFO - Object raw/yellow_tripdata_2020-06.parquet in bucket dtc_data_lake_rational-aria-338717 rewritten to object yellow/yellow_tripdata_*.parquet2020-06.parquet in bucket dtc_data_lake_rational-aria-338717
[2022-02-08 17:46:26,538] {gcs.py:645} INFO - Blob raw/yellow_tripdata_2020-06.parquet deleted.
[2022-02-08 17:46:26,540] {gcs_to_gcs.py:431} INFO - Executing copy of gs://dtc_data_lake_rational-aria-338717/raw/yellow_tripdata_2020-10.parquet to gs://dtc_data_lake_rational-aria-338717/yellow/yellow_tripdata_*.parquet2020-10.parquet
[2022-02-08 17:46:26,651] {gcs.py:251} INFO - Total Bytes: 31572830 | Bytes Written: 31572830
[2022-02-08 17:46:26,652] {gcs.py:264} INFO - Object raw/yellow_tripdata_2020-10.parquet in bucket dtc_data_lake_rational-aria-338717 rewritten to object yellow/yellow_tripdata_*.parquet2020-10.parquet in bucket dtc_data_lake_rational-aria-338717
[2022-02-08 17:46:26,716] {gcs.py:645} INFO - Blob raw/yellow_tripdata_2020-10.parquet deleted.
[2022-02-08 17:46:26,717] {gcs_to_gcs.py:431} INFO - Executing copy of gs://dtc_data_lake_rational-aria-338717/raw/yellow_tripdata_2020-07.parquet to gs://dtc_data_lake_rational-aria-338717/yellow/yellow_tripdata_*.parquet2020-07.parquet
[2022-02-08 17:46:26,844] {gcs.py:251} INFO - Total Bytes: 15762125 | Bytes Written: 15762125
[2022-02-08 17:46:26,845] {gcs.py:264} INFO - Object raw/yellow_tripdata_2020-07.parquet in bucket dtc_data_lake_rational-aria-338717 rewritten to object yellow/yellow_tripdata_*.parquet2020-07.parquet in bucket dtc_data_lake_rational-aria-338717
[2022-02-08 17:46:26,913] {gcs.py:645} INFO - Blob raw/yellow_tripdata_2020-07.parquet deleted.
[2022-02-08 17:46:26,915] {gcs_to_gcs.py:431} INFO - Executing copy of gs://dtc_data_lake_rational-aria-338717/raw/yellow_tripdata_2019-08.parquet to gs://dtc_data_lake_rational-aria-338717/yellow/yellow_tripdata_*.parquet2019-08.parquet
[2022-02-08 17:46:27,051] {gcs.py:251} INFO - Total Bytes: 111332831 | Bytes Written: 111332831
[2022-02-08 17:46:27,053] {gcs.py:264} INFO - Object raw/yellow_tripdata_2019-08.parquet in bucket dtc_data_lake_rational-aria-338717 rewritten to object yellow/yellow_tripdata_*.parquet2019-08.parquet in bucket dtc_data_lake_rational-aria-338717
[2022-02-08 17:46:27,116] {gcs.py:645} INFO - Blob raw/yellow_tripdata_2019-08.parquet deleted.
[2022-02-08 17:46:27,118] {gcs_to_gcs.py:431} INFO - Executing copy of gs://dtc_data_lake_rational-aria-338717/raw/yellow_tripdata_2019-05.parquet to gs://dtc_data_lake_rational-aria-338717/yellow/yellow_tripdata_*.parquet2019-05.parquet
[2022-02-08 17:46:27,233] {gcs.py:251} INFO - Total Bytes: 137418656 | Bytes Written: 137418656
[2022-02-08 17:46:27,234] {gcs.py:264} INFO - Object raw/yellow_tripdata_2019-05.parquet in bucket dtc_data_lake_rational-aria-338717 rewritten to object yellow/yellow_tripdata_*.parquet2019-05.parquet in bucket dtc_data_lake_rational-aria-338717
[2022-02-08 17:46:27,296] {gcs.py:645} INFO - Blob raw/yellow_tripdata_2019-05.parquet deleted.
[2022-02-08 17:46:27,297] {gcs_to_gcs.py:431} INFO - Executing copy of gs://dtc_data_lake_rational-aria-338717/raw/yellow_tripdata_2019-11.parquet to gs://dtc_data_lake_rational-aria-338717/yellow/yellow_tripdata_*.parquet2019-11.parquet
[2022-02-08 17:46:27,433] {gcs.py:251} INFO - Total Bytes: 124810768 | Bytes Written: 124810768
[2022-02-08 17:46:27,434] {gcs.py:264} INFO - Object raw/yellow_tripdata_2019-11.parquet in bucket dtc_data_lake_rational-aria-338717 rewritten to object yellow/yellow_tripdata_*.parquet2019-11.parquet in bucket dtc_data_lake_rational-aria-338717
[2022-02-08 17:46:27,498] {gcs.py:645} INFO - Blob raw/yellow_tripdata_2019-11.parquet deleted.
[2022-02-08 17:46:27,499] {gcs_to_gcs.py:431} INFO - Executing copy of gs://dtc_data_lake_rational-aria-338717/raw/yellow_tripdata_2020-11.parquet to gs://dtc_data_lake_rational-aria-338717/yellow/yellow_tripdata_*.parquet2020-11.parquet
[2022-02-08 17:46:27,624] {gcs.py:251} INFO - Total Bytes: 28375709 | Bytes Written: 28375709
[2022-02-08 17:46:27,626] {gcs.py:264} INFO - Object raw/yellow_tripdata_2020-11.parquet in bucket dtc_data_lake_rational-aria-338717 rewritten to object yellow/yellow_tripdata_*.parquet2020-11.parquet in bucket dtc_data_lake_rational-aria-338717
[2022-02-08 17:46:27,693] {gcs.py:645} INFO - Blob raw/yellow_tripdata_2020-11.parquet deleted.
[2022-02-08 17:46:27,694] {gcs_to_gcs.py:431} INFO - Executing copy of gs://dtc_data_lake_rational-aria-338717/raw/yellow_tripdata_2019-04.parquet to gs://dtc_data_lake_rational-aria-338717/yellow/yellow_tripdata_*.parquet2019-04.parquet
[2022-02-08 17:46:27,825] {gcs.py:251} INFO - Total Bytes: 136706305 | Bytes Written: 136706305
[2022-02-08 17:46:27,826] {gcs.py:264} INFO - Object raw/yellow_tripdata_2019-04.parquet in bucket dtc_data_lake_rational-aria-338717 rewritten to object yellow/yellow_tripdata_*.parquet2019-04.parquet in bucket dtc_data_lake_rational-aria-338717
[2022-02-08 17:46:27,889] {gcs.py:645} INFO - Blob raw/yellow_tripdata_2019-04.parquet deleted.
[2022-02-08 17:46:27,892] {gcs_to_gcs.py:431} INFO - Executing copy of gs://dtc_data_lake_rational-aria-338717/raw/yellow_tripdata_2020-12.parquet to gs://dtc_data_lake_rational-aria-338717/yellow/yellow_tripdata_*.parquet2020-12.parquet
[2022-02-08 17:46:28,032] {gcs.py:251} INFO - Total Bytes: 27480890 | Bytes Written: 27480890
[2022-02-08 17:46:28,036] {gcs.py:264} INFO - Object raw/yellow_tripdata_2020-12.parquet in bucket dtc_data_lake_rational-aria-338717 rewritten to object yellow/yellow_tripdata_*.parquet2020-12.parquet in bucket dtc_data_lake_rational-aria-338717
[2022-02-08 17:46:28,104] {gcs.py:645} INFO - Blob raw/yellow_tripdata_2020-12.parquet deleted.
[2022-02-08 17:46:28,105] {gcs_to_gcs.py:431} INFO - Executing copy of gs://dtc_data_lake_rational-aria-338717/raw/yellow_tripdata_2019-01.parquet to gs://dtc_data_lake_rational-aria-338717/yellow/yellow_tripdata_*.parquet2019-01.parquet
[2022-02-08 17:46:28,228] {gcs.py:251} INFO - Total Bytes: 137625296 | Bytes Written: 137625296
[2022-02-08 17:46:28,231] {gcs.py:264} INFO - Object raw/yellow_tripdata_2019-01.parquet in bucket dtc_data_lake_rational-aria-338717 rewritten to object yellow/yellow_tripdata_*.parquet2019-01.parquet in bucket dtc_data_lake_rational-aria-338717
[2022-02-08 17:46:28,302] {gcs.py:645} INFO - Blob raw/yellow_tripdata_2019-01.parquet deleted.
[2022-02-08 17:46:28,305] {gcs_to_gcs.py:431} INFO - Executing copy of gs://dtc_data_lake_rational-aria-338717/raw/yellow_tripdata_2020-09.parquet to gs://dtc_data_lake_rational-aria-338717/yellow/yellow_tripdata_*.parquet2020-09.parquet
[2022-02-08 17:46:28,427] {gcs.py:251} INFO - Total Bytes: 25539450 | Bytes Written: 25539450
[2022-02-08 17:46:28,428] {gcs.py:264} INFO - Object raw/yellow_tripdata_2020-09.parquet in bucket dtc_data_lake_rational-aria-338717 rewritten to object yellow/yellow_tripdata_*.parquet2020-09.parquet in bucket dtc_data_lake_rational-aria-338717
[2022-02-08 17:46:28,493] {gcs.py:645} INFO - Blob raw/yellow_tripdata_2020-09.parquet deleted.
[2022-02-08 17:46:28,494] {gcs_to_gcs.py:431} INFO - Executing copy of gs://dtc_data_lake_rational-aria-338717/raw/yellow_tripdata_2019-09.parquet to gs://dtc_data_lake_rational-aria-338717/yellow/yellow_tripdata_*.parquet2019-09.parquet
[2022-02-08 17:46:28,620] {gcs.py:251} INFO - Total Bytes: 120286338 | Bytes Written: 120286338
[2022-02-08 17:46:28,623] {gcs.py:264} INFO - Object raw/yellow_tripdata_2019-09.parquet in bucket dtc_data_lake_rational-aria-338717 rewritten to object yellow/yellow_tripdata_*.parquet2019-09.parquet in bucket dtc_data_lake_rational-aria-338717
[2022-02-08 17:46:28,690] {gcs.py:645} INFO - Blob raw/yellow_tripdata_2019-09.parquet deleted.
[2022-02-08 17:46:28,704] {taskinstance.py:1277} INFO - Marking task as SUCCESS. dag_id=gcs_to_bq_dag, task_id=gcs_2_gcs_task, execution_date=20220207T000000, start_date=20220208T174622, end_date=20220208T174628
[2022-02-08 17:46:28,730] {local_task_job.py:154} INFO - Task exited with return code 0
[2022-02-08 17:46:28,762] {local_task_job.py:264} INFO - 0 downstream tasks scheduled from follow-on schedule check
