[2022-02-08 19:50:12,260] {taskinstance.py:1032} INFO - Dependencies all met for <TaskInstance: gcs_to_bq_dag.gcs_2_gcs_task scheduled__2022-02-07T00:00:00+00:00 [queued]>
[2022-02-08 19:50:12,276] {taskinstance.py:1032} INFO - Dependencies all met for <TaskInstance: gcs_to_bq_dag.gcs_2_gcs_task scheduled__2022-02-07T00:00:00+00:00 [queued]>
[2022-02-08 19:50:12,277] {taskinstance.py:1238} INFO - 
--------------------------------------------------------------------------------
[2022-02-08 19:50:12,279] {taskinstance.py:1239} INFO - Starting attempt 27 of 28
[2022-02-08 19:50:12,280] {taskinstance.py:1240} INFO - 
--------------------------------------------------------------------------------
[2022-02-08 19:50:12,297] {taskinstance.py:1259} INFO - Executing <Task(GCSToGCSOperator): gcs_2_gcs_task> on 2022-02-07 00:00:00+00:00
[2022-02-08 19:50:12,304] {standard_task_runner.py:52} INFO - Started process 219 to run task
[2022-02-08 19:50:12,309] {standard_task_runner.py:76} INFO - Running: ['***', 'tasks', 'run', 'gcs_to_bq_dag', 'gcs_2_gcs_task', 'scheduled__2022-02-07T00:00:00+00:00', '--job-id', '891', '--raw', '--subdir', 'DAGS_FOLDER/gcs_2_bq_dag.py', '--cfg-path', '/tmp/tmpyqtyrvs1', '--error-file', '/tmp/tmp8pdx6j2g']
[2022-02-08 19:50:12,310] {standard_task_runner.py:77} INFO - Job 891: Subtask gcs_2_gcs_task
[2022-02-08 19:50:12,378] {logging_mixin.py:109} INFO - Running <TaskInstance: gcs_to_bq_dag.gcs_2_gcs_task scheduled__2022-02-07T00:00:00+00:00 [running]> on host 01b7829e3ab1
[2022-02-08 19:50:12,436] {taskinstance.py:1426} INFO - Exporting the following env vars:
AIRFLOW_CTX_DAG_OWNER=***
AIRFLOW_CTX_DAG_ID=gcs_to_bq_dag
AIRFLOW_CTX_TASK_ID=gcs_2_gcs_task
AIRFLOW_CTX_EXECUTION_DATE=2022-02-07T00:00:00+00:00
AIRFLOW_CTX_DAG_RUN_ID=scheduled__2022-02-07T00:00:00+00:00
[2022-02-08 19:50:12,442] {crypto.py:82} WARNING - empty cryptography key - values will not be stored encrypted.
[2022-02-08 19:50:12,443] {gcs_to_gcs.py:346} INFO - Delimiter ignored because wildcard is in prefix
[2022-02-08 19:50:12,857] {taskinstance.py:1277} INFO - Marking task as SUCCESS. dag_id=gcs_to_bq_dag, task_id=gcs_2_gcs_task, execution_date=20220207T000000, start_date=20220208T195012, end_date=20220208T195012
[2022-02-08 19:50:12,890] {local_task_job.py:154} INFO - Task exited with return code 0
[2022-02-08 19:50:12,923] {local_task_job.py:264} INFO - 0 downstream tasks scheduled from follow-on schedule check
