[2022-02-08 21:30:06,145] {taskinstance.py:1032} INFO - Dependencies all met for <TaskInstance: gcs_to_bq_dag.gcs_2_gcs_task scheduled__2022-02-07T00:00:00+00:00 [queued]>
[2022-02-08 21:30:06,157] {taskinstance.py:1032} INFO - Dependencies all met for <TaskInstance: gcs_to_bq_dag.gcs_2_gcs_task scheduled__2022-02-07T00:00:00+00:00 [queued]>
[2022-02-08 21:30:06,158] {taskinstance.py:1238} INFO - 
--------------------------------------------------------------------------------
[2022-02-08 21:30:06,159] {taskinstance.py:1239} INFO - Starting attempt 28 of 29
[2022-02-08 21:30:06,160] {taskinstance.py:1240} INFO - 
--------------------------------------------------------------------------------
[2022-02-08 21:30:06,174] {taskinstance.py:1259} INFO - Executing <Task(GCSToGCSOperator): gcs_2_gcs_task> on 2022-02-07 00:00:00+00:00
[2022-02-08 21:30:06,182] {standard_task_runner.py:52} INFO - Started process 221 to run task
[2022-02-08 21:30:06,186] {standard_task_runner.py:76} INFO - Running: ['***', 'tasks', 'run', 'gcs_to_bq_dag', 'gcs_2_gcs_task', 'scheduled__2022-02-07T00:00:00+00:00', '--job-id', '992', '--raw', '--subdir', 'DAGS_FOLDER/gcs_2_bq_dag.py', '--cfg-path', '/tmp/tmp28uy2cnq', '--error-file', '/tmp/tmpfu_300d1']
[2022-02-08 21:30:06,189] {standard_task_runner.py:77} INFO - Job 992: Subtask gcs_2_gcs_task
[2022-02-08 21:30:06,260] {logging_mixin.py:109} INFO - Running <TaskInstance: gcs_to_bq_dag.gcs_2_gcs_task scheduled__2022-02-07T00:00:00+00:00 [running]> on host e62c89e4fb3f
[2022-02-08 21:30:06,330] {taskinstance.py:1426} INFO - Exporting the following env vars:
AIRFLOW_CTX_DAG_OWNER=***
AIRFLOW_CTX_DAG_ID=gcs_to_bq_dag
AIRFLOW_CTX_TASK_ID=gcs_2_gcs_task
AIRFLOW_CTX_EXECUTION_DATE=2022-02-07T00:00:00+00:00
AIRFLOW_CTX_DAG_RUN_ID=scheduled__2022-02-07T00:00:00+00:00
[2022-02-08 21:30:06,333] {crypto.py:82} WARNING - empty cryptography key - values will not be stored encrypted.
[2022-02-08 21:30:06,334] {gcs_to_gcs.py:346} INFO - Delimiter ignored because wildcard is in prefix
[2022-02-08 21:30:06,738] {gcs_to_gcs.py:431} INFO - Executing copy of gs://dtc_data_lake_rational-aria-338717/raw/yellow_tripdata_2020-02.parquet to gs://dtc_data_lake_rational-aria-338717/yellow/2020-02.parquet
[2022-02-08 21:30:06,878] {gcs.py:251} INFO - Total Bytes: 113958025 | Bytes Written: 113958025
[2022-02-08 21:30:06,881] {gcs.py:264} INFO - Object raw/yellow_tripdata_2020-02.parquet in bucket dtc_data_lake_rational-aria-338717 rewritten to object yellow/2020-02.parquet in bucket dtc_data_lake_rational-aria-338717
[2022-02-08 21:30:06,883] {gcs_to_gcs.py:431} INFO - Executing copy of gs://dtc_data_lake_rational-aria-338717/raw/yellow_tripdata_2019-09.parquet to gs://dtc_data_lake_rational-aria-338717/yellow/2019-09.parquet
[2022-02-08 21:30:06,973] {gcs.py:251} INFO - Total Bytes: 120286338 | Bytes Written: 120286338
[2022-02-08 21:30:06,975] {gcs.py:264} INFO - Object raw/yellow_tripdata_2019-09.parquet in bucket dtc_data_lake_rational-aria-338717 rewritten to object yellow/2019-09.parquet in bucket dtc_data_lake_rational-aria-338717
[2022-02-08 21:30:06,976] {gcs_to_gcs.py:431} INFO - Executing copy of gs://dtc_data_lake_rational-aria-338717/raw/yellow_tripdata_2019-01.parquet to gs://dtc_data_lake_rational-aria-338717/yellow/2019-01.parquet
[2022-02-08 21:30:07,086] {gcs.py:251} INFO - Total Bytes: 137625296 | Bytes Written: 137625296
[2022-02-08 21:30:07,088] {gcs.py:264} INFO - Object raw/yellow_tripdata_2019-01.parquet in bucket dtc_data_lake_rational-aria-338717 rewritten to object yellow/2019-01.parquet in bucket dtc_data_lake_rational-aria-338717
[2022-02-08 21:30:07,089] {gcs_to_gcs.py:431} INFO - Executing copy of gs://dtc_data_lake_rational-aria-338717/raw/yellow_tripdata_2019-10.parquet to gs://dtc_data_lake_rational-aria-338717/yellow/2019-10.parquet
[2022-02-08 21:30:07,243] {gcs.py:251} INFO - Total Bytes: 130950231 | Bytes Written: 130950231
[2022-02-08 21:30:07,244] {gcs.py:264} INFO - Object raw/yellow_tripdata_2019-10.parquet in bucket dtc_data_lake_rational-aria-338717 rewritten to object yellow/2019-10.parquet in bucket dtc_data_lake_rational-aria-338717
[2022-02-08 21:30:07,246] {gcs_to_gcs.py:431} INFO - Executing copy of gs://dtc_data_lake_rational-aria-338717/raw/yellow_tripdata_2020-05.parquet to gs://dtc_data_lake_rational-aria-338717/yellow/2020-05.parquet
[2022-02-08 21:30:07,361] {gcs.py:251} INFO - Total Bytes: 7436367 | Bytes Written: 7436367
[2022-02-08 21:30:07,362] {gcs.py:264} INFO - Object raw/yellow_tripdata_2020-05.parquet in bucket dtc_data_lake_rational-aria-338717 rewritten to object yellow/2020-05.parquet in bucket dtc_data_lake_rational-aria-338717
[2022-02-08 21:30:07,363] {gcs_to_gcs.py:431} INFO - Executing copy of gs://dtc_data_lake_rational-aria-338717/raw/yellow_tripdata_2019-07.parquet to gs://dtc_data_lake_rational-aria-338717/yellow/2019-07.parquet
[2022-02-08 21:30:07,445] {gcs.py:251} INFO - Total Bytes: 115534598 | Bytes Written: 115534598
[2022-02-08 21:30:07,446] {gcs.py:264} INFO - Object raw/yellow_tripdata_2019-07.parquet in bucket dtc_data_lake_rational-aria-338717 rewritten to object yellow/2019-07.parquet in bucket dtc_data_lake_rational-aria-338717
[2022-02-08 21:30:07,446] {gcs_to_gcs.py:431} INFO - Executing copy of gs://dtc_data_lake_rational-aria-338717/raw/yellow_tripdata_2019-04.parquet to gs://dtc_data_lake_rational-aria-338717/yellow/2019-04.parquet
[2022-02-08 21:30:07,582] {gcs.py:251} INFO - Total Bytes: 136706305 | Bytes Written: 136706305
[2022-02-08 21:30:07,583] {gcs.py:264} INFO - Object raw/yellow_tripdata_2019-04.parquet in bucket dtc_data_lake_rational-aria-338717 rewritten to object yellow/2019-04.parquet in bucket dtc_data_lake_rational-aria-338717
[2022-02-08 21:30:07,584] {gcs_to_gcs.py:431} INFO - Executing copy of gs://dtc_data_lake_rational-aria-338717/raw/yellow_tripdata_2019-05.parquet to gs://dtc_data_lake_rational-aria-338717/yellow/2019-05.parquet
[2022-02-08 21:30:07,666] {gcs.py:251} INFO - Total Bytes: 137418656 | Bytes Written: 137418656
[2022-02-08 21:30:07,667] {gcs.py:264} INFO - Object raw/yellow_tripdata_2019-05.parquet in bucket dtc_data_lake_rational-aria-338717 rewritten to object yellow/2019-05.parquet in bucket dtc_data_lake_rational-aria-338717
[2022-02-08 21:30:07,669] {gcs_to_gcs.py:431} INFO - Executing copy of gs://dtc_data_lake_rational-aria-338717/raw/yellow_tripdata_2019-06.parquet to gs://dtc_data_lake_rational-aria-338717/yellow/2019-06.parquet
[2022-02-08 21:30:07,789] {gcs.py:251} INFO - Total Bytes: 126726779 | Bytes Written: 126726779
[2022-02-08 21:30:07,790] {gcs.py:264} INFO - Object raw/yellow_tripdata_2019-06.parquet in bucket dtc_data_lake_rational-aria-338717 rewritten to object yellow/2019-06.parquet in bucket dtc_data_lake_rational-aria-338717
[2022-02-08 21:30:07,791] {gcs_to_gcs.py:431} INFO - Executing copy of gs://dtc_data_lake_rational-aria-338717/raw/yellow_tripdata_2020-08.parquet to gs://dtc_data_lake_rational-aria-338717/yellow/2020-08.parquet
[2022-02-08 21:30:07,938] {gcs.py:251} INFO - Total Bytes: 19636193 | Bytes Written: 19636193
[2022-02-08 21:30:07,939] {gcs.py:264} INFO - Object raw/yellow_tripdata_2020-08.parquet in bucket dtc_data_lake_rational-aria-338717 rewritten to object yellow/2020-08.parquet in bucket dtc_data_lake_rational-aria-338717
[2022-02-08 21:30:07,940] {gcs_to_gcs.py:431} INFO - Executing copy of gs://dtc_data_lake_rational-aria-338717/raw/yellow_tripdata_2020-12.parquet to gs://dtc_data_lake_rational-aria-338717/yellow/2020-12.parquet
[2022-02-08 21:30:08,088] {gcs.py:251} INFO - Total Bytes: 27480890 | Bytes Written: 27480890
[2022-02-08 21:30:08,089] {gcs.py:264} INFO - Object raw/yellow_tripdata_2020-12.parquet in bucket dtc_data_lake_rational-aria-338717 rewritten to object yellow/2020-12.parquet in bucket dtc_data_lake_rational-aria-338717
[2022-02-08 21:30:08,093] {gcs_to_gcs.py:431} INFO - Executing copy of gs://dtc_data_lake_rational-aria-338717/raw/yellow_tripdata_2020-11.parquet to gs://dtc_data_lake_rational-aria-338717/yellow/2020-11.parquet
[2022-02-08 21:30:08,177] {gcs.py:251} INFO - Total Bytes: 28375709 | Bytes Written: 28375709
[2022-02-08 21:30:08,178] {gcs.py:264} INFO - Object raw/yellow_tripdata_2020-11.parquet in bucket dtc_data_lake_rational-aria-338717 rewritten to object yellow/2020-11.parquet in bucket dtc_data_lake_rational-aria-338717
[2022-02-08 21:30:08,180] {gcs_to_gcs.py:431} INFO - Executing copy of gs://dtc_data_lake_rational-aria-338717/raw/yellow_tripdata_2019-08.parquet to gs://dtc_data_lake_rational-aria-338717/yellow/2019-08.parquet
[2022-02-08 21:30:08,316] {gcs.py:251} INFO - Total Bytes: 111332831 | Bytes Written: 111332831
[2022-02-08 21:30:08,317] {gcs.py:264} INFO - Object raw/yellow_tripdata_2019-08.parquet in bucket dtc_data_lake_rational-aria-338717 rewritten to object yellow/2019-08.parquet in bucket dtc_data_lake_rational-aria-338717
[2022-02-08 21:30:08,318] {gcs_to_gcs.py:431} INFO - Executing copy of gs://dtc_data_lake_rational-aria-338717/raw/yellow_tripdata_2019-03.parquet to gs://dtc_data_lake_rational-aria-338717/yellow/2019-03.parquet
[2022-02-08 21:30:08,406] {gcs.py:251} INFO - Total Bytes: 144113501 | Bytes Written: 144113501
[2022-02-08 21:30:08,408] {gcs.py:264} INFO - Object raw/yellow_tripdata_2019-03.parquet in bucket dtc_data_lake_rational-aria-338717 rewritten to object yellow/2019-03.parquet in bucket dtc_data_lake_rational-aria-338717
[2022-02-08 21:30:08,409] {gcs_to_gcs.py:431} INFO - Executing copy of gs://dtc_data_lake_rational-aria-338717/raw/yellow_tripdata_2019-12.parquet to gs://dtc_data_lake_rational-aria-338717/yellow/2019-12.parquet
[2022-02-08 21:30:08,550] {gcs.py:251} INFO - Total Bytes: 125360614 | Bytes Written: 125360614
[2022-02-08 21:30:08,551] {gcs.py:264} INFO - Object raw/yellow_tripdata_2019-12.parquet in bucket dtc_data_lake_rational-aria-338717 rewritten to object yellow/2019-12.parquet in bucket dtc_data_lake_rational-aria-338717
[2022-02-08 21:30:08,552] {gcs_to_gcs.py:431} INFO - Executing copy of gs://dtc_data_lake_rational-aria-338717/raw/yellow_tripdata_2019-11.parquet to gs://dtc_data_lake_rational-aria-338717/yellow/2019-11.parquet
[2022-02-08 21:30:08,692] {gcs.py:251} INFO - Total Bytes: 124810768 | Bytes Written: 124810768
[2022-02-08 21:30:08,693] {gcs.py:264} INFO - Object raw/yellow_tripdata_2019-11.parquet in bucket dtc_data_lake_rational-aria-338717 rewritten to object yellow/2019-11.parquet in bucket dtc_data_lake_rational-aria-338717
[2022-02-08 21:30:08,694] {gcs_to_gcs.py:431} INFO - Executing copy of gs://dtc_data_lake_rational-aria-338717/raw/yellow_tripdata_2020-03.parquet to gs://dtc_data_lake_rational-aria-338717/yellow/2020-03.parquet
[2022-02-08 21:30:08,815] {gcs.py:251} INFO - Total Bytes: 54378226 | Bytes Written: 54378226
[2022-02-08 21:30:08,821] {gcs.py:264} INFO - Object raw/yellow_tripdata_2020-03.parquet in bucket dtc_data_lake_rational-aria-338717 rewritten to object yellow/2020-03.parquet in bucket dtc_data_lake_rational-aria-338717
[2022-02-08 21:30:08,824] {gcs_to_gcs.py:431} INFO - Executing copy of gs://dtc_data_lake_rational-aria-338717/raw/yellow_tripdata_2020-09.parquet to gs://dtc_data_lake_rational-aria-338717/yellow/2020-09.parquet
[2022-02-08 21:30:08,916] {gcs.py:251} INFO - Total Bytes: 25539450 | Bytes Written: 25539450
[2022-02-08 21:30:08,918] {gcs.py:264} INFO - Object raw/yellow_tripdata_2020-09.parquet in bucket dtc_data_lake_rational-aria-338717 rewritten to object yellow/2020-09.parquet in bucket dtc_data_lake_rational-aria-338717
[2022-02-08 21:30:08,921] {gcs_to_gcs.py:431} INFO - Executing copy of gs://dtc_data_lake_rational-aria-338717/raw/yellow_tripdata_2020-06.parquet to gs://dtc_data_lake_rational-aria-338717/yellow/2020-06.parquet
[2022-02-08 21:30:09,056] {gcs.py:251} INFO - Total Bytes: 11323874 | Bytes Written: 11323874
[2022-02-08 21:30:09,058] {gcs.py:264} INFO - Object raw/yellow_tripdata_2020-06.parquet in bucket dtc_data_lake_rational-aria-338717 rewritten to object yellow/2020-06.parquet in bucket dtc_data_lake_rational-aria-338717
[2022-02-08 21:30:09,060] {gcs_to_gcs.py:431} INFO - Executing copy of gs://dtc_data_lake_rational-aria-338717/raw/yellow_tripdata_2020-07.parquet to gs://dtc_data_lake_rational-aria-338717/yellow/2020-07.parquet
[2022-02-08 21:30:09,211] {gcs.py:251} INFO - Total Bytes: 15762125 | Bytes Written: 15762125
[2022-02-08 21:30:09,212] {gcs.py:264} INFO - Object raw/yellow_tripdata_2020-07.parquet in bucket dtc_data_lake_rational-aria-338717 rewritten to object yellow/2020-07.parquet in bucket dtc_data_lake_rational-aria-338717
[2022-02-08 21:30:09,214] {gcs_to_gcs.py:431} INFO - Executing copy of gs://dtc_data_lake_rational-aria-338717/raw/yellow_tripdata_2020-01.parquet to gs://dtc_data_lake_rational-aria-338717/yellow/2020-01.parquet
[2022-02-08 21:30:09,299] {gcs.py:251} INFO - Total Bytes: 116228546 | Bytes Written: 116228546
[2022-02-08 21:30:09,300] {gcs.py:264} INFO - Object raw/yellow_tripdata_2020-01.parquet in bucket dtc_data_lake_rational-aria-338717 rewritten to object yellow/2020-01.parquet in bucket dtc_data_lake_rational-aria-338717
[2022-02-08 21:30:09,301] {gcs_to_gcs.py:431} INFO - Executing copy of gs://dtc_data_lake_rational-aria-338717/raw/yellow_tripdata_2020-10.parquet to gs://dtc_data_lake_rational-aria-338717/yellow/2020-10.parquet
[2022-02-08 21:30:09,377] {gcs.py:251} INFO - Total Bytes: 31572830 | Bytes Written: 31572830
[2022-02-08 21:30:09,379] {gcs.py:264} INFO - Object raw/yellow_tripdata_2020-10.parquet in bucket dtc_data_lake_rational-aria-338717 rewritten to object yellow/2020-10.parquet in bucket dtc_data_lake_rational-aria-338717
[2022-02-08 21:30:09,380] {gcs_to_gcs.py:431} INFO - Executing copy of gs://dtc_data_lake_rational-aria-338717/raw/yellow_tripdata_2020-04.parquet to gs://dtc_data_lake_rational-aria-338717/yellow/2020-04.parquet
[2022-02-08 21:30:09,499] {gcs.py:251} INFO - Total Bytes: 5285861 | Bytes Written: 5285861
[2022-02-08 21:30:09,502] {gcs.py:264} INFO - Object raw/yellow_tripdata_2020-04.parquet in bucket dtc_data_lake_rational-aria-338717 rewritten to object yellow/2020-04.parquet in bucket dtc_data_lake_rational-aria-338717
[2022-02-08 21:30:09,503] {gcs_to_gcs.py:431} INFO - Executing copy of gs://dtc_data_lake_rational-aria-338717/raw/yellow_tripdata_2019-02.parquet to gs://dtc_data_lake_rational-aria-338717/yellow/2019-02.parquet
[2022-02-08 21:30:09,595] {gcs.py:251} INFO - Total Bytes: 128380769 | Bytes Written: 128380769
[2022-02-08 21:30:09,596] {gcs.py:264} INFO - Object raw/yellow_tripdata_2019-02.parquet in bucket dtc_data_lake_rational-aria-338717 rewritten to object yellow/2019-02.parquet in bucket dtc_data_lake_rational-aria-338717
[2022-02-08 21:30:09,613] {taskinstance.py:1277} INFO - Marking task as SUCCESS. dag_id=gcs_to_bq_dag, task_id=gcs_2_gcs_task, execution_date=20220207T000000, start_date=20220208T213006, end_date=20220208T213009
[2022-02-08 21:30:09,673] {local_task_job.py:154} INFO - Task exited with return code 0
[2022-02-08 21:30:09,707] {local_task_job.py:264} INFO - 0 downstream tasks scheduled from follow-on schedule check
