[2022-02-08 21:40:55,433] {taskinstance.py:1032} INFO - Dependencies all met for <TaskInstance: gcs_to_bq_dag.gcs_2_gcs_task scheduled__2022-02-07T00:00:00+00:00 [queued]>
[2022-02-08 21:40:55,446] {taskinstance.py:1032} INFO - Dependencies all met for <TaskInstance: gcs_to_bq_dag.gcs_2_gcs_task scheduled__2022-02-07T00:00:00+00:00 [queued]>
[2022-02-08 21:40:55,447] {taskinstance.py:1238} INFO - 
--------------------------------------------------------------------------------
[2022-02-08 21:40:55,447] {taskinstance.py:1239} INFO - Starting attempt 31 of 32
[2022-02-08 21:40:55,448] {taskinstance.py:1240} INFO - 
--------------------------------------------------------------------------------
[2022-02-08 21:40:55,461] {taskinstance.py:1259} INFO - Executing <Task(GCSToGCSOperator): gcs_2_gcs_task> on 2022-02-07 00:00:00+00:00
[2022-02-08 21:40:55,470] {standard_task_runner.py:52} INFO - Started process 735 to run task
[2022-02-08 21:40:55,475] {standard_task_runner.py:76} INFO - Running: ['***', 'tasks', 'run', 'gcs_to_bq_dag', 'gcs_2_gcs_task', 'scheduled__2022-02-07T00:00:00+00:00', '--job-id', '997', '--raw', '--subdir', 'DAGS_FOLDER/gcs_2_bq_dag.py', '--cfg-path', '/tmp/tmpq131t9hu', '--error-file', '/tmp/tmpeuj4eeqb']
[2022-02-08 21:40:55,480] {standard_task_runner.py:77} INFO - Job 997: Subtask gcs_2_gcs_task
[2022-02-08 21:40:55,551] {logging_mixin.py:109} INFO - Running <TaskInstance: gcs_to_bq_dag.gcs_2_gcs_task scheduled__2022-02-07T00:00:00+00:00 [running]> on host e62c89e4fb3f
[2022-02-08 21:40:55,661] {taskinstance.py:1426} INFO - Exporting the following env vars:
AIRFLOW_CTX_DAG_OWNER=***
AIRFLOW_CTX_DAG_ID=gcs_to_bq_dag
AIRFLOW_CTX_TASK_ID=gcs_2_gcs_task
AIRFLOW_CTX_EXECUTION_DATE=2022-02-07T00:00:00+00:00
AIRFLOW_CTX_DAG_RUN_ID=scheduled__2022-02-07T00:00:00+00:00
[2022-02-08 21:40:55,664] {crypto.py:82} WARNING - empty cryptography key - values will not be stored encrypted.
[2022-02-08 21:40:55,667] {gcs_to_gcs.py:346} INFO - Delimiter ignored because wildcard is in prefix
[2022-02-08 21:40:56,053] {gcs_to_gcs.py:431} INFO - Executing copy of gs://dtc_data_lake_rational-aria-338717/raw/yellow_tripdata_2020-02.parquet to gs://dtc_data_lake_rational-aria-338717/yellow/2020-02.parquet
[2022-02-08 21:40:56,145] {gcs.py:251} INFO - Total Bytes: 113958025 | Bytes Written: 113958025
[2022-02-08 21:40:56,146] {gcs.py:264} INFO - Object raw/yellow_tripdata_2020-02.parquet in bucket dtc_data_lake_rational-aria-338717 rewritten to object yellow/2020-02.parquet in bucket dtc_data_lake_rational-aria-338717
[2022-02-08 21:40:56,148] {gcs_to_gcs.py:431} INFO - Executing copy of gs://dtc_data_lake_rational-aria-338717/raw/yellow_tripdata_2019-09.parquet to gs://dtc_data_lake_rational-aria-338717/yellow/2019-09.parquet
[2022-02-08 21:40:56,296] {gcs.py:251} INFO - Total Bytes: 120286338 | Bytes Written: 120286338
[2022-02-08 21:40:56,297] {gcs.py:264} INFO - Object raw/yellow_tripdata_2019-09.parquet in bucket dtc_data_lake_rational-aria-338717 rewritten to object yellow/2019-09.parquet in bucket dtc_data_lake_rational-aria-338717
[2022-02-08 21:40:56,299] {gcs_to_gcs.py:431} INFO - Executing copy of gs://dtc_data_lake_rational-aria-338717/raw/yellow_tripdata_2019-01.parquet to gs://dtc_data_lake_rational-aria-338717/yellow/2019-01.parquet
[2022-02-08 21:40:56,487] {gcs.py:251} INFO - Total Bytes: 137625296 | Bytes Written: 137625296
[2022-02-08 21:40:56,488] {gcs.py:264} INFO - Object raw/yellow_tripdata_2019-01.parquet in bucket dtc_data_lake_rational-aria-338717 rewritten to object yellow/2019-01.parquet in bucket dtc_data_lake_rational-aria-338717
[2022-02-08 21:40:56,489] {gcs_to_gcs.py:431} INFO - Executing copy of gs://dtc_data_lake_rational-aria-338717/raw/yellow_tripdata_2019-10.parquet to gs://dtc_data_lake_rational-aria-338717/yellow/2019-10.parquet
[2022-02-08 21:40:56,608] {gcs.py:251} INFO - Total Bytes: 130950231 | Bytes Written: 130950231
[2022-02-08 21:40:56,609] {gcs.py:264} INFO - Object raw/yellow_tripdata_2019-10.parquet in bucket dtc_data_lake_rational-aria-338717 rewritten to object yellow/2019-10.parquet in bucket dtc_data_lake_rational-aria-338717
[2022-02-08 21:40:56,611] {gcs_to_gcs.py:431} INFO - Executing copy of gs://dtc_data_lake_rational-aria-338717/raw/yellow_tripdata_2020-05.parquet to gs://dtc_data_lake_rational-aria-338717/yellow/2020-05.parquet
[2022-02-08 21:40:56,719] {gcs.py:251} INFO - Total Bytes: 7436367 | Bytes Written: 7436367
[2022-02-08 21:40:56,721] {gcs.py:264} INFO - Object raw/yellow_tripdata_2020-05.parquet in bucket dtc_data_lake_rational-aria-338717 rewritten to object yellow/2020-05.parquet in bucket dtc_data_lake_rational-aria-338717
[2022-02-08 21:40:56,723] {gcs_to_gcs.py:431} INFO - Executing copy of gs://dtc_data_lake_rational-aria-338717/raw/yellow_tripdata_2019-07.parquet to gs://dtc_data_lake_rational-aria-338717/yellow/2019-07.parquet
[2022-02-08 21:40:56,847] {gcs.py:251} INFO - Total Bytes: 115534598 | Bytes Written: 115534598
[2022-02-08 21:40:56,848] {gcs.py:264} INFO - Object raw/yellow_tripdata_2019-07.parquet in bucket dtc_data_lake_rational-aria-338717 rewritten to object yellow/2019-07.parquet in bucket dtc_data_lake_rational-aria-338717
[2022-02-08 21:40:56,849] {gcs_to_gcs.py:431} INFO - Executing copy of gs://dtc_data_lake_rational-aria-338717/raw/yellow_tripdata_2019-04.parquet to gs://dtc_data_lake_rational-aria-338717/yellow/2019-04.parquet
[2022-02-08 21:40:57,005] {gcs.py:251} INFO - Total Bytes: 136706305 | Bytes Written: 136706305
[2022-02-08 21:40:57,006] {gcs.py:264} INFO - Object raw/yellow_tripdata_2019-04.parquet in bucket dtc_data_lake_rational-aria-338717 rewritten to object yellow/2019-04.parquet in bucket dtc_data_lake_rational-aria-338717
[2022-02-08 21:40:57,007] {gcs_to_gcs.py:431} INFO - Executing copy of gs://dtc_data_lake_rational-aria-338717/raw/yellow_tripdata_2019-05.parquet to gs://dtc_data_lake_rational-aria-338717/yellow/2019-05.parquet
[2022-02-08 21:40:57,145] {gcs.py:251} INFO - Total Bytes: 137418656 | Bytes Written: 137418656
[2022-02-08 21:40:57,146] {gcs.py:264} INFO - Object raw/yellow_tripdata_2019-05.parquet in bucket dtc_data_lake_rational-aria-338717 rewritten to object yellow/2019-05.parquet in bucket dtc_data_lake_rational-aria-338717
[2022-02-08 21:40:57,147] {gcs_to_gcs.py:431} INFO - Executing copy of gs://dtc_data_lake_rational-aria-338717/raw/yellow_tripdata_2019-06.parquet to gs://dtc_data_lake_rational-aria-338717/yellow/2019-06.parquet
[2022-02-08 21:40:57,275] {gcs.py:251} INFO - Total Bytes: 126726779 | Bytes Written: 126726779
[2022-02-08 21:40:57,284] {gcs.py:264} INFO - Object raw/yellow_tripdata_2019-06.parquet in bucket dtc_data_lake_rational-aria-338717 rewritten to object yellow/2019-06.parquet in bucket dtc_data_lake_rational-aria-338717
[2022-02-08 21:40:57,285] {gcs_to_gcs.py:431} INFO - Executing copy of gs://dtc_data_lake_rational-aria-338717/raw/yellow_tripdata_2020-08.parquet to gs://dtc_data_lake_rational-aria-338717/yellow/2020-08.parquet
[2022-02-08 21:40:57,399] {gcs.py:251} INFO - Total Bytes: 19636193 | Bytes Written: 19636193
[2022-02-08 21:40:57,401] {gcs.py:264} INFO - Object raw/yellow_tripdata_2020-08.parquet in bucket dtc_data_lake_rational-aria-338717 rewritten to object yellow/2020-08.parquet in bucket dtc_data_lake_rational-aria-338717
[2022-02-08 21:40:57,402] {gcs_to_gcs.py:431} INFO - Executing copy of gs://dtc_data_lake_rational-aria-338717/raw/yellow_tripdata_2020-12.parquet to gs://dtc_data_lake_rational-aria-338717/yellow/2020-12.parquet
[2022-02-08 21:40:57,527] {gcs.py:251} INFO - Total Bytes: 27480890 | Bytes Written: 27480890
[2022-02-08 21:40:57,528] {gcs.py:264} INFO - Object raw/yellow_tripdata_2020-12.parquet in bucket dtc_data_lake_rational-aria-338717 rewritten to object yellow/2020-12.parquet in bucket dtc_data_lake_rational-aria-338717
[2022-02-08 21:40:57,529] {gcs_to_gcs.py:431} INFO - Executing copy of gs://dtc_data_lake_rational-aria-338717/raw/yellow_tripdata_2020-11.parquet to gs://dtc_data_lake_rational-aria-338717/yellow/2020-11.parquet
[2022-02-08 21:40:57,611] {gcs.py:251} INFO - Total Bytes: 28375709 | Bytes Written: 28375709
[2022-02-08 21:40:57,613] {gcs.py:264} INFO - Object raw/yellow_tripdata_2020-11.parquet in bucket dtc_data_lake_rational-aria-338717 rewritten to object yellow/2020-11.parquet in bucket dtc_data_lake_rational-aria-338717
[2022-02-08 21:40:57,615] {gcs_to_gcs.py:431} INFO - Executing copy of gs://dtc_data_lake_rational-aria-338717/raw/yellow_tripdata_2019-08.parquet to gs://dtc_data_lake_rational-aria-338717/yellow/2019-08.parquet
[2022-02-08 21:40:57,726] {gcs.py:251} INFO - Total Bytes: 111332831 | Bytes Written: 111332831
[2022-02-08 21:40:57,727] {gcs.py:264} INFO - Object raw/yellow_tripdata_2019-08.parquet in bucket dtc_data_lake_rational-aria-338717 rewritten to object yellow/2019-08.parquet in bucket dtc_data_lake_rational-aria-338717
[2022-02-08 21:40:57,729] {gcs_to_gcs.py:431} INFO - Executing copy of gs://dtc_data_lake_rational-aria-338717/raw/yellow_tripdata_2019-03.parquet to gs://dtc_data_lake_rational-aria-338717/yellow/2019-03.parquet
[2022-02-08 21:40:57,840] {gcs.py:251} INFO - Total Bytes: 144113501 | Bytes Written: 144113501
[2022-02-08 21:40:57,842] {gcs.py:264} INFO - Object raw/yellow_tripdata_2019-03.parquet in bucket dtc_data_lake_rational-aria-338717 rewritten to object yellow/2019-03.parquet in bucket dtc_data_lake_rational-aria-338717
[2022-02-08 21:40:57,844] {gcs_to_gcs.py:431} INFO - Executing copy of gs://dtc_data_lake_rational-aria-338717/raw/yellow_tripdata_2019-12.parquet to gs://dtc_data_lake_rational-aria-338717/yellow/2019-12.parquet
[2022-02-08 21:40:57,975] {gcs.py:251} INFO - Total Bytes: 125360614 | Bytes Written: 125360614
[2022-02-08 21:40:57,976] {gcs.py:264} INFO - Object raw/yellow_tripdata_2019-12.parquet in bucket dtc_data_lake_rational-aria-338717 rewritten to object yellow/2019-12.parquet in bucket dtc_data_lake_rational-aria-338717
[2022-02-08 21:40:57,978] {gcs_to_gcs.py:431} INFO - Executing copy of gs://dtc_data_lake_rational-aria-338717/raw/yellow_tripdata_2019-11.parquet to gs://dtc_data_lake_rational-aria-338717/yellow/2019-11.parquet
[2022-02-08 21:40:58,114] {gcs.py:251} INFO - Total Bytes: 124810768 | Bytes Written: 124810768
[2022-02-08 21:40:58,115] {gcs.py:264} INFO - Object raw/yellow_tripdata_2019-11.parquet in bucket dtc_data_lake_rational-aria-338717 rewritten to object yellow/2019-11.parquet in bucket dtc_data_lake_rational-aria-338717
[2022-02-08 21:40:58,116] {gcs_to_gcs.py:431} INFO - Executing copy of gs://dtc_data_lake_rational-aria-338717/raw/yellow_tripdata_2020-03.parquet to gs://dtc_data_lake_rational-aria-338717/yellow/2020-03.parquet
[2022-02-08 21:40:58,224] {gcs.py:251} INFO - Total Bytes: 54378226 | Bytes Written: 54378226
[2022-02-08 21:40:58,226] {gcs.py:264} INFO - Object raw/yellow_tripdata_2020-03.parquet in bucket dtc_data_lake_rational-aria-338717 rewritten to object yellow/2020-03.parquet in bucket dtc_data_lake_rational-aria-338717
[2022-02-08 21:40:58,227] {gcs_to_gcs.py:431} INFO - Executing copy of gs://dtc_data_lake_rational-aria-338717/raw/yellow_tripdata_2020-09.parquet to gs://dtc_data_lake_rational-aria-338717/yellow/2020-09.parquet
[2022-02-08 21:40:58,388] {gcs.py:251} INFO - Total Bytes: 25539450 | Bytes Written: 25539450
[2022-02-08 21:40:58,392] {gcs.py:264} INFO - Object raw/yellow_tripdata_2020-09.parquet in bucket dtc_data_lake_rational-aria-338717 rewritten to object yellow/2020-09.parquet in bucket dtc_data_lake_rational-aria-338717
[2022-02-08 21:40:58,395] {gcs_to_gcs.py:431} INFO - Executing copy of gs://dtc_data_lake_rational-aria-338717/raw/yellow_tripdata_2020-06.parquet to gs://dtc_data_lake_rational-aria-338717/yellow/2020-06.parquet
[2022-02-08 21:40:58,533] {gcs.py:251} INFO - Total Bytes: 11323874 | Bytes Written: 11323874
[2022-02-08 21:40:58,535] {gcs.py:264} INFO - Object raw/yellow_tripdata_2020-06.parquet in bucket dtc_data_lake_rational-aria-338717 rewritten to object yellow/2020-06.parquet in bucket dtc_data_lake_rational-aria-338717
[2022-02-08 21:40:58,536] {gcs_to_gcs.py:431} INFO - Executing copy of gs://dtc_data_lake_rational-aria-338717/raw/yellow_tripdata_2020-07.parquet to gs://dtc_data_lake_rational-aria-338717/yellow/2020-07.parquet
[2022-02-08 21:40:58,657] {gcs.py:251} INFO - Total Bytes: 15762125 | Bytes Written: 15762125
[2022-02-08 21:40:58,658] {gcs.py:264} INFO - Object raw/yellow_tripdata_2020-07.parquet in bucket dtc_data_lake_rational-aria-338717 rewritten to object yellow/2020-07.parquet in bucket dtc_data_lake_rational-aria-338717
[2022-02-08 21:40:58,660] {gcs_to_gcs.py:431} INFO - Executing copy of gs://dtc_data_lake_rational-aria-338717/raw/yellow_tripdata_2020-01.parquet to gs://dtc_data_lake_rational-aria-338717/yellow/2020-01.parquet
[2022-02-08 21:40:58,771] {gcs.py:251} INFO - Total Bytes: 116228546 | Bytes Written: 116228546
[2022-02-08 21:40:58,775] {gcs.py:264} INFO - Object raw/yellow_tripdata_2020-01.parquet in bucket dtc_data_lake_rational-aria-338717 rewritten to object yellow/2020-01.parquet in bucket dtc_data_lake_rational-aria-338717
[2022-02-08 21:40:58,778] {gcs_to_gcs.py:431} INFO - Executing copy of gs://dtc_data_lake_rational-aria-338717/raw/yellow_tripdata_2020-10.parquet to gs://dtc_data_lake_rational-aria-338717/yellow/2020-10.parquet
[2022-02-08 21:40:58,896] {gcs.py:251} INFO - Total Bytes: 31572830 | Bytes Written: 31572830
[2022-02-08 21:40:58,897] {gcs.py:264} INFO - Object raw/yellow_tripdata_2020-10.parquet in bucket dtc_data_lake_rational-aria-338717 rewritten to object yellow/2020-10.parquet in bucket dtc_data_lake_rational-aria-338717
[2022-02-08 21:40:58,898] {gcs_to_gcs.py:431} INFO - Executing copy of gs://dtc_data_lake_rational-aria-338717/raw/yellow_tripdata_2020-04.parquet to gs://dtc_data_lake_rational-aria-338717/yellow/2020-04.parquet
[2022-02-08 21:40:59,028] {gcs.py:251} INFO - Total Bytes: 5285861 | Bytes Written: 5285861
[2022-02-08 21:40:59,030] {gcs.py:264} INFO - Object raw/yellow_tripdata_2020-04.parquet in bucket dtc_data_lake_rational-aria-338717 rewritten to object yellow/2020-04.parquet in bucket dtc_data_lake_rational-aria-338717
[2022-02-08 21:40:59,032] {gcs_to_gcs.py:431} INFO - Executing copy of gs://dtc_data_lake_rational-aria-338717/raw/yellow_tripdata_2019-02.parquet to gs://dtc_data_lake_rational-aria-338717/yellow/2019-02.parquet
[2022-02-08 21:40:59,119] {gcs.py:251} INFO - Total Bytes: 128380769 | Bytes Written: 128380769
[2022-02-08 21:40:59,120] {gcs.py:264} INFO - Object raw/yellow_tripdata_2019-02.parquet in bucket dtc_data_lake_rational-aria-338717 rewritten to object yellow/2019-02.parquet in bucket dtc_data_lake_rational-aria-338717
[2022-02-08 21:40:59,139] {taskinstance.py:1277} INFO - Marking task as SUCCESS. dag_id=gcs_to_bq_dag, task_id=gcs_2_gcs_task, execution_date=20220207T000000, start_date=20220208T214055, end_date=20220208T214059
[2022-02-08 21:40:59,211] {local_task_job.py:154} INFO - Task exited with return code 0
[2022-02-08 21:40:59,258] {dagrun.py:628} WARNING - Failed to get task '<TaskInstance: gcs_to_bq_dag.bq_create_partition_table scheduled__2022-02-07T00:00:00+00:00 [removed]>' for dag 'gcs_to_bq_dag'. Marking it as removed.
[2022-02-08 21:40:59,264] {local_task_job.py:264} INFO - 1 downstream tasks scheduled from follow-on schedule check
