[2022-02-08 21:46:43,755] {taskinstance.py:1032} INFO - Dependencies all met for <TaskInstance: gcs_to_bq_dag.gcs_2_gcs_task scheduled__2022-02-07T00:00:00+00:00 [queued]>
[2022-02-08 21:46:43,767] {taskinstance.py:1032} INFO - Dependencies all met for <TaskInstance: gcs_to_bq_dag.gcs_2_gcs_task scheduled__2022-02-07T00:00:00+00:00 [queued]>
[2022-02-08 21:46:43,768] {taskinstance.py:1238} INFO - 
--------------------------------------------------------------------------------
[2022-02-08 21:46:43,769] {taskinstance.py:1239} INFO - Starting attempt 32 of 33
[2022-02-08 21:46:43,769] {taskinstance.py:1240} INFO - 
--------------------------------------------------------------------------------
[2022-02-08 21:46:43,783] {taskinstance.py:1259} INFO - Executing <Task(GCSToGCSOperator): gcs_2_gcs_task> on 2022-02-07 00:00:00+00:00
[2022-02-08 21:46:43,790] {standard_task_runner.py:52} INFO - Started process 1022 to run task
[2022-02-08 21:46:43,794] {standard_task_runner.py:76} INFO - Running: ['***', 'tasks', 'run', 'gcs_to_bq_dag', 'gcs_2_gcs_task', 'scheduled__2022-02-07T00:00:00+00:00', '--job-id', '999', '--raw', '--subdir', 'DAGS_FOLDER/gcs_2_bq_dag.py', '--cfg-path', '/tmp/tmp8d_foygs', '--error-file', '/tmp/tmpfocm92hq']
[2022-02-08 21:46:43,796] {standard_task_runner.py:77} INFO - Job 999: Subtask gcs_2_gcs_task
[2022-02-08 21:46:43,860] {logging_mixin.py:109} INFO - Running <TaskInstance: gcs_to_bq_dag.gcs_2_gcs_task scheduled__2022-02-07T00:00:00+00:00 [running]> on host e62c89e4fb3f
[2022-02-08 21:46:43,920] {taskinstance.py:1426} INFO - Exporting the following env vars:
AIRFLOW_CTX_DAG_OWNER=***
AIRFLOW_CTX_DAG_ID=gcs_to_bq_dag
AIRFLOW_CTX_TASK_ID=gcs_2_gcs_task
AIRFLOW_CTX_EXECUTION_DATE=2022-02-07T00:00:00+00:00
AIRFLOW_CTX_DAG_RUN_ID=scheduled__2022-02-07T00:00:00+00:00
[2022-02-08 21:46:43,922] {crypto.py:82} WARNING - empty cryptography key - values will not be stored encrypted.
[2022-02-08 21:46:43,923] {gcs_to_gcs.py:346} INFO - Delimiter ignored because wildcard is in prefix
[2022-02-08 21:46:44,264] {gcs_to_gcs.py:431} INFO - Executing copy of gs://dtc_data_lake_rational-aria-338717/raw/yellow_tripdata_2020-02.parquet to gs://dtc_data_lake_rational-aria-338717/yellow/2020-02.parquet
[2022-02-08 21:46:44,397] {gcs.py:251} INFO - Total Bytes: 113958025 | Bytes Written: 113958025
[2022-02-08 21:46:44,398] {gcs.py:264} INFO - Object raw/yellow_tripdata_2020-02.parquet in bucket dtc_data_lake_rational-aria-338717 rewritten to object yellow/2020-02.parquet in bucket dtc_data_lake_rational-aria-338717
[2022-02-08 21:46:44,399] {gcs_to_gcs.py:431} INFO - Executing copy of gs://dtc_data_lake_rational-aria-338717/raw/yellow_tripdata_2019-09.parquet to gs://dtc_data_lake_rational-aria-338717/yellow/2019-09.parquet
[2022-02-08 21:46:44,530] {gcs.py:251} INFO - Total Bytes: 120286338 | Bytes Written: 120286338
[2022-02-08 21:46:44,531] {gcs.py:264} INFO - Object raw/yellow_tripdata_2019-09.parquet in bucket dtc_data_lake_rational-aria-338717 rewritten to object yellow/2019-09.parquet in bucket dtc_data_lake_rational-aria-338717
[2022-02-08 21:46:44,532] {gcs_to_gcs.py:431} INFO - Executing copy of gs://dtc_data_lake_rational-aria-338717/raw/yellow_tripdata_2019-01.parquet to gs://dtc_data_lake_rational-aria-338717/yellow/2019-01.parquet
[2022-02-08 21:46:44,665] {gcs.py:251} INFO - Total Bytes: 137625296 | Bytes Written: 137625296
[2022-02-08 21:46:44,667] {gcs.py:264} INFO - Object raw/yellow_tripdata_2019-01.parquet in bucket dtc_data_lake_rational-aria-338717 rewritten to object yellow/2019-01.parquet in bucket dtc_data_lake_rational-aria-338717
[2022-02-08 21:46:44,668] {gcs_to_gcs.py:431} INFO - Executing copy of gs://dtc_data_lake_rational-aria-338717/raw/yellow_tripdata_2019-10.parquet to gs://dtc_data_lake_rational-aria-338717/yellow/2019-10.parquet
[2022-02-08 21:46:44,778] {gcs.py:251} INFO - Total Bytes: 130950231 | Bytes Written: 130950231
[2022-02-08 21:46:44,781] {gcs.py:264} INFO - Object raw/yellow_tripdata_2019-10.parquet in bucket dtc_data_lake_rational-aria-338717 rewritten to object yellow/2019-10.parquet in bucket dtc_data_lake_rational-aria-338717
[2022-02-08 21:46:44,787] {gcs_to_gcs.py:431} INFO - Executing copy of gs://dtc_data_lake_rational-aria-338717/raw/yellow_tripdata_2020-05.parquet to gs://dtc_data_lake_rational-aria-338717/yellow/2020-05.parquet
[2022-02-08 21:46:44,920] {gcs.py:251} INFO - Total Bytes: 7436367 | Bytes Written: 7436367
[2022-02-08 21:46:44,922] {gcs.py:264} INFO - Object raw/yellow_tripdata_2020-05.parquet in bucket dtc_data_lake_rational-aria-338717 rewritten to object yellow/2020-05.parquet in bucket dtc_data_lake_rational-aria-338717
[2022-02-08 21:46:44,924] {gcs_to_gcs.py:431} INFO - Executing copy of gs://dtc_data_lake_rational-aria-338717/raw/yellow_tripdata_2019-07.parquet to gs://dtc_data_lake_rational-aria-338717/yellow/2019-07.parquet
[2022-02-08 21:46:45,055] {gcs.py:251} INFO - Total Bytes: 115534598 | Bytes Written: 115534598
[2022-02-08 21:46:45,056] {gcs.py:264} INFO - Object raw/yellow_tripdata_2019-07.parquet in bucket dtc_data_lake_rational-aria-338717 rewritten to object yellow/2019-07.parquet in bucket dtc_data_lake_rational-aria-338717
[2022-02-08 21:46:45,057] {gcs_to_gcs.py:431} INFO - Executing copy of gs://dtc_data_lake_rational-aria-338717/raw/yellow_tripdata_2019-04.parquet to gs://dtc_data_lake_rational-aria-338717/yellow/2019-04.parquet
[2022-02-08 21:46:45,189] {gcs.py:251} INFO - Total Bytes: 136706305 | Bytes Written: 136706305
[2022-02-08 21:46:45,191] {gcs.py:264} INFO - Object raw/yellow_tripdata_2019-04.parquet in bucket dtc_data_lake_rational-aria-338717 rewritten to object yellow/2019-04.parquet in bucket dtc_data_lake_rational-aria-338717
[2022-02-08 21:46:45,192] {gcs_to_gcs.py:431} INFO - Executing copy of gs://dtc_data_lake_rational-aria-338717/raw/yellow_tripdata_2019-05.parquet to gs://dtc_data_lake_rational-aria-338717/yellow/2019-05.parquet
[2022-02-08 21:46:45,315] {gcs.py:251} INFO - Total Bytes: 137418656 | Bytes Written: 137418656
[2022-02-08 21:46:45,316] {gcs.py:264} INFO - Object raw/yellow_tripdata_2019-05.parquet in bucket dtc_data_lake_rational-aria-338717 rewritten to object yellow/2019-05.parquet in bucket dtc_data_lake_rational-aria-338717
[2022-02-08 21:46:45,317] {gcs_to_gcs.py:431} INFO - Executing copy of gs://dtc_data_lake_rational-aria-338717/raw/yellow_tripdata_2019-06.parquet to gs://dtc_data_lake_rational-aria-338717/yellow/2019-06.parquet
[2022-02-08 21:46:45,452] {gcs.py:251} INFO - Total Bytes: 126726779 | Bytes Written: 126726779
[2022-02-08 21:46:45,459] {gcs.py:264} INFO - Object raw/yellow_tripdata_2019-06.parquet in bucket dtc_data_lake_rational-aria-338717 rewritten to object yellow/2019-06.parquet in bucket dtc_data_lake_rational-aria-338717
[2022-02-08 21:46:45,460] {gcs_to_gcs.py:431} INFO - Executing copy of gs://dtc_data_lake_rational-aria-338717/raw/yellow_tripdata_2020-08.parquet to gs://dtc_data_lake_rational-aria-338717/yellow/2020-08.parquet
[2022-02-08 21:46:45,587] {gcs.py:251} INFO - Total Bytes: 19636193 | Bytes Written: 19636193
[2022-02-08 21:46:45,588] {gcs.py:264} INFO - Object raw/yellow_tripdata_2020-08.parquet in bucket dtc_data_lake_rational-aria-338717 rewritten to object yellow/2020-08.parquet in bucket dtc_data_lake_rational-aria-338717
[2022-02-08 21:46:45,590] {gcs_to_gcs.py:431} INFO - Executing copy of gs://dtc_data_lake_rational-aria-338717/raw/yellow_tripdata_2020-12.parquet to gs://dtc_data_lake_rational-aria-338717/yellow/2020-12.parquet
[2022-02-08 21:46:45,744] {gcs.py:251} INFO - Total Bytes: 27480890 | Bytes Written: 27480890
[2022-02-08 21:46:45,746] {gcs.py:264} INFO - Object raw/yellow_tripdata_2020-12.parquet in bucket dtc_data_lake_rational-aria-338717 rewritten to object yellow/2020-12.parquet in bucket dtc_data_lake_rational-aria-338717
[2022-02-08 21:46:45,748] {gcs_to_gcs.py:431} INFO - Executing copy of gs://dtc_data_lake_rational-aria-338717/raw/yellow_tripdata_2020-11.parquet to gs://dtc_data_lake_rational-aria-338717/yellow/2020-11.parquet
[2022-02-08 21:46:45,879] {gcs.py:251} INFO - Total Bytes: 28375709 | Bytes Written: 28375709
[2022-02-08 21:46:45,882] {gcs.py:264} INFO - Object raw/yellow_tripdata_2020-11.parquet in bucket dtc_data_lake_rational-aria-338717 rewritten to object yellow/2020-11.parquet in bucket dtc_data_lake_rational-aria-338717
[2022-02-08 21:46:45,888] {gcs_to_gcs.py:431} INFO - Executing copy of gs://dtc_data_lake_rational-aria-338717/raw/yellow_tripdata_2019-08.parquet to gs://dtc_data_lake_rational-aria-338717/yellow/2019-08.parquet
[2022-02-08 21:46:46,028] {gcs.py:251} INFO - Total Bytes: 111332831 | Bytes Written: 111332831
[2022-02-08 21:46:46,031] {gcs.py:264} INFO - Object raw/yellow_tripdata_2019-08.parquet in bucket dtc_data_lake_rational-aria-338717 rewritten to object yellow/2019-08.parquet in bucket dtc_data_lake_rational-aria-338717
[2022-02-08 21:46:46,033] {gcs_to_gcs.py:431} INFO - Executing copy of gs://dtc_data_lake_rational-aria-338717/raw/yellow_tripdata_2019-03.parquet to gs://dtc_data_lake_rational-aria-338717/yellow/2019-03.parquet
[2022-02-08 21:46:46,176] {gcs.py:251} INFO - Total Bytes: 144113501 | Bytes Written: 144113501
[2022-02-08 21:46:46,179] {gcs.py:264} INFO - Object raw/yellow_tripdata_2019-03.parquet in bucket dtc_data_lake_rational-aria-338717 rewritten to object yellow/2019-03.parquet in bucket dtc_data_lake_rational-aria-338717
[2022-02-08 21:46:46,181] {gcs_to_gcs.py:431} INFO - Executing copy of gs://dtc_data_lake_rational-aria-338717/raw/yellow_tripdata_2019-12.parquet to gs://dtc_data_lake_rational-aria-338717/yellow/2019-12.parquet
[2022-02-08 21:46:46,308] {gcs.py:251} INFO - Total Bytes: 125360614 | Bytes Written: 125360614
[2022-02-08 21:46:46,310] {gcs.py:264} INFO - Object raw/yellow_tripdata_2019-12.parquet in bucket dtc_data_lake_rational-aria-338717 rewritten to object yellow/2019-12.parquet in bucket dtc_data_lake_rational-aria-338717
[2022-02-08 21:46:46,311] {gcs_to_gcs.py:431} INFO - Executing copy of gs://dtc_data_lake_rational-aria-338717/raw/yellow_tripdata_2019-11.parquet to gs://dtc_data_lake_rational-aria-338717/yellow/2019-11.parquet
[2022-02-08 21:46:46,432] {gcs.py:251} INFO - Total Bytes: 124810768 | Bytes Written: 124810768
[2022-02-08 21:46:46,434] {gcs.py:264} INFO - Object raw/yellow_tripdata_2019-11.parquet in bucket dtc_data_lake_rational-aria-338717 rewritten to object yellow/2019-11.parquet in bucket dtc_data_lake_rational-aria-338717
[2022-02-08 21:46:46,435] {gcs_to_gcs.py:431} INFO - Executing copy of gs://dtc_data_lake_rational-aria-338717/raw/yellow_tripdata_2020-03.parquet to gs://dtc_data_lake_rational-aria-338717/yellow/2020-03.parquet
[2022-02-08 21:46:46,566] {gcs.py:251} INFO - Total Bytes: 54378226 | Bytes Written: 54378226
[2022-02-08 21:46:46,569] {gcs.py:264} INFO - Object raw/yellow_tripdata_2020-03.parquet in bucket dtc_data_lake_rational-aria-338717 rewritten to object yellow/2020-03.parquet in bucket dtc_data_lake_rational-aria-338717
[2022-02-08 21:46:46,570] {gcs_to_gcs.py:431} INFO - Executing copy of gs://dtc_data_lake_rational-aria-338717/raw/yellow_tripdata_2020-09.parquet to gs://dtc_data_lake_rational-aria-338717/yellow/2020-09.parquet
[2022-02-08 21:46:46,723] {gcs.py:251} INFO - Total Bytes: 25539450 | Bytes Written: 25539450
[2022-02-08 21:46:46,725] {gcs.py:264} INFO - Object raw/yellow_tripdata_2020-09.parquet in bucket dtc_data_lake_rational-aria-338717 rewritten to object yellow/2020-09.parquet in bucket dtc_data_lake_rational-aria-338717
[2022-02-08 21:46:46,727] {gcs_to_gcs.py:431} INFO - Executing copy of gs://dtc_data_lake_rational-aria-338717/raw/yellow_tripdata_2020-06.parquet to gs://dtc_data_lake_rational-aria-338717/yellow/2020-06.parquet
[2022-02-08 21:46:46,850] {gcs.py:251} INFO - Total Bytes: 11323874 | Bytes Written: 11323874
[2022-02-08 21:46:46,853] {gcs.py:264} INFO - Object raw/yellow_tripdata_2020-06.parquet in bucket dtc_data_lake_rational-aria-338717 rewritten to object yellow/2020-06.parquet in bucket dtc_data_lake_rational-aria-338717
[2022-02-08 21:46:46,855] {gcs_to_gcs.py:431} INFO - Executing copy of gs://dtc_data_lake_rational-aria-338717/raw/yellow_tripdata_2020-07.parquet to gs://dtc_data_lake_rational-aria-338717/yellow/2020-07.parquet
[2022-02-08 21:46:46,984] {gcs.py:251} INFO - Total Bytes: 15762125 | Bytes Written: 15762125
[2022-02-08 21:46:46,987] {gcs.py:264} INFO - Object raw/yellow_tripdata_2020-07.parquet in bucket dtc_data_lake_rational-aria-338717 rewritten to object yellow/2020-07.parquet in bucket dtc_data_lake_rational-aria-338717
[2022-02-08 21:46:46,989] {gcs_to_gcs.py:431} INFO - Executing copy of gs://dtc_data_lake_rational-aria-338717/raw/yellow_tripdata_2020-01.parquet to gs://dtc_data_lake_rational-aria-338717/yellow/2020-01.parquet
[2022-02-08 21:46:47,120] {gcs.py:251} INFO - Total Bytes: 116228546 | Bytes Written: 116228546
[2022-02-08 21:46:47,122] {gcs.py:264} INFO - Object raw/yellow_tripdata_2020-01.parquet in bucket dtc_data_lake_rational-aria-338717 rewritten to object yellow/2020-01.parquet in bucket dtc_data_lake_rational-aria-338717
[2022-02-08 21:46:47,124] {gcs_to_gcs.py:431} INFO - Executing copy of gs://dtc_data_lake_rational-aria-338717/raw/yellow_tripdata_2020-10.parquet to gs://dtc_data_lake_rational-aria-338717/yellow/2020-10.parquet
[2022-02-08 21:46:47,200] {gcs.py:251} INFO - Total Bytes: 31572830 | Bytes Written: 31572830
[2022-02-08 21:46:47,201] {gcs.py:264} INFO - Object raw/yellow_tripdata_2020-10.parquet in bucket dtc_data_lake_rational-aria-338717 rewritten to object yellow/2020-10.parquet in bucket dtc_data_lake_rational-aria-338717
[2022-02-08 21:46:47,203] {gcs_to_gcs.py:431} INFO - Executing copy of gs://dtc_data_lake_rational-aria-338717/raw/yellow_tripdata_2020-04.parquet to gs://dtc_data_lake_rational-aria-338717/yellow/2020-04.parquet
[2022-02-08 21:46:47,324] {gcs.py:251} INFO - Total Bytes: 5285861 | Bytes Written: 5285861
[2022-02-08 21:46:47,325] {gcs.py:264} INFO - Object raw/yellow_tripdata_2020-04.parquet in bucket dtc_data_lake_rational-aria-338717 rewritten to object yellow/2020-04.parquet in bucket dtc_data_lake_rational-aria-338717
[2022-02-08 21:46:47,327] {gcs_to_gcs.py:431} INFO - Executing copy of gs://dtc_data_lake_rational-aria-338717/raw/yellow_tripdata_2019-02.parquet to gs://dtc_data_lake_rational-aria-338717/yellow/2019-02.parquet
[2022-02-08 21:46:47,457] {gcs.py:251} INFO - Total Bytes: 128380769 | Bytes Written: 128380769
[2022-02-08 21:46:47,460] {gcs.py:264} INFO - Object raw/yellow_tripdata_2019-02.parquet in bucket dtc_data_lake_rational-aria-338717 rewritten to object yellow/2019-02.parquet in bucket dtc_data_lake_rational-aria-338717
[2022-02-08 21:46:47,481] {taskinstance.py:1277} INFO - Marking task as SUCCESS. dag_id=gcs_to_bq_dag, task_id=gcs_2_gcs_task, execution_date=20220207T000000, start_date=20220208T214643, end_date=20220208T214647
[2022-02-08 21:46:47,523] {local_task_job.py:154} INFO - Task exited with return code 0
[2022-02-08 21:46:47,570] {local_task_job.py:264} INFO - 1 downstream tasks scheduled from follow-on schedule check
