[2022-02-09 08:12:47,715] {taskinstance.py:1032} INFO - Dependencies all met for <TaskInstance: gcs_to_bq_dag.bq_create_partition_table scheduled__2022-02-08T00:00:00+00:00 [queued]>
[2022-02-09 08:12:47,731] {taskinstance.py:1032} INFO - Dependencies all met for <TaskInstance: gcs_to_bq_dag.bq_create_partition_table scheduled__2022-02-08T00:00:00+00:00 [queued]>
[2022-02-09 08:12:47,732] {taskinstance.py:1238} INFO - 
--------------------------------------------------------------------------------
[2022-02-09 08:12:47,733] {taskinstance.py:1239} INFO - Starting attempt 1 of 2
[2022-02-09 08:12:47,734] {taskinstance.py:1240} INFO - 
--------------------------------------------------------------------------------
[2022-02-09 08:12:47,754] {taskinstance.py:1259} INFO - Executing <Task(BigQueryInsertJobOperator): bq_create_partition_table> on 2022-02-08 00:00:00+00:00
[2022-02-09 08:12:47,760] {standard_task_runner.py:52} INFO - Started process 77 to run task
[2022-02-09 08:12:47,769] {standard_task_runner.py:76} INFO - Running: ['***', 'tasks', 'run', 'gcs_to_bq_dag', 'bq_create_partition_table', 'scheduled__2022-02-08T00:00:00+00:00', '--job-id', '1104', '--raw', '--subdir', 'DAGS_FOLDER/gcs_2_bq_dag.py', '--cfg-path', '/tmp/tmp2oyg5pt2', '--error-file', '/tmp/tmptewuzcuo']
[2022-02-09 08:12:47,771] {standard_task_runner.py:77} INFO - Job 1104: Subtask bq_create_partition_table
[2022-02-09 08:12:47,885] {logging_mixin.py:109} INFO - Running <TaskInstance: gcs_to_bq_dag.bq_create_partition_table scheduled__2022-02-08T00:00:00+00:00 [running]> on host fc6fc904367d
[2022-02-09 08:12:47,961] {taskinstance.py:1426} INFO - Exporting the following env vars:
AIRFLOW_CTX_DAG_OWNER=***
AIRFLOW_CTX_DAG_ID=gcs_to_bq_dag
AIRFLOW_CTX_TASK_ID=bq_create_partition_table
AIRFLOW_CTX_EXECUTION_DATE=2022-02-08T00:00:00+00:00
AIRFLOW_CTX_DAG_RUN_ID=scheduled__2022-02-08T00:00:00+00:00
[2022-02-09 08:12:47,964] {crypto.py:82} WARNING - empty cryptography key - values will not be stored encrypted.
[2022-02-09 08:12:47,966] {warnings.py:110} WARNING - /home/***/.local/lib/python3.7/site-packages/***/utils/context.py:152: AirflowContextDeprecationWarning: Accessing 'execution_date' from the template is deprecated and will be removed in a future version. Please use 'data_interval_start' or 'logical_date' instead.
  warnings.warn(_create_deprecation_warning(key, self._deprecation_replacements[key]))

[2022-02-09 08:12:47,975] {bigquery.py:1637} INFO - Inserting job ***_gcs_to_bq_dag_bq_create_partition_table_2022_02_08T00_00_00_00_00_76ae2205be994ff6b15ea5f0a1975003
[2022-02-09 08:13:13,239] {taskinstance.py:1277} INFO - Marking task as SUCCESS. dag_id=gcs_to_bq_dag, task_id=bq_create_partition_table, execution_date=20220208T000000, start_date=20220209T081247, end_date=20220209T081313
[2022-02-09 08:13:13,322] {local_task_job.py:154} INFO - Task exited with return code 0
[2022-02-09 08:13:13,361] {local_task_job.py:264} INFO - 0 downstream tasks scheduled from follow-on schedule check
[2022-02-09 14:25:57,672] {taskinstance.py:1032} INFO - Dependencies all met for <TaskInstance: gcs_to_bq_dag.bq_create_partition_table scheduled__2022-02-08T00:00:00+00:00 [queued]>
[2022-02-09 14:25:57,696] {taskinstance.py:1032} INFO - Dependencies all met for <TaskInstance: gcs_to_bq_dag.bq_create_partition_table scheduled__2022-02-08T00:00:00+00:00 [queued]>
[2022-02-09 14:25:57,698] {taskinstance.py:1238} INFO - 
--------------------------------------------------------------------------------
[2022-02-09 14:25:57,700] {taskinstance.py:1239} INFO - Starting attempt 1 of 2
[2022-02-09 14:25:57,702] {taskinstance.py:1240} INFO - 
--------------------------------------------------------------------------------
[2022-02-09 14:25:57,725] {taskinstance.py:1259} INFO - Executing <Task(BigQueryInsertJobOperator): bq_create_partition_table> on 2022-02-08 00:00:00+00:00
[2022-02-09 14:25:57,735] {standard_task_runner.py:52} INFO - Started process 1893 to run task
[2022-02-09 14:25:57,742] {standard_task_runner.py:76} INFO - Running: ['***', 'tasks', 'run', 'gcs_to_bq_dag', 'bq_create_partition_table', 'scheduled__2022-02-08T00:00:00+00:00', '--job-id', '1351', '--raw', '--subdir', 'DAGS_FOLDER/gcs_2_bq_dag.py', '--cfg-path', '/tmp/tmpsnyds0p_', '--error-file', '/tmp/tmpijx388s5']
[2022-02-09 14:25:57,746] {standard_task_runner.py:77} INFO - Job 1351: Subtask bq_create_partition_table
[2022-02-09 14:25:57,838] {logging_mixin.py:109} INFO - Running <TaskInstance: gcs_to_bq_dag.bq_create_partition_table scheduled__2022-02-08T00:00:00+00:00 [running]> on host 57f53df750cc
[2022-02-09 14:25:57,940] {taskinstance.py:1426} INFO - Exporting the following env vars:
AIRFLOW_CTX_DAG_OWNER=***
AIRFLOW_CTX_DAG_ID=gcs_to_bq_dag
AIRFLOW_CTX_TASK_ID=bq_create_partition_table
AIRFLOW_CTX_EXECUTION_DATE=2022-02-08T00:00:00+00:00
AIRFLOW_CTX_DAG_RUN_ID=scheduled__2022-02-08T00:00:00+00:00
[2022-02-09 14:25:57,948] {crypto.py:82} WARNING - empty cryptography key - values will not be stored encrypted.
[2022-02-09 14:25:57,952] {warnings.py:110} WARNING - /home/***/.local/lib/python3.7/site-packages/***/utils/context.py:152: AirflowContextDeprecationWarning: Accessing 'execution_date' from the template is deprecated and will be removed in a future version. Please use 'data_interval_start' or 'logical_date' instead.
  warnings.warn(_create_deprecation_warning(key, self._deprecation_replacements[key]))

[2022-02-09 14:25:57,970] {bigquery.py:1637} INFO - Inserting job ***_gcs_to_bq_dag_bq_create_partition_table_2022_02_08T00_00_00_00_00_c0d77795c4128993cd3d152eaa30d13b
[2022-02-09 14:26:23,313] {taskinstance.py:1277} INFO - Marking task as SUCCESS. dag_id=gcs_to_bq_dag, task_id=bq_create_partition_table, execution_date=20220208T000000, start_date=20220209T142557, end_date=20220209T142623
[2022-02-09 14:26:23,379] {local_task_job.py:154} INFO - Task exited with return code 0
[2022-02-09 14:26:23,411] {local_task_job.py:264} INFO - 0 downstream tasks scheduled from follow-on schedule check
