[2022-02-09 14:30:34,731] {taskinstance.py:1032} INFO - Dependencies all met for <TaskInstance: gcs_to_bq_dag.bq_create_partition_table scheduled__2022-02-08T00:00:00+00:00 [queued]>
[2022-02-09 14:30:34,743] {taskinstance.py:1032} INFO - Dependencies all met for <TaskInstance: gcs_to_bq_dag.bq_create_partition_table scheduled__2022-02-08T00:00:00+00:00 [queued]>
[2022-02-09 14:30:34,744] {taskinstance.py:1238} INFO - 
--------------------------------------------------------------------------------
[2022-02-09 14:30:34,745] {taskinstance.py:1239} INFO - Starting attempt 2 of 3
[2022-02-09 14:30:34,746] {taskinstance.py:1240} INFO - 
--------------------------------------------------------------------------------
[2022-02-09 14:30:34,759] {taskinstance.py:1259} INFO - Executing <Task(BigQueryInsertJobOperator): bq_create_partition_table> on 2022-02-08 00:00:00+00:00
[2022-02-09 14:30:34,765] {standard_task_runner.py:52} INFO - Started process 2112 to run task
[2022-02-09 14:30:34,770] {standard_task_runner.py:76} INFO - Running: ['***', 'tasks', 'run', 'gcs_to_bq_dag', 'bq_create_partition_table', 'scheduled__2022-02-08T00:00:00+00:00', '--job-id', '1354', '--raw', '--subdir', 'DAGS_FOLDER/gcs_2_bq_dag.py', '--cfg-path', '/tmp/tmp8dia5vin', '--error-file', '/tmp/tmprq9rga8x']
[2022-02-09 14:30:34,771] {standard_task_runner.py:77} INFO - Job 1354: Subtask bq_create_partition_table
[2022-02-09 14:30:34,835] {logging_mixin.py:109} INFO - Running <TaskInstance: gcs_to_bq_dag.bq_create_partition_table scheduled__2022-02-08T00:00:00+00:00 [running]> on host 57f53df750cc
[2022-02-09 14:30:34,892] {taskinstance.py:1426} INFO - Exporting the following env vars:
AIRFLOW_CTX_DAG_OWNER=***
AIRFLOW_CTX_DAG_ID=gcs_to_bq_dag
AIRFLOW_CTX_TASK_ID=bq_create_partition_table
AIRFLOW_CTX_EXECUTION_DATE=2022-02-08T00:00:00+00:00
AIRFLOW_CTX_DAG_RUN_ID=scheduled__2022-02-08T00:00:00+00:00
[2022-02-09 14:30:34,894] {crypto.py:82} WARNING - empty cryptography key - values will not be stored encrypted.
[2022-02-09 14:30:34,896] {warnings.py:110} WARNING - /home/***/.local/lib/python3.7/site-packages/***/utils/context.py:152: AirflowContextDeprecationWarning: Accessing 'execution_date' from the template is deprecated and will be removed in a future version. Please use 'data_interval_start' or 'logical_date' instead.
  warnings.warn(_create_deprecation_warning(key, self._deprecation_replacements[key]))

[2022-02-09 14:30:34,904] {bigquery.py:1637} INFO - Inserting job ***_gcs_to_bq_dag_bq_create_partition_table_2022_02_08T00_00_00_00_00_8b081789f441472ad6713ebc23e2a12f
[2022-02-09 14:31:00,569] {taskinstance.py:1277} INFO - Marking task as SUCCESS. dag_id=gcs_to_bq_dag, task_id=bq_create_partition_table, execution_date=20220208T000000, start_date=20220209T143034, end_date=20220209T143100
[2022-02-09 14:31:00,632] {local_task_job.py:154} INFO - Task exited with return code 0
[2022-02-09 14:31:00,687] {local_task_job.py:264} INFO - 0 downstream tasks scheduled from follow-on schedule check
