[2022-02-09 08:12:38,987] {taskinstance.py:1032} INFO - Dependencies all met for <TaskInstance: gcs_to_bq_dag.gcs_2_gcs_task scheduled__2022-02-08T00:00:00+00:00 [queued]>
[2022-02-09 08:12:39,004] {taskinstance.py:1032} INFO - Dependencies all met for <TaskInstance: gcs_to_bq_dag.gcs_2_gcs_task scheduled__2022-02-08T00:00:00+00:00 [queued]>
[2022-02-09 08:12:39,006] {taskinstance.py:1238} INFO - 
--------------------------------------------------------------------------------
[2022-02-09 08:12:39,008] {taskinstance.py:1239} INFO - Starting attempt 1 of 2
[2022-02-09 08:12:39,010] {taskinstance.py:1240} INFO - 
--------------------------------------------------------------------------------
[2022-02-09 08:12:39,028] {taskinstance.py:1259} INFO - Executing <Task(GCSToGCSOperator): gcs_2_gcs_task> on 2022-02-08 00:00:00+00:00
[2022-02-09 08:12:39,042] {standard_task_runner.py:52} INFO - Started process 71 to run task
[2022-02-09 08:12:39,062] {standard_task_runner.py:76} INFO - Running: ['***', 'tasks', 'run', 'gcs_to_bq_dag', 'gcs_2_gcs_task', 'scheduled__2022-02-08T00:00:00+00:00', '--job-id', '1102', '--raw', '--subdir', 'DAGS_FOLDER/gcs_2_bq_dag.py', '--cfg-path', '/tmp/tmp3ngfcxn1', '--error-file', '/tmp/tmpohf1gk7j']
[2022-02-09 08:12:39,065] {standard_task_runner.py:77} INFO - Job 1102: Subtask gcs_2_gcs_task
[2022-02-09 08:12:39,341] {logging_mixin.py:109} INFO - Running <TaskInstance: gcs_to_bq_dag.gcs_2_gcs_task scheduled__2022-02-08T00:00:00+00:00 [running]> on host fc6fc904367d
[2022-02-09 08:12:39,557] {taskinstance.py:1426} INFO - Exporting the following env vars:
AIRFLOW_CTX_DAG_OWNER=***
AIRFLOW_CTX_DAG_ID=gcs_to_bq_dag
AIRFLOW_CTX_TASK_ID=gcs_2_gcs_task
AIRFLOW_CTX_EXECUTION_DATE=2022-02-08T00:00:00+00:00
AIRFLOW_CTX_DAG_RUN_ID=scheduled__2022-02-08T00:00:00+00:00
[2022-02-09 08:12:39,561] {crypto.py:82} WARNING - empty cryptography key - values will not be stored encrypted.
[2022-02-09 08:12:39,563] {gcs_to_gcs.py:346} INFO - Delimiter ignored because wildcard is in prefix
[2022-02-09 08:12:40,131] {gcs_to_gcs.py:431} INFO - Executing copy of gs://dtc_data_lake_rational-aria-338717/raw/yellow_tripdata_2019-03.parquet to gs://dtc_data_lake_rational-aria-338717/yellow/2019-03.parquet
[2022-02-09 08:12:40,436] {gcs.py:251} INFO - Total Bytes: 144113501 | Bytes Written: 144113501
[2022-02-09 08:12:40,437] {gcs.py:264} INFO - Object raw/yellow_tripdata_2019-03.parquet in bucket dtc_data_lake_rational-aria-338717 rewritten to object yellow/2019-03.parquet in bucket dtc_data_lake_rational-aria-338717
[2022-02-09 08:12:40,439] {gcs_to_gcs.py:431} INFO - Executing copy of gs://dtc_data_lake_rational-aria-338717/raw/yellow_tripdata_2020-01.parquet to gs://dtc_data_lake_rational-aria-338717/yellow/2020-01.parquet
[2022-02-09 08:12:40,652] {gcs.py:251} INFO - Total Bytes: 116228546 | Bytes Written: 116228546
[2022-02-09 08:12:40,653] {gcs.py:264} INFO - Object raw/yellow_tripdata_2020-01.parquet in bucket dtc_data_lake_rational-aria-338717 rewritten to object yellow/2020-01.parquet in bucket dtc_data_lake_rational-aria-338717
[2022-02-09 08:12:40,657] {gcs_to_gcs.py:431} INFO - Executing copy of gs://dtc_data_lake_rational-aria-338717/raw/yellow_tripdata_2020-04.parquet to gs://dtc_data_lake_rational-aria-338717/yellow/2020-04.parquet
[2022-02-09 08:12:40,785] {gcs.py:251} INFO - Total Bytes: 5285861 | Bytes Written: 5285861
[2022-02-09 08:12:40,786] {gcs.py:264} INFO - Object raw/yellow_tripdata_2020-04.parquet in bucket dtc_data_lake_rational-aria-338717 rewritten to object yellow/2020-04.parquet in bucket dtc_data_lake_rational-aria-338717
[2022-02-09 08:12:40,788] {gcs_to_gcs.py:431} INFO - Executing copy of gs://dtc_data_lake_rational-aria-338717/raw/yellow_tripdata_2019-01.parquet to gs://dtc_data_lake_rational-aria-338717/yellow/2019-01.parquet
[2022-02-09 08:12:40,970] {gcs.py:251} INFO - Total Bytes: 137625296 | Bytes Written: 137625296
[2022-02-09 08:12:40,971] {gcs.py:264} INFO - Object raw/yellow_tripdata_2019-01.parquet in bucket dtc_data_lake_rational-aria-338717 rewritten to object yellow/2019-01.parquet in bucket dtc_data_lake_rational-aria-338717
[2022-02-09 08:12:40,976] {gcs_to_gcs.py:431} INFO - Executing copy of gs://dtc_data_lake_rational-aria-338717/raw/yellow_tripdata_2020-11.parquet to gs://dtc_data_lake_rational-aria-338717/yellow/2020-11.parquet
[2022-02-09 08:12:41,070] {gcs.py:251} INFO - Total Bytes: 28375709 | Bytes Written: 28375709
[2022-02-09 08:12:41,071] {gcs.py:264} INFO - Object raw/yellow_tripdata_2020-11.parquet in bucket dtc_data_lake_rational-aria-338717 rewritten to object yellow/2020-11.parquet in bucket dtc_data_lake_rational-aria-338717
[2022-02-09 08:12:41,073] {gcs_to_gcs.py:431} INFO - Executing copy of gs://dtc_data_lake_rational-aria-338717/raw/yellow_tripdata_2019-04.parquet to gs://dtc_data_lake_rational-aria-338717/yellow/2019-04.parquet
[2022-02-09 08:12:41,202] {gcs.py:251} INFO - Total Bytes: 136706305 | Bytes Written: 136706305
[2022-02-09 08:12:41,204] {gcs.py:264} INFO - Object raw/yellow_tripdata_2019-04.parquet in bucket dtc_data_lake_rational-aria-338717 rewritten to object yellow/2019-04.parquet in bucket dtc_data_lake_rational-aria-338717
[2022-02-09 08:12:41,207] {gcs_to_gcs.py:431} INFO - Executing copy of gs://dtc_data_lake_rational-aria-338717/raw/yellow_tripdata_2019-05.parquet to gs://dtc_data_lake_rational-aria-338717/yellow/2019-05.parquet
[2022-02-09 08:12:41,361] {gcs.py:251} INFO - Total Bytes: 137418656 | Bytes Written: 137418656
[2022-02-09 08:12:41,362] {gcs.py:264} INFO - Object raw/yellow_tripdata_2019-05.parquet in bucket dtc_data_lake_rational-aria-338717 rewritten to object yellow/2019-05.parquet in bucket dtc_data_lake_rational-aria-338717
[2022-02-09 08:12:41,364] {gcs_to_gcs.py:431} INFO - Executing copy of gs://dtc_data_lake_rational-aria-338717/raw/yellow_tripdata_2019-08.parquet to gs://dtc_data_lake_rational-aria-338717/yellow/2019-08.parquet
[2022-02-09 08:12:41,562] {gcs.py:251} INFO - Total Bytes: 111332831 | Bytes Written: 111332831
[2022-02-09 08:12:41,563] {gcs.py:264} INFO - Object raw/yellow_tripdata_2019-08.parquet in bucket dtc_data_lake_rational-aria-338717 rewritten to object yellow/2019-08.parquet in bucket dtc_data_lake_rational-aria-338717
[2022-02-09 08:12:41,564] {gcs_to_gcs.py:431} INFO - Executing copy of gs://dtc_data_lake_rational-aria-338717/raw/yellow_tripdata_2020-07.parquet to gs://dtc_data_lake_rational-aria-338717/yellow/2020-07.parquet
[2022-02-09 08:12:41,696] {gcs.py:251} INFO - Total Bytes: 15762125 | Bytes Written: 15762125
[2022-02-09 08:12:41,698] {gcs.py:264} INFO - Object raw/yellow_tripdata_2020-07.parquet in bucket dtc_data_lake_rational-aria-338717 rewritten to object yellow/2020-07.parquet in bucket dtc_data_lake_rational-aria-338717
[2022-02-09 08:12:41,699] {gcs_to_gcs.py:431} INFO - Executing copy of gs://dtc_data_lake_rational-aria-338717/raw/yellow_tripdata_2019-06.parquet to gs://dtc_data_lake_rational-aria-338717/yellow/2019-06.parquet
[2022-02-09 08:12:41,820] {gcs.py:251} INFO - Total Bytes: 126726779 | Bytes Written: 126726779
[2022-02-09 08:12:41,821] {gcs.py:264} INFO - Object raw/yellow_tripdata_2019-06.parquet in bucket dtc_data_lake_rational-aria-338717 rewritten to object yellow/2019-06.parquet in bucket dtc_data_lake_rational-aria-338717
[2022-02-09 08:12:41,822] {gcs_to_gcs.py:431} INFO - Executing copy of gs://dtc_data_lake_rational-aria-338717/raw/yellow_tripdata_2020-12.parquet to gs://dtc_data_lake_rational-aria-338717/yellow/2020-12.parquet
[2022-02-09 08:12:41,950] {gcs.py:251} INFO - Total Bytes: 27480890 | Bytes Written: 27480890
[2022-02-09 08:12:41,951] {gcs.py:264} INFO - Object raw/yellow_tripdata_2020-12.parquet in bucket dtc_data_lake_rational-aria-338717 rewritten to object yellow/2020-12.parquet in bucket dtc_data_lake_rational-aria-338717
[2022-02-09 08:12:41,952] {gcs_to_gcs.py:431} INFO - Executing copy of gs://dtc_data_lake_rational-aria-338717/raw/yellow_tripdata_2020-06.parquet to gs://dtc_data_lake_rational-aria-338717/yellow/2020-06.parquet
[2022-02-09 08:12:42,079] {gcs.py:251} INFO - Total Bytes: 11323874 | Bytes Written: 11323874
[2022-02-09 08:12:42,080] {gcs.py:264} INFO - Object raw/yellow_tripdata_2020-06.parquet in bucket dtc_data_lake_rational-aria-338717 rewritten to object yellow/2020-06.parquet in bucket dtc_data_lake_rational-aria-338717
[2022-02-09 08:12:42,083] {gcs_to_gcs.py:431} INFO - Executing copy of gs://dtc_data_lake_rational-aria-338717/raw/yellow_tripdata_2020-09.parquet to gs://dtc_data_lake_rational-aria-338717/yellow/2020-09.parquet
[2022-02-09 08:12:42,210] {gcs.py:251} INFO - Total Bytes: 25539450 | Bytes Written: 25539450
[2022-02-09 08:12:42,213] {gcs.py:264} INFO - Object raw/yellow_tripdata_2020-09.parquet in bucket dtc_data_lake_rational-aria-338717 rewritten to object yellow/2020-09.parquet in bucket dtc_data_lake_rational-aria-338717
[2022-02-09 08:12:42,214] {gcs_to_gcs.py:431} INFO - Executing copy of gs://dtc_data_lake_rational-aria-338717/raw/yellow_tripdata_2019-02.parquet to gs://dtc_data_lake_rational-aria-338717/yellow/2019-02.parquet
[2022-02-09 08:12:42,334] {gcs.py:251} INFO - Total Bytes: 128380769 | Bytes Written: 128380769
[2022-02-09 08:12:42,335] {gcs.py:264} INFO - Object raw/yellow_tripdata_2019-02.parquet in bucket dtc_data_lake_rational-aria-338717 rewritten to object yellow/2019-02.parquet in bucket dtc_data_lake_rational-aria-338717
[2022-02-09 08:12:42,337] {gcs_to_gcs.py:431} INFO - Executing copy of gs://dtc_data_lake_rational-aria-338717/raw/yellow_tripdata_2020-08.parquet to gs://dtc_data_lake_rational-aria-338717/yellow/2020-08.parquet
[2022-02-09 08:12:42,456] {gcs.py:251} INFO - Total Bytes: 19636193 | Bytes Written: 19636193
[2022-02-09 08:12:42,457] {gcs.py:264} INFO - Object raw/yellow_tripdata_2020-08.parquet in bucket dtc_data_lake_rational-aria-338717 rewritten to object yellow/2020-08.parquet in bucket dtc_data_lake_rational-aria-338717
[2022-02-09 08:12:42,458] {gcs_to_gcs.py:431} INFO - Executing copy of gs://dtc_data_lake_rational-aria-338717/raw/yellow_tripdata_2020-03.parquet to gs://dtc_data_lake_rational-aria-338717/yellow/2020-03.parquet
[2022-02-09 08:12:42,573] {gcs.py:251} INFO - Total Bytes: 54378226 | Bytes Written: 54378226
[2022-02-09 08:12:42,575] {gcs.py:264} INFO - Object raw/yellow_tripdata_2020-03.parquet in bucket dtc_data_lake_rational-aria-338717 rewritten to object yellow/2020-03.parquet in bucket dtc_data_lake_rational-aria-338717
[2022-02-09 08:12:42,576] {gcs_to_gcs.py:431} INFO - Executing copy of gs://dtc_data_lake_rational-aria-338717/raw/yellow_tripdata_2019-07.parquet to gs://dtc_data_lake_rational-aria-338717/yellow/2019-07.parquet
[2022-02-09 08:12:42,699] {gcs.py:251} INFO - Total Bytes: 115534598 | Bytes Written: 115534598
[2022-02-09 08:12:42,700] {gcs.py:264} INFO - Object raw/yellow_tripdata_2019-07.parquet in bucket dtc_data_lake_rational-aria-338717 rewritten to object yellow/2019-07.parquet in bucket dtc_data_lake_rational-aria-338717
[2022-02-09 08:12:42,702] {gcs_to_gcs.py:431} INFO - Executing copy of gs://dtc_data_lake_rational-aria-338717/raw/yellow_tripdata_2019-11.parquet to gs://dtc_data_lake_rational-aria-338717/yellow/2019-11.parquet
[2022-02-09 08:12:42,835] {gcs.py:251} INFO - Total Bytes: 124810768 | Bytes Written: 124810768
[2022-02-09 08:12:42,836] {gcs.py:264} INFO - Object raw/yellow_tripdata_2019-11.parquet in bucket dtc_data_lake_rational-aria-338717 rewritten to object yellow/2019-11.parquet in bucket dtc_data_lake_rational-aria-338717
[2022-02-09 08:12:42,837] {gcs_to_gcs.py:431} INFO - Executing copy of gs://dtc_data_lake_rational-aria-338717/raw/yellow_tripdata_2020-05.parquet to gs://dtc_data_lake_rational-aria-338717/yellow/2020-05.parquet
[2022-02-09 08:12:42,960] {gcs.py:251} INFO - Total Bytes: 7436367 | Bytes Written: 7436367
[2022-02-09 08:12:42,962] {gcs.py:264} INFO - Object raw/yellow_tripdata_2020-05.parquet in bucket dtc_data_lake_rational-aria-338717 rewritten to object yellow/2020-05.parquet in bucket dtc_data_lake_rational-aria-338717
[2022-02-09 08:12:42,964] {gcs_to_gcs.py:431} INFO - Executing copy of gs://dtc_data_lake_rational-aria-338717/raw/yellow_tripdata_2020-10.parquet to gs://dtc_data_lake_rational-aria-338717/yellow/2020-10.parquet
[2022-02-09 08:12:43,087] {gcs.py:251} INFO - Total Bytes: 31572830 | Bytes Written: 31572830
[2022-02-09 08:12:43,088] {gcs.py:264} INFO - Object raw/yellow_tripdata_2020-10.parquet in bucket dtc_data_lake_rational-aria-338717 rewritten to object yellow/2020-10.parquet in bucket dtc_data_lake_rational-aria-338717
[2022-02-09 08:12:43,089] {gcs_to_gcs.py:431} INFO - Executing copy of gs://dtc_data_lake_rational-aria-338717/raw/yellow_tripdata_2020-02.parquet to gs://dtc_data_lake_rational-aria-338717/yellow/2020-02.parquet
[2022-02-09 08:12:43,175] {gcs.py:251} INFO - Total Bytes: 113958025 | Bytes Written: 113958025
[2022-02-09 08:12:43,176] {gcs.py:264} INFO - Object raw/yellow_tripdata_2020-02.parquet in bucket dtc_data_lake_rational-aria-338717 rewritten to object yellow/2020-02.parquet in bucket dtc_data_lake_rational-aria-338717
[2022-02-09 08:12:43,177] {gcs_to_gcs.py:431} INFO - Executing copy of gs://dtc_data_lake_rational-aria-338717/raw/yellow_tripdata_2019-10.parquet to gs://dtc_data_lake_rational-aria-338717/yellow/2019-10.parquet
[2022-02-09 08:12:43,311] {gcs.py:251} INFO - Total Bytes: 130950231 | Bytes Written: 130950231
[2022-02-09 08:12:43,317] {gcs.py:264} INFO - Object raw/yellow_tripdata_2019-10.parquet in bucket dtc_data_lake_rational-aria-338717 rewritten to object yellow/2019-10.parquet in bucket dtc_data_lake_rational-aria-338717
[2022-02-09 08:12:43,319] {gcs_to_gcs.py:431} INFO - Executing copy of gs://dtc_data_lake_rational-aria-338717/raw/yellow_tripdata_2019-09.parquet to gs://dtc_data_lake_rational-aria-338717/yellow/2019-09.parquet
[2022-02-09 08:12:43,484] {gcs.py:251} INFO - Total Bytes: 120286338 | Bytes Written: 120286338
[2022-02-09 08:12:43,486] {gcs.py:264} INFO - Object raw/yellow_tripdata_2019-09.parquet in bucket dtc_data_lake_rational-aria-338717 rewritten to object yellow/2019-09.parquet in bucket dtc_data_lake_rational-aria-338717
[2022-02-09 08:12:43,487] {gcs_to_gcs.py:431} INFO - Executing copy of gs://dtc_data_lake_rational-aria-338717/raw/yellow_tripdata_2019-12.parquet to gs://dtc_data_lake_rational-aria-338717/yellow/2019-12.parquet
[2022-02-09 08:12:43,607] {gcs.py:251} INFO - Total Bytes: 125360614 | Bytes Written: 125360614
[2022-02-09 08:12:43,609] {gcs.py:264} INFO - Object raw/yellow_tripdata_2019-12.parquet in bucket dtc_data_lake_rational-aria-338717 rewritten to object yellow/2019-12.parquet in bucket dtc_data_lake_rational-aria-338717
[2022-02-09 08:12:43,629] {taskinstance.py:1277} INFO - Marking task as SUCCESS. dag_id=gcs_to_bq_dag, task_id=gcs_2_gcs_task, execution_date=20220208T000000, start_date=20220209T081238, end_date=20220209T081243
[2022-02-09 08:12:43,717] {local_task_job.py:154} INFO - Task exited with return code 0
[2022-02-09 08:12:43,803] {local_task_job.py:264} INFO - 1 downstream tasks scheduled from follow-on schedule check
[2022-02-09 14:25:47,773] {taskinstance.py:1032} INFO - Dependencies all met for <TaskInstance: gcs_to_bq_dag.gcs_2_gcs_task scheduled__2022-02-08T00:00:00+00:00 [queued]>
[2022-02-09 14:25:47,787] {taskinstance.py:1032} INFO - Dependencies all met for <TaskInstance: gcs_to_bq_dag.gcs_2_gcs_task scheduled__2022-02-08T00:00:00+00:00 [queued]>
[2022-02-09 14:25:47,788] {taskinstance.py:1238} INFO - 
--------------------------------------------------------------------------------
[2022-02-09 14:25:47,792] {taskinstance.py:1239} INFO - Starting attempt 1 of 2
[2022-02-09 14:25:47,793] {taskinstance.py:1240} INFO - 
--------------------------------------------------------------------------------
[2022-02-09 14:25:47,807] {taskinstance.py:1259} INFO - Executing <Task(GCSToGCSOperator): gcs_2_gcs_task> on 2022-02-08 00:00:00+00:00
[2022-02-09 14:25:47,814] {standard_task_runner.py:52} INFO - Started process 1878 to run task
[2022-02-09 14:25:47,819] {standard_task_runner.py:76} INFO - Running: ['***', 'tasks', 'run', 'gcs_to_bq_dag', 'gcs_2_gcs_task', 'scheduled__2022-02-08T00:00:00+00:00', '--job-id', '1349', '--raw', '--subdir', 'DAGS_FOLDER/gcs_2_bq_dag.py', '--cfg-path', '/tmp/tmpbckq67b5', '--error-file', '/tmp/tmpktcm06gl']
[2022-02-09 14:25:47,823] {standard_task_runner.py:77} INFO - Job 1349: Subtask gcs_2_gcs_task
[2022-02-09 14:25:47,893] {logging_mixin.py:109} INFO - Running <TaskInstance: gcs_to_bq_dag.gcs_2_gcs_task scheduled__2022-02-08T00:00:00+00:00 [running]> on host 57f53df750cc
[2022-02-09 14:25:47,961] {taskinstance.py:1426} INFO - Exporting the following env vars:
AIRFLOW_CTX_DAG_OWNER=***
AIRFLOW_CTX_DAG_ID=gcs_to_bq_dag
AIRFLOW_CTX_TASK_ID=gcs_2_gcs_task
AIRFLOW_CTX_EXECUTION_DATE=2022-02-08T00:00:00+00:00
AIRFLOW_CTX_DAG_RUN_ID=scheduled__2022-02-08T00:00:00+00:00
[2022-02-09 14:25:47,963] {crypto.py:82} WARNING - empty cryptography key - values will not be stored encrypted.
[2022-02-09 14:25:47,965] {gcs_to_gcs.py:346} INFO - Delimiter ignored because wildcard is in prefix
[2022-02-09 14:25:48,319] {gcs_to_gcs.py:431} INFO - Executing copy of gs://dtc_data_lake_rational-aria-338717/raw/yellow_tripdata_2020-02.parquet to gs://dtc_data_lake_rational-aria-338717/yellow/2020-02.parquet
[2022-02-09 14:25:48,409] {gcs.py:251} INFO - Total Bytes: 113958025 | Bytes Written: 113958025
[2022-02-09 14:25:48,410] {gcs.py:264} INFO - Object raw/yellow_tripdata_2020-02.parquet in bucket dtc_data_lake_rational-aria-338717 rewritten to object yellow/2020-02.parquet in bucket dtc_data_lake_rational-aria-338717
[2022-02-09 14:25:48,411] {gcs_to_gcs.py:431} INFO - Executing copy of gs://dtc_data_lake_rational-aria-338717/raw/yellow_tripdata_2020-10.parquet to gs://dtc_data_lake_rational-aria-338717/yellow/2020-10.parquet
[2022-02-09 14:25:48,537] {gcs.py:251} INFO - Total Bytes: 31572830 | Bytes Written: 31572830
[2022-02-09 14:25:48,539] {gcs.py:264} INFO - Object raw/yellow_tripdata_2020-10.parquet in bucket dtc_data_lake_rational-aria-338717 rewritten to object yellow/2020-10.parquet in bucket dtc_data_lake_rational-aria-338717
[2022-02-09 14:25:48,540] {gcs_to_gcs.py:431} INFO - Executing copy of gs://dtc_data_lake_rational-aria-338717/raw/yellow_tripdata_2019-08.parquet to gs://dtc_data_lake_rational-aria-338717/yellow/2019-08.parquet
[2022-02-09 14:25:48,677] {gcs.py:251} INFO - Total Bytes: 111332831 | Bytes Written: 111332831
[2022-02-09 14:25:48,679] {gcs.py:264} INFO - Object raw/yellow_tripdata_2019-08.parquet in bucket dtc_data_lake_rational-aria-338717 rewritten to object yellow/2019-08.parquet in bucket dtc_data_lake_rational-aria-338717
[2022-02-09 14:25:48,681] {gcs_to_gcs.py:431} INFO - Executing copy of gs://dtc_data_lake_rational-aria-338717/raw/yellow_tripdata_2019-05.parquet to gs://dtc_data_lake_rational-aria-338717/yellow/2019-05.parquet
[2022-02-09 14:25:48,969] {gcs.py:251} INFO - Total Bytes: 137418656 | Bytes Written: 137418656
[2022-02-09 14:25:48,970] {gcs.py:264} INFO - Object raw/yellow_tripdata_2019-05.parquet in bucket dtc_data_lake_rational-aria-338717 rewritten to object yellow/2019-05.parquet in bucket dtc_data_lake_rational-aria-338717
[2022-02-09 14:25:48,971] {gcs_to_gcs.py:431} INFO - Executing copy of gs://dtc_data_lake_rational-aria-338717/raw/yellow_tripdata_2020-11.parquet to gs://dtc_data_lake_rational-aria-338717/yellow/2020-11.parquet
[2022-02-09 14:25:49,092] {gcs.py:251} INFO - Total Bytes: 28375709 | Bytes Written: 28375709
[2022-02-09 14:25:49,093] {gcs.py:264} INFO - Object raw/yellow_tripdata_2020-11.parquet in bucket dtc_data_lake_rational-aria-338717 rewritten to object yellow/2020-11.parquet in bucket dtc_data_lake_rational-aria-338717
[2022-02-09 14:25:49,095] {gcs_to_gcs.py:431} INFO - Executing copy of gs://dtc_data_lake_rational-aria-338717/raw/yellow_tripdata_2020-01.parquet to gs://dtc_data_lake_rational-aria-338717/yellow/2020-01.parquet
[2022-02-09 14:25:49,238] {gcs.py:251} INFO - Total Bytes: 116228546 | Bytes Written: 116228546
[2022-02-09 14:25:49,241] {gcs.py:264} INFO - Object raw/yellow_tripdata_2020-01.parquet in bucket dtc_data_lake_rational-aria-338717 rewritten to object yellow/2020-01.parquet in bucket dtc_data_lake_rational-aria-338717
[2022-02-09 14:25:49,244] {gcs_to_gcs.py:431} INFO - Executing copy of gs://dtc_data_lake_rational-aria-338717/raw/yellow_tripdata_2020-03.parquet to gs://dtc_data_lake_rational-aria-338717/yellow/2020-03.parquet
[2022-02-09 14:25:49,375] {gcs.py:251} INFO - Total Bytes: 54378226 | Bytes Written: 54378226
[2022-02-09 14:25:49,377] {gcs.py:264} INFO - Object raw/yellow_tripdata_2020-03.parquet in bucket dtc_data_lake_rational-aria-338717 rewritten to object yellow/2020-03.parquet in bucket dtc_data_lake_rational-aria-338717
[2022-02-09 14:25:49,378] {gcs_to_gcs.py:431} INFO - Executing copy of gs://dtc_data_lake_rational-aria-338717/raw/yellow_tripdata_2020-04.parquet to gs://dtc_data_lake_rational-aria-338717/yellow/2020-04.parquet
[2022-02-09 14:25:49,503] {gcs.py:251} INFO - Total Bytes: 5285861 | Bytes Written: 5285861
[2022-02-09 14:25:49,504] {gcs.py:264} INFO - Object raw/yellow_tripdata_2020-04.parquet in bucket dtc_data_lake_rational-aria-338717 rewritten to object yellow/2020-04.parquet in bucket dtc_data_lake_rational-aria-338717
[2022-02-09 14:25:49,505] {gcs_to_gcs.py:431} INFO - Executing copy of gs://dtc_data_lake_rational-aria-338717/raw/yellow_tripdata_2020-08.parquet to gs://dtc_data_lake_rational-aria-338717/yellow/2020-08.parquet
[2022-02-09 14:25:49,621] {gcs.py:251} INFO - Total Bytes: 19636193 | Bytes Written: 19636193
[2022-02-09 14:25:49,622] {gcs.py:264} INFO - Object raw/yellow_tripdata_2020-08.parquet in bucket dtc_data_lake_rational-aria-338717 rewritten to object yellow/2020-08.parquet in bucket dtc_data_lake_rational-aria-338717
[2022-02-09 14:25:49,624] {gcs_to_gcs.py:431} INFO - Executing copy of gs://dtc_data_lake_rational-aria-338717/raw/yellow_tripdata_2019-09.parquet to gs://dtc_data_lake_rational-aria-338717/yellow/2019-09.parquet
[2022-02-09 14:25:49,762] {gcs.py:251} INFO - Total Bytes: 120286338 | Bytes Written: 120286338
[2022-02-09 14:25:49,763] {gcs.py:264} INFO - Object raw/yellow_tripdata_2019-09.parquet in bucket dtc_data_lake_rational-aria-338717 rewritten to object yellow/2019-09.parquet in bucket dtc_data_lake_rational-aria-338717
[2022-02-09 14:25:49,765] {gcs_to_gcs.py:431} INFO - Executing copy of gs://dtc_data_lake_rational-aria-338717/raw/yellow_tripdata_2019-01.parquet to gs://dtc_data_lake_rational-aria-338717/yellow/2019-01.parquet
[2022-02-09 14:25:49,852] {gcs.py:251} INFO - Total Bytes: 137625296 | Bytes Written: 137625296
[2022-02-09 14:25:49,853] {gcs.py:264} INFO - Object raw/yellow_tripdata_2019-01.parquet in bucket dtc_data_lake_rational-aria-338717 rewritten to object yellow/2019-01.parquet in bucket dtc_data_lake_rational-aria-338717
[2022-02-09 14:25:49,854] {gcs_to_gcs.py:431} INFO - Executing copy of gs://dtc_data_lake_rational-aria-338717/raw/yellow_tripdata_2020-12.parquet to gs://dtc_data_lake_rational-aria-338717/yellow/2020-12.parquet
[2022-02-09 14:25:49,968] {gcs.py:251} INFO - Total Bytes: 27480890 | Bytes Written: 27480890
[2022-02-09 14:25:49,971] {gcs.py:264} INFO - Object raw/yellow_tripdata_2020-12.parquet in bucket dtc_data_lake_rational-aria-338717 rewritten to object yellow/2020-12.parquet in bucket dtc_data_lake_rational-aria-338717
[2022-02-09 14:25:49,972] {gcs_to_gcs.py:431} INFO - Executing copy of gs://dtc_data_lake_rational-aria-338717/raw/yellow_tripdata_2019-11.parquet to gs://dtc_data_lake_rational-aria-338717/yellow/2019-11.parquet
[2022-02-09 14:25:50,110] {gcs.py:251} INFO - Total Bytes: 124810768 | Bytes Written: 124810768
[2022-02-09 14:25:50,111] {gcs.py:264} INFO - Object raw/yellow_tripdata_2019-11.parquet in bucket dtc_data_lake_rational-aria-338717 rewritten to object yellow/2019-11.parquet in bucket dtc_data_lake_rational-aria-338717
[2022-02-09 14:25:50,112] {gcs_to_gcs.py:431} INFO - Executing copy of gs://dtc_data_lake_rational-aria-338717/raw/yellow_tripdata_2019-02.parquet to gs://dtc_data_lake_rational-aria-338717/yellow/2019-02.parquet
[2022-02-09 14:25:50,245] {gcs.py:251} INFO - Total Bytes: 128380769 | Bytes Written: 128380769
[2022-02-09 14:25:50,247] {gcs.py:264} INFO - Object raw/yellow_tripdata_2019-02.parquet in bucket dtc_data_lake_rational-aria-338717 rewritten to object yellow/2019-02.parquet in bucket dtc_data_lake_rational-aria-338717
[2022-02-09 14:25:50,249] {gcs_to_gcs.py:431} INFO - Executing copy of gs://dtc_data_lake_rational-aria-338717/raw/yellow_tripdata_2020-05.parquet to gs://dtc_data_lake_rational-aria-338717/yellow/2020-05.parquet
[2022-02-09 14:25:50,369] {gcs.py:251} INFO - Total Bytes: 7436367 | Bytes Written: 7436367
[2022-02-09 14:25:50,370] {gcs.py:264} INFO - Object raw/yellow_tripdata_2020-05.parquet in bucket dtc_data_lake_rational-aria-338717 rewritten to object yellow/2020-05.parquet in bucket dtc_data_lake_rational-aria-338717
[2022-02-09 14:25:50,371] {gcs_to_gcs.py:431} INFO - Executing copy of gs://dtc_data_lake_rational-aria-338717/raw/yellow_tripdata_2019-12.parquet to gs://dtc_data_lake_rational-aria-338717/yellow/2019-12.parquet
[2022-02-09 14:25:50,503] {gcs.py:251} INFO - Total Bytes: 125360614 | Bytes Written: 125360614
[2022-02-09 14:25:50,504] {gcs.py:264} INFO - Object raw/yellow_tripdata_2019-12.parquet in bucket dtc_data_lake_rational-aria-338717 rewritten to object yellow/2019-12.parquet in bucket dtc_data_lake_rational-aria-338717
[2022-02-09 14:25:50,506] {gcs_to_gcs.py:431} INFO - Executing copy of gs://dtc_data_lake_rational-aria-338717/raw/yellow_tripdata_2019-03.parquet to gs://dtc_data_lake_rational-aria-338717/yellow/2019-03.parquet
[2022-02-09 14:25:50,641] {gcs.py:251} INFO - Total Bytes: 144113501 | Bytes Written: 144113501
[2022-02-09 14:25:50,642] {gcs.py:264} INFO - Object raw/yellow_tripdata_2019-03.parquet in bucket dtc_data_lake_rational-aria-338717 rewritten to object yellow/2019-03.parquet in bucket dtc_data_lake_rational-aria-338717
[2022-02-09 14:25:50,643] {gcs_to_gcs.py:431} INFO - Executing copy of gs://dtc_data_lake_rational-aria-338717/raw/yellow_tripdata_2019-04.parquet to gs://dtc_data_lake_rational-aria-338717/yellow/2019-04.parquet
[2022-02-09 14:25:50,772] {gcs.py:251} INFO - Total Bytes: 136706305 | Bytes Written: 136706305
[2022-02-09 14:25:50,773] {gcs.py:264} INFO - Object raw/yellow_tripdata_2019-04.parquet in bucket dtc_data_lake_rational-aria-338717 rewritten to object yellow/2019-04.parquet in bucket dtc_data_lake_rational-aria-338717
[2022-02-09 14:25:50,774] {gcs_to_gcs.py:431} INFO - Executing copy of gs://dtc_data_lake_rational-aria-338717/raw/yellow_tripdata_2020-07.parquet to gs://dtc_data_lake_rational-aria-338717/yellow/2020-07.parquet
[2022-02-09 14:25:50,910] {gcs.py:251} INFO - Total Bytes: 15762125 | Bytes Written: 15762125
[2022-02-09 14:25:50,912] {gcs.py:264} INFO - Object raw/yellow_tripdata_2020-07.parquet in bucket dtc_data_lake_rational-aria-338717 rewritten to object yellow/2020-07.parquet in bucket dtc_data_lake_rational-aria-338717
[2022-02-09 14:25:50,913] {gcs_to_gcs.py:431} INFO - Executing copy of gs://dtc_data_lake_rational-aria-338717/raw/yellow_tripdata_2020-06.parquet to gs://dtc_data_lake_rational-aria-338717/yellow/2020-06.parquet
[2022-02-09 14:25:51,009] {gcs.py:251} INFO - Total Bytes: 11323874 | Bytes Written: 11323874
[2022-02-09 14:25:51,010] {gcs.py:264} INFO - Object raw/yellow_tripdata_2020-06.parquet in bucket dtc_data_lake_rational-aria-338717 rewritten to object yellow/2020-06.parquet in bucket dtc_data_lake_rational-aria-338717
[2022-02-09 14:25:51,011] {gcs_to_gcs.py:431} INFO - Executing copy of gs://dtc_data_lake_rational-aria-338717/raw/yellow_tripdata_2019-06.parquet to gs://dtc_data_lake_rational-aria-338717/yellow/2019-06.parquet
[2022-02-09 14:25:51,144] {gcs.py:251} INFO - Total Bytes: 126726779 | Bytes Written: 126726779
[2022-02-09 14:25:51,146] {gcs.py:264} INFO - Object raw/yellow_tripdata_2019-06.parquet in bucket dtc_data_lake_rational-aria-338717 rewritten to object yellow/2019-06.parquet in bucket dtc_data_lake_rational-aria-338717
[2022-02-09 14:25:51,147] {gcs_to_gcs.py:431} INFO - Executing copy of gs://dtc_data_lake_rational-aria-338717/raw/yellow_tripdata_2019-07.parquet to gs://dtc_data_lake_rational-aria-338717/yellow/2019-07.parquet
[2022-02-09 14:25:51,274] {gcs.py:251} INFO - Total Bytes: 115534598 | Bytes Written: 115534598
[2022-02-09 14:25:51,276] {gcs.py:264} INFO - Object raw/yellow_tripdata_2019-07.parquet in bucket dtc_data_lake_rational-aria-338717 rewritten to object yellow/2019-07.parquet in bucket dtc_data_lake_rational-aria-338717
[2022-02-09 14:25:51,278] {gcs_to_gcs.py:431} INFO - Executing copy of gs://dtc_data_lake_rational-aria-338717/raw/yellow_tripdata_2019-10.parquet to gs://dtc_data_lake_rational-aria-338717/yellow/2019-10.parquet
[2022-02-09 14:25:51,411] {gcs.py:251} INFO - Total Bytes: 130950231 | Bytes Written: 130950231
[2022-02-09 14:25:51,413] {gcs.py:264} INFO - Object raw/yellow_tripdata_2019-10.parquet in bucket dtc_data_lake_rational-aria-338717 rewritten to object yellow/2019-10.parquet in bucket dtc_data_lake_rational-aria-338717
[2022-02-09 14:25:51,414] {gcs_to_gcs.py:431} INFO - Executing copy of gs://dtc_data_lake_rational-aria-338717/raw/yellow_tripdata_2020-09.parquet to gs://dtc_data_lake_rational-aria-338717/yellow/2020-09.parquet
[2022-02-09 14:25:51,503] {gcs.py:251} INFO - Total Bytes: 25539450 | Bytes Written: 25539450
[2022-02-09 14:25:51,504] {gcs.py:264} INFO - Object raw/yellow_tripdata_2020-09.parquet in bucket dtc_data_lake_rational-aria-338717 rewritten to object yellow/2020-09.parquet in bucket dtc_data_lake_rational-aria-338717
[2022-02-09 14:25:51,525] {taskinstance.py:1277} INFO - Marking task as SUCCESS. dag_id=gcs_to_bq_dag, task_id=gcs_2_gcs_task, execution_date=20220208T000000, start_date=20220209T142547, end_date=20220209T142551
[2022-02-09 14:25:51,585] {local_task_job.py:154} INFO - Task exited with return code 0
[2022-02-09 14:25:51,640] {local_task_job.py:264} INFO - 1 downstream tasks scheduled from follow-on schedule check
