[2022-02-09 09:04:17,928] {taskinstance.py:1032} INFO - Dependencies all met for <TaskInstance: gcs_2_bq_dag.move_green_tripdata_files_task scheduled__2022-02-07T00:00:00+00:00 [queued]>
[2022-02-09 09:04:17,947] {taskinstance.py:1032} INFO - Dependencies all met for <TaskInstance: gcs_2_bq_dag.move_green_tripdata_files_task scheduled__2022-02-07T00:00:00+00:00 [queued]>
[2022-02-09 09:04:17,951] {taskinstance.py:1238} INFO - 
--------------------------------------------------------------------------------
[2022-02-09 09:04:17,952] {taskinstance.py:1239} INFO - Starting attempt 2 of 2
[2022-02-09 09:04:17,953] {taskinstance.py:1240} INFO - 
--------------------------------------------------------------------------------
[2022-02-09 09:04:17,969] {taskinstance.py:1259} INFO - Executing <Task(GCSToGCSOperator): move_green_tripdata_files_task> on 2022-02-07 00:00:00+00:00
[2022-02-09 09:04:17,982] {standard_task_runner.py:52} INFO - Started process 2521 to run task
[2022-02-09 09:04:17,996] {standard_task_runner.py:76} INFO - Running: ['***', 'tasks', 'run', 'gcs_2_bq_dag', 'move_green_tripdata_files_task', 'scheduled__2022-02-07T00:00:00+00:00', '--job-id', '1105', '--raw', '--subdir', 'DAGS_FOLDER/gcs_to_bq_dag.py', '--cfg-path', '/tmp/tmpp3fmhr78', '--error-file', '/tmp/tmpssyiybrr']
[2022-02-09 09:04:17,998] {standard_task_runner.py:77} INFO - Job 1105: Subtask move_green_tripdata_files_task
[2022-02-09 09:04:18,078] {logging_mixin.py:109} INFO - Running <TaskInstance: gcs_2_bq_dag.move_green_tripdata_files_task scheduled__2022-02-07T00:00:00+00:00 [running]> on host fc6fc904367d
[2022-02-09 09:04:18,149] {taskinstance.py:1426} INFO - Exporting the following env vars:
AIRFLOW_CTX_DAG_OWNER=***
AIRFLOW_CTX_DAG_ID=gcs_2_bq_dag
AIRFLOW_CTX_TASK_ID=move_green_tripdata_files_task
AIRFLOW_CTX_EXECUTION_DATE=2022-02-07T00:00:00+00:00
AIRFLOW_CTX_DAG_RUN_ID=scheduled__2022-02-07T00:00:00+00:00
[2022-02-09 09:04:18,154] {crypto.py:82} WARNING - empty cryptography key - values will not be stored encrypted.
[2022-02-09 09:04:18,155] {gcs_to_gcs.py:346} INFO - Delimiter ignored because wildcard is in prefix
[2022-02-09 09:04:18,598] {gcs_to_gcs.py:431} INFO - Executing copy of gs://dtc_data_lake_rational-aria-338717/raw/green_tripdata_2020-07.parquet to gs://dtc_data_lake_rational-aria-338717/green/green_tripdata*.parquet_2020-07.parquet
[2022-02-09 09:04:18,757] {gcs.py:251} INFO - Total Bytes: 1620411 | Bytes Written: 1620411
[2022-02-09 09:04:18,758] {gcs.py:264} INFO - Object raw/green_tripdata_2020-07.parquet in bucket dtc_data_lake_rational-aria-338717 rewritten to object green/green_tripdata*.parquet_2020-07.parquet in bucket dtc_data_lake_rational-aria-338717
[2022-02-09 09:04:18,834] {gcs.py:645} INFO - Blob raw/green_tripdata_2020-07.parquet deleted.
[2022-02-09 09:04:18,835] {gcs_to_gcs.py:431} INFO - Executing copy of gs://dtc_data_lake_rational-aria-338717/raw/green_tripdata_2019-05.parquet to gs://dtc_data_lake_rational-aria-338717/green/green_tripdata*.parquet_2019-05.parquet
[2022-02-09 09:04:18,964] {gcs.py:251} INFO - Total Bytes: 10035406 | Bytes Written: 10035406
[2022-02-09 09:04:18,965] {gcs.py:264} INFO - Object raw/green_tripdata_2019-05.parquet in bucket dtc_data_lake_rational-aria-338717 rewritten to object green/green_tripdata*.parquet_2019-05.parquet in bucket dtc_data_lake_rational-aria-338717
[2022-02-09 09:04:19,031] {gcs.py:645} INFO - Blob raw/green_tripdata_2019-05.parquet deleted.
[2022-02-09 09:04:19,032] {gcs_to_gcs.py:431} INFO - Executing copy of gs://dtc_data_lake_rational-aria-338717/raw/green_tripdata_2020-02.parquet to gs://dtc_data_lake_rational-aria-338717/green/green_tripdata*.parquet_2020-02.parquet
[2022-02-09 09:04:19,167] {gcs.py:251} INFO - Total Bytes: 7901266 | Bytes Written: 7901266
[2022-02-09 09:04:19,168] {gcs.py:264} INFO - Object raw/green_tripdata_2020-02.parquet in bucket dtc_data_lake_rational-aria-338717 rewritten to object green/green_tripdata*.parquet_2020-02.parquet in bucket dtc_data_lake_rational-aria-338717
[2022-02-09 09:04:19,235] {gcs.py:645} INFO - Blob raw/green_tripdata_2020-02.parquet deleted.
[2022-02-09 09:04:19,237] {gcs_to_gcs.py:431} INFO - Executing copy of gs://dtc_data_lake_rational-aria-338717/raw/green_tripdata_2020-12.parquet to gs://dtc_data_lake_rational-aria-338717/green/green_tripdata*.parquet_2020-12.parquet
[2022-02-09 09:04:19,361] {gcs.py:251} INFO - Total Bytes: 1803610 | Bytes Written: 1803610
[2022-02-09 09:04:19,362] {gcs.py:264} INFO - Object raw/green_tripdata_2020-12.parquet in bucket dtc_data_lake_rational-aria-338717 rewritten to object green/green_tripdata*.parquet_2020-12.parquet in bucket dtc_data_lake_rational-aria-338717
[2022-02-09 09:04:19,424] {gcs.py:645} INFO - Blob raw/green_tripdata_2020-12.parquet deleted.
[2022-02-09 09:04:19,425] {gcs_to_gcs.py:431} INFO - Executing copy of gs://dtc_data_lake_rational-aria-338717/raw/green_tripdata_2020-01.parquet to gs://dtc_data_lake_rational-aria-338717/green/green_tripdata*.parquet_2020-01.parquet
[2022-02-09 09:04:19,551] {gcs.py:251} INFO - Total Bytes: 8617732 | Bytes Written: 8617732
[2022-02-09 09:04:19,552] {gcs.py:264} INFO - Object raw/green_tripdata_2020-01.parquet in bucket dtc_data_lake_rational-aria-338717 rewritten to object green/green_tripdata*.parquet_2020-01.parquet in bucket dtc_data_lake_rational-aria-338717
[2022-02-09 09:04:19,614] {gcs.py:645} INFO - Blob raw/green_tripdata_2020-01.parquet deleted.
[2022-02-09 09:04:19,615] {gcs_to_gcs.py:431} INFO - Executing copy of gs://dtc_data_lake_rational-aria-338717/raw/green_tripdata_2019-07.parquet to gs://dtc_data_lake_rational-aria-338717/green/green_tripdata*.parquet_2019-07.parquet
[2022-02-09 09:04:19,743] {gcs.py:251} INFO - Total Bytes: 9384301 | Bytes Written: 9384301
[2022-02-09 09:04:19,744] {gcs.py:264} INFO - Object raw/green_tripdata_2019-07.parquet in bucket dtc_data_lake_rational-aria-338717 rewritten to object green/green_tripdata*.parquet_2019-07.parquet in bucket dtc_data_lake_rational-aria-338717
[2022-02-09 09:04:19,808] {gcs.py:645} INFO - Blob raw/green_tripdata_2019-07.parquet deleted.
[2022-02-09 09:04:19,809] {gcs_to_gcs.py:431} INFO - Executing copy of gs://dtc_data_lake_rational-aria-338717/raw/green_tripdata_2020-09.parquet to gs://dtc_data_lake_rational-aria-338717/green/green_tripdata*.parquet_2020-09.parquet
[2022-02-09 09:04:19,922] {gcs.py:251} INFO - Total Bytes: 1908712 | Bytes Written: 1908712
[2022-02-09 09:04:19,924] {gcs.py:264} INFO - Object raw/green_tripdata_2020-09.parquet in bucket dtc_data_lake_rational-aria-338717 rewritten to object green/green_tripdata*.parquet_2020-09.parquet in bucket dtc_data_lake_rational-aria-338717
[2022-02-09 09:04:19,991] {gcs.py:645} INFO - Blob raw/green_tripdata_2020-09.parquet deleted.
[2022-02-09 09:04:19,991] {gcs_to_gcs.py:431} INFO - Executing copy of gs://dtc_data_lake_rational-aria-338717/raw/green_tripdata_2019-04.parquet to gs://dtc_data_lake_rational-aria-338717/green/green_tripdata*.parquet_2019-04.parquet
[2022-02-09 09:04:20,111] {gcs.py:251} INFO - Total Bytes: 10368300 | Bytes Written: 10368300
[2022-02-09 09:04:20,112] {gcs.py:264} INFO - Object raw/green_tripdata_2019-04.parquet in bucket dtc_data_lake_rational-aria-338717 rewritten to object green/green_tripdata*.parquet_2019-04.parquet in bucket dtc_data_lake_rational-aria-338717
[2022-02-09 09:04:20,178] {gcs.py:645} INFO - Blob raw/green_tripdata_2019-04.parquet deleted.
[2022-02-09 09:04:20,180] {gcs_to_gcs.py:431} INFO - Executing copy of gs://dtc_data_lake_rational-aria-338717/raw/green_tripdata_2019-03.parquet to gs://dtc_data_lake_rational-aria-338717/green/green_tripdata*.parquet_2019-03.parquet
[2022-02-09 09:04:20,312] {gcs.py:251} INFO - Total Bytes: 12164779 | Bytes Written: 12164779
[2022-02-09 09:04:20,313] {gcs.py:264} INFO - Object raw/green_tripdata_2019-03.parquet in bucket dtc_data_lake_rational-aria-338717 rewritten to object green/green_tripdata*.parquet_2019-03.parquet in bucket dtc_data_lake_rational-aria-338717
[2022-02-09 09:04:20,396] {gcs.py:645} INFO - Blob raw/green_tripdata_2019-03.parquet deleted.
[2022-02-09 09:04:20,398] {gcs_to_gcs.py:431} INFO - Executing copy of gs://dtc_data_lake_rational-aria-338717/raw/green_tripdata_2019-11.parquet to gs://dtc_data_lake_rational-aria-338717/green/green_tripdata*.parquet_2019-11.parquet
[2022-02-09 09:04:20,522] {gcs.py:251} INFO - Total Bytes: 8963549 | Bytes Written: 8963549
[2022-02-09 09:04:20,530] {gcs.py:264} INFO - Object raw/green_tripdata_2019-11.parquet in bucket dtc_data_lake_rational-aria-338717 rewritten to object green/green_tripdata*.parquet_2019-11.parquet in bucket dtc_data_lake_rational-aria-338717
[2022-02-09 09:04:20,615] {gcs.py:645} INFO - Blob raw/green_tripdata_2019-11.parquet deleted.
[2022-02-09 09:04:20,616] {gcs_to_gcs.py:431} INFO - Executing copy of gs://dtc_data_lake_rational-aria-338717/raw/green_tripdata_2019-09.parquet to gs://dtc_data_lake_rational-aria-338717/green/green_tripdata*.parquet_2019-09.parquet
[2022-02-09 09:04:20,731] {gcs.py:251} INFO - Total Bytes: 9061270 | Bytes Written: 9061270
[2022-02-09 09:04:20,733] {gcs.py:264} INFO - Object raw/green_tripdata_2019-09.parquet in bucket dtc_data_lake_rational-aria-338717 rewritten to object green/green_tripdata*.parquet_2019-09.parquet in bucket dtc_data_lake_rational-aria-338717
[2022-02-09 09:04:20,793] {gcs.py:645} INFO - Blob raw/green_tripdata_2019-09.parquet deleted.
[2022-02-09 09:04:20,794] {gcs_to_gcs.py:431} INFO - Executing copy of gs://dtc_data_lake_rational-aria-338717/raw/green_tripdata_2019-10.parquet to gs://dtc_data_lake_rational-aria-338717/green/green_tripdata*.parquet_2019-10.parquet
[2022-02-09 09:04:20,916] {gcs.py:251} INFO - Total Bytes: 9316472 | Bytes Written: 9316472
[2022-02-09 09:04:20,917] {gcs.py:264} INFO - Object raw/green_tripdata_2019-10.parquet in bucket dtc_data_lake_rational-aria-338717 rewritten to object green/green_tripdata*.parquet_2019-10.parquet in bucket dtc_data_lake_rational-aria-338717
[2022-02-09 09:04:20,978] {gcs.py:645} INFO - Blob raw/green_tripdata_2019-10.parquet deleted.
[2022-02-09 09:04:20,979] {gcs_to_gcs.py:431} INFO - Executing copy of gs://dtc_data_lake_rational-aria-338717/raw/green_tripdata_2019-01.parquet to gs://dtc_data_lake_rational-aria-338717/green/green_tripdata*.parquet_2019-01.parquet
[2022-02-09 09:04:21,071] {gcs.py:251} INFO - Total Bytes: 12440451 | Bytes Written: 12440451
[2022-02-09 09:04:21,072] {gcs.py:264} INFO - Object raw/green_tripdata_2019-01.parquet in bucket dtc_data_lake_rational-aria-338717 rewritten to object green/green_tripdata*.parquet_2019-01.parquet in bucket dtc_data_lake_rational-aria-338717
[2022-02-09 09:04:21,130] {gcs.py:645} INFO - Blob raw/green_tripdata_2019-01.parquet deleted.
[2022-02-09 09:04:21,131] {gcs_to_gcs.py:431} INFO - Executing copy of gs://dtc_data_lake_rational-aria-338717/raw/green_tripdata_2020-08.parquet to gs://dtc_data_lake_rational-aria-338717/green/green_tripdata*.parquet_2020-08.parquet
[2022-02-09 09:04:21,280] {gcs.py:251} INFO - Total Bytes: 1817418 | Bytes Written: 1817418
[2022-02-09 09:04:21,281] {gcs.py:264} INFO - Object raw/green_tripdata_2020-08.parquet in bucket dtc_data_lake_rational-aria-338717 rewritten to object green/green_tripdata*.parquet_2020-08.parquet in bucket dtc_data_lake_rational-aria-338717
[2022-02-09 09:04:21,342] {gcs.py:645} INFO - Blob raw/green_tripdata_2020-08.parquet deleted.
[2022-02-09 09:04:21,343] {gcs_to_gcs.py:431} INFO - Executing copy of gs://dtc_data_lake_rational-aria-338717/raw/green_tripdata_2019-08.parquet to gs://dtc_data_lake_rational-aria-338717/green/green_tripdata*.parquet_2019-08.parquet
[2022-02-09 09:04:21,469] {gcs.py:251} INFO - Total Bytes: 8952875 | Bytes Written: 8952875
[2022-02-09 09:04:21,470] {gcs.py:264} INFO - Object raw/green_tripdata_2019-08.parquet in bucket dtc_data_lake_rational-aria-338717 rewritten to object green/green_tripdata*.parquet_2019-08.parquet in bucket dtc_data_lake_rational-aria-338717
[2022-02-09 09:04:21,530] {gcs.py:645} INFO - Blob raw/green_tripdata_2019-08.parquet deleted.
[2022-02-09 09:04:21,531] {gcs_to_gcs.py:431} INFO - Executing copy of gs://dtc_data_lake_rational-aria-338717/raw/green_tripdata_2019-02.parquet to gs://dtc_data_lake_rational-aria-338717/green/green_tripdata*.parquet_2019-02.parquet
[2022-02-09 09:04:21,654] {gcs.py:251} INFO - Total Bytes: 11658265 | Bytes Written: 11658265
[2022-02-09 09:04:21,656] {gcs.py:264} INFO - Object raw/green_tripdata_2019-02.parquet in bucket dtc_data_lake_rational-aria-338717 rewritten to object green/green_tripdata*.parquet_2019-02.parquet in bucket dtc_data_lake_rational-aria-338717
[2022-02-09 09:04:21,721] {gcs.py:645} INFO - Blob raw/green_tripdata_2019-02.parquet deleted.
[2022-02-09 09:04:21,722] {gcs_to_gcs.py:431} INFO - Executing copy of gs://dtc_data_lake_rational-aria-338717/raw/green_tripdata_2020-03.parquet to gs://dtc_data_lake_rational-aria-338717/green/green_tripdata*.parquet_2020-03.parquet
[2022-02-09 09:04:21,852] {gcs.py:251} INFO - Total Bytes: 4771177 | Bytes Written: 4771177
[2022-02-09 09:04:21,854] {gcs.py:264} INFO - Object raw/green_tripdata_2020-03.parquet in bucket dtc_data_lake_rational-aria-338717 rewritten to object green/green_tripdata*.parquet_2020-03.parquet in bucket dtc_data_lake_rational-aria-338717
[2022-02-09 09:04:21,918] {gcs.py:645} INFO - Blob raw/green_tripdata_2020-03.parquet deleted.
[2022-02-09 09:04:21,919] {gcs_to_gcs.py:431} INFO - Executing copy of gs://dtc_data_lake_rational-aria-338717/raw/green_tripdata_2020-10.parquet to gs://dtc_data_lake_rational-aria-338717/green/green_tripdata*.parquet_2020-10.parquet
[2022-02-09 09:04:22,033] {gcs.py:251} INFO - Total Bytes: 2079420 | Bytes Written: 2079420
[2022-02-09 09:04:22,035] {gcs.py:264} INFO - Object raw/green_tripdata_2020-10.parquet in bucket dtc_data_lake_rational-aria-338717 rewritten to object green/green_tripdata*.parquet_2020-10.parquet in bucket dtc_data_lake_rational-aria-338717
[2022-02-09 09:04:22,099] {gcs.py:645} INFO - Blob raw/green_tripdata_2020-10.parquet deleted.
[2022-02-09 09:04:22,100] {gcs_to_gcs.py:431} INFO - Executing copy of gs://dtc_data_lake_rational-aria-338717/raw/green_tripdata_2020-04.parquet to gs://dtc_data_lake_rational-aria-338717/green/green_tripdata*.parquet_2020-04.parquet
[2022-02-09 09:04:22,217] {gcs.py:251} INFO - Total Bytes: 885640 | Bytes Written: 885640
[2022-02-09 09:04:22,218] {gcs.py:264} INFO - Object raw/green_tripdata_2020-04.parquet in bucket dtc_data_lake_rational-aria-338717 rewritten to object green/green_tripdata*.parquet_2020-04.parquet in bucket dtc_data_lake_rational-aria-338717
[2022-02-09 09:04:22,284] {gcs.py:645} INFO - Blob raw/green_tripdata_2020-04.parquet deleted.
[2022-02-09 09:04:22,285] {gcs_to_gcs.py:431} INFO - Executing copy of gs://dtc_data_lake_rational-aria-338717/raw/green_tripdata_2020-11.parquet to gs://dtc_data_lake_rational-aria-338717/green/green_tripdata*.parquet_2020-11.parquet
[2022-02-09 09:04:22,406] {gcs.py:251} INFO - Total Bytes: 1944133 | Bytes Written: 1944133
[2022-02-09 09:04:22,407] {gcs.py:264} INFO - Object raw/green_tripdata_2020-11.parquet in bucket dtc_data_lake_rational-aria-338717 rewritten to object green/green_tripdata*.parquet_2020-11.parquet in bucket dtc_data_lake_rational-aria-338717
[2022-02-09 09:04:22,480] {gcs.py:645} INFO - Blob raw/green_tripdata_2020-11.parquet deleted.
[2022-02-09 09:04:22,481] {gcs_to_gcs.py:431} INFO - Executing copy of gs://dtc_data_lake_rational-aria-338717/raw/green_tripdata_2020-05.parquet to gs://dtc_data_lake_rational-aria-338717/green/green_tripdata*.parquet_2020-05.parquet
[2022-02-09 09:04:22,606] {gcs.py:251} INFO - Total Bytes: 1345963 | Bytes Written: 1345963
[2022-02-09 09:04:22,609] {gcs.py:264} INFO - Object raw/green_tripdata_2020-05.parquet in bucket dtc_data_lake_rational-aria-338717 rewritten to object green/green_tripdata*.parquet_2020-05.parquet in bucket dtc_data_lake_rational-aria-338717
[2022-02-09 09:04:22,676] {gcs.py:645} INFO - Blob raw/green_tripdata_2020-05.parquet deleted.
[2022-02-09 09:04:22,678] {gcs_to_gcs.py:431} INFO - Executing copy of gs://dtc_data_lake_rational-aria-338717/raw/green_tripdata_2019-12.parquet to gs://dtc_data_lake_rational-aria-338717/green/green_tripdata*.parquet_2019-12.parquet
[2022-02-09 09:04:22,797] {gcs.py:251} INFO - Total Bytes: 8887392 | Bytes Written: 8887392
[2022-02-09 09:04:22,801] {gcs.py:264} INFO - Object raw/green_tripdata_2019-12.parquet in bucket dtc_data_lake_rational-aria-338717 rewritten to object green/green_tripdata*.parquet_2019-12.parquet in bucket dtc_data_lake_rational-aria-338717
[2022-02-09 09:04:22,875] {gcs.py:645} INFO - Blob raw/green_tripdata_2019-12.parquet deleted.
[2022-02-09 09:04:22,880] {gcs_to_gcs.py:431} INFO - Executing copy of gs://dtc_data_lake_rational-aria-338717/raw/green_tripdata_2020-06.parquet to gs://dtc_data_lake_rational-aria-338717/green/green_tripdata*.parquet_2020-06.parquet
[2022-02-09 09:04:23,014] {gcs.py:251} INFO - Total Bytes: 1485409 | Bytes Written: 1485409
[2022-02-09 09:04:23,016] {gcs.py:264} INFO - Object raw/green_tripdata_2020-06.parquet in bucket dtc_data_lake_rational-aria-338717 rewritten to object green/green_tripdata*.parquet_2020-06.parquet in bucket dtc_data_lake_rational-aria-338717
[2022-02-09 09:04:23,142] {gcs.py:645} INFO - Blob raw/green_tripdata_2020-06.parquet deleted.
[2022-02-09 09:04:23,146] {gcs_to_gcs.py:431} INFO - Executing copy of gs://dtc_data_lake_rational-aria-338717/raw/green_tripdata_2019-06.parquet to gs://dtc_data_lake_rational-aria-338717/green/green_tripdata*.parquet_2019-06.parquet
[2022-02-09 09:04:23,364] {gcs.py:251} INFO - Total Bytes: 9391176 | Bytes Written: 9391176
[2022-02-09 09:04:23,370] {gcs.py:264} INFO - Object raw/green_tripdata_2019-06.parquet in bucket dtc_data_lake_rational-aria-338717 rewritten to object green/green_tripdata*.parquet_2019-06.parquet in bucket dtc_data_lake_rational-aria-338717
[2022-02-09 09:04:23,450] {gcs.py:645} INFO - Blob raw/green_tripdata_2019-06.parquet deleted.
[2022-02-09 09:04:23,490] {taskinstance.py:1277} INFO - Marking task as SUCCESS. dag_id=gcs_2_bq_dag, task_id=move_green_tripdata_files_task, execution_date=20220207T000000, start_date=20220209T090417, end_date=20220209T090423
[2022-02-09 09:04:23,536] {local_task_job.py:154} INFO - Task exited with return code 0
[2022-02-09 09:04:23,577] {local_task_job.py:264} INFO - 0 downstream tasks scheduled from follow-on schedule check
[2022-02-09 09:04:23,607] {dagrun.py:628} WARNING - Failed to get task '<TaskInstance: gcs_2_bq_dag.bq_yellow_tripdata_external_table_task scheduled__2022-02-07T00:00:00+00:00 [removed]>' for dag 'gcs_2_bq_dag'. Marking it as removed.
[2022-02-09 09:04:23,611] {dagrun.py:628} WARNING - Failed to get task '<TaskInstance: gcs_2_bq_dag.bq_create_yellow_tripdata_partitioned_table_task scheduled__2022-02-07T00:00:00+00:00 [removed]>' for dag 'gcs_2_bq_dag'. Marking it as removed.
[2022-02-09 09:04:23,613] {dagrun.py:628} WARNING - Failed to get task '<TaskInstance: gcs_2_bq_dag.bq_green_tripdata_external_table_task scheduled__2022-02-07T00:00:00+00:00 [removed]>' for dag 'gcs_2_bq_dag'. Marking it as removed.
[2022-02-09 09:04:23,616] {dagrun.py:628} WARNING - Failed to get task '<TaskInstance: gcs_2_bq_dag.bq_create_green_tripdata_partitioned_table_task scheduled__2022-02-07T00:00:00+00:00 [removed]>' for dag 'gcs_2_bq_dag'. Marking it as removed.
[2022-02-09 09:04:23,618] {dagrun.py:545} INFO - Marking run <DagRun gcs_2_bq_dag @ 2022-02-07 00:00:00+00:00: scheduled__2022-02-07T00:00:00+00:00, externally triggered: False> successful
[2022-02-09 09:04:23,620] {dagrun.py:605} INFO - DagRun Finished: dag_id=gcs_2_bq_dag, execution_date=2022-02-07 00:00:00+00:00, run_id=scheduled__2022-02-07T00:00:00+00:00, run_start_date=2022-02-08 14:34:18.316744+00:00, run_end_date=2022-02-09 09:04:23.620624+00:00, run_duration=66605.30388, state=success, external_trigger=False, run_type=scheduled, data_interval_start=2022-02-07 00:00:00+00:00, data_interval_end=2022-02-08 00:00:00+00:00, dag_hash=1fcbeb273d5208c2071858c4c7cdfe5b
