[2022-02-09 14:35:13,557] {taskinstance.py:1032} INFO - Dependencies all met for <TaskInstance: gcs_to_bq_dag.bq_create_yellow_tripdat_partitioned_table_task scheduled__2022-02-08T00:00:00+00:00 [queued]>
[2022-02-09 14:35:13,570] {taskinstance.py:1032} INFO - Dependencies all met for <TaskInstance: gcs_to_bq_dag.bq_create_yellow_tripdat_partitioned_table_task scheduled__2022-02-08T00:00:00+00:00 [queued]>
[2022-02-09 14:35:13,572] {taskinstance.py:1238} INFO - 
--------------------------------------------------------------------------------
[2022-02-09 14:35:13,572] {taskinstance.py:1239} INFO - Starting attempt 2 of 3
[2022-02-09 14:35:13,573] {taskinstance.py:1240} INFO - 
--------------------------------------------------------------------------------
[2022-02-09 14:35:13,586] {taskinstance.py:1259} INFO - Executing <Task(BigQueryInsertJobOperator): bq_create_yellow_tripdat_partitioned_table_task> on 2022-02-08 00:00:00+00:00
[2022-02-09 14:35:13,593] {standard_task_runner.py:52} INFO - Started process 2356 to run task
[2022-02-09 14:35:13,606] {standard_task_runner.py:76} INFO - Running: ['***', 'tasks', 'run', 'gcs_to_bq_dag', 'bq_create_yellow_tripdat_partitioned_table_task', 'scheduled__2022-02-08T00:00:00+00:00', '--job-id', '1365', '--raw', '--subdir', 'DAGS_FOLDER/gcs_2_bq_dag.py', '--cfg-path', '/tmp/tmp5wgxo0cs', '--error-file', '/tmp/tmpulan0fit']
[2022-02-09 14:35:13,609] {standard_task_runner.py:77} INFO - Job 1365: Subtask bq_create_yellow_tripdat_partitioned_table_task
[2022-02-09 14:35:13,713] {logging_mixin.py:109} INFO - Running <TaskInstance: gcs_to_bq_dag.bq_create_yellow_tripdat_partitioned_table_task scheduled__2022-02-08T00:00:00+00:00 [running]> on host 57f53df750cc
[2022-02-09 14:35:13,767] {taskinstance.py:1426} INFO - Exporting the following env vars:
AIRFLOW_CTX_DAG_OWNER=***
AIRFLOW_CTX_DAG_ID=gcs_to_bq_dag
AIRFLOW_CTX_TASK_ID=bq_create_yellow_tripdat_partitioned_table_task
AIRFLOW_CTX_EXECUTION_DATE=2022-02-08T00:00:00+00:00
AIRFLOW_CTX_DAG_RUN_ID=scheduled__2022-02-08T00:00:00+00:00
[2022-02-09 14:35:13,769] {crypto.py:82} WARNING - empty cryptography key - values will not be stored encrypted.
[2022-02-09 14:35:13,771] {warnings.py:110} WARNING - /home/***/.local/lib/python3.7/site-packages/***/utils/context.py:152: AirflowContextDeprecationWarning: Accessing 'execution_date' from the template is deprecated and will be removed in a future version. Please use 'data_interval_start' or 'logical_date' instead.
  warnings.warn(_create_deprecation_warning(key, self._deprecation_replacements[key]))

[2022-02-09 14:35:13,779] {bigquery.py:1637} INFO - Inserting job ***_gcs_to_bq_dag_bq_create_yellow_tripdat_partitioned_table_task_2022_02_08T00_00_00_00_00_d1ea2c6021f5e865e57a05224ca372d0
[2022-02-09 14:35:38,231] {taskinstance.py:1277} INFO - Marking task as SUCCESS. dag_id=gcs_to_bq_dag, task_id=bq_create_yellow_tripdat_partitioned_table_task, execution_date=20220208T000000, start_date=20220209T143513, end_date=20220209T143538
[2022-02-09 14:35:38,294] {local_task_job.py:154} INFO - Task exited with return code 0
[2022-02-09 14:35:38,420] {local_task_job.py:264} INFO - 0 downstream tasks scheduled from follow-on schedule check
