[2022-02-09 09:04:17,885] {taskinstance.py:1032} INFO - Dependencies all met for <TaskInstance: gcs_2_bq_dag.move_yellow_tripdata_files_task scheduled__2022-02-07T00:00:00+00:00 [queued]>
[2022-02-09 09:04:17,898] {taskinstance.py:1032} INFO - Dependencies all met for <TaskInstance: gcs_2_bq_dag.move_yellow_tripdata_files_task scheduled__2022-02-07T00:00:00+00:00 [queued]>
[2022-02-09 09:04:17,900] {taskinstance.py:1238} INFO - 
--------------------------------------------------------------------------------
[2022-02-09 09:04:17,901] {taskinstance.py:1239} INFO - Starting attempt 2 of 2
[2022-02-09 09:04:17,902] {taskinstance.py:1240} INFO - 
--------------------------------------------------------------------------------
[2022-02-09 09:04:17,920] {taskinstance.py:1259} INFO - Executing <Task(GCSToGCSOperator): move_yellow_tripdata_files_task> on 2022-02-07 00:00:00+00:00
[2022-02-09 09:04:17,938] {standard_task_runner.py:52} INFO - Started process 2520 to run task
[2022-02-09 09:04:17,944] {standard_task_runner.py:76} INFO - Running: ['***', 'tasks', 'run', 'gcs_2_bq_dag', 'move_yellow_tripdata_files_task', 'scheduled__2022-02-07T00:00:00+00:00', '--job-id', '1106', '--raw', '--subdir', 'DAGS_FOLDER/gcs_to_bq_dag.py', '--cfg-path', '/tmp/tmp6020xcq4', '--error-file', '/tmp/tmpx4tz0rwt']
[2022-02-09 09:04:17,946] {standard_task_runner.py:77} INFO - Job 1106: Subtask move_yellow_tripdata_files_task
[2022-02-09 09:04:18,059] {logging_mixin.py:109} INFO - Running <TaskInstance: gcs_2_bq_dag.move_yellow_tripdata_files_task scheduled__2022-02-07T00:00:00+00:00 [running]> on host fc6fc904367d
[2022-02-09 09:04:18,144] {taskinstance.py:1426} INFO - Exporting the following env vars:
AIRFLOW_CTX_DAG_OWNER=***
AIRFLOW_CTX_DAG_ID=gcs_2_bq_dag
AIRFLOW_CTX_TASK_ID=move_yellow_tripdata_files_task
AIRFLOW_CTX_EXECUTION_DATE=2022-02-07T00:00:00+00:00
AIRFLOW_CTX_DAG_RUN_ID=scheduled__2022-02-07T00:00:00+00:00
[2022-02-09 09:04:18,147] {crypto.py:82} WARNING - empty cryptography key - values will not be stored encrypted.
[2022-02-09 09:04:18,149] {gcs_to_gcs.py:346} INFO - Delimiter ignored because wildcard is in prefix
[2022-02-09 09:04:18,596] {gcs_to_gcs.py:431} INFO - Executing copy of gs://dtc_data_lake_rational-aria-338717/raw/yellow_tripdata_2019-03.parquet to gs://dtc_data_lake_rational-aria-338717/yellow/yellow_tripdata*.parquet_2019-03.parquet
[2022-02-09 09:04:18,760] {gcs.py:251} INFO - Total Bytes: 144113501 | Bytes Written: 144113501
[2022-02-09 09:04:18,761] {gcs.py:264} INFO - Object raw/yellow_tripdata_2019-03.parquet in bucket dtc_data_lake_rational-aria-338717 rewritten to object yellow/yellow_tripdata*.parquet_2019-03.parquet in bucket dtc_data_lake_rational-aria-338717
[2022-02-09 09:04:18,848] {gcs.py:645} INFO - Blob raw/yellow_tripdata_2019-03.parquet deleted.
[2022-02-09 09:04:18,849] {gcs_to_gcs.py:431} INFO - Executing copy of gs://dtc_data_lake_rational-aria-338717/raw/yellow_tripdata_2020-01.parquet to gs://dtc_data_lake_rational-aria-338717/yellow/yellow_tripdata*.parquet_2020-01.parquet
[2022-02-09 09:04:18,984] {gcs.py:251} INFO - Total Bytes: 116228546 | Bytes Written: 116228546
[2022-02-09 09:04:18,986] {gcs.py:264} INFO - Object raw/yellow_tripdata_2020-01.parquet in bucket dtc_data_lake_rational-aria-338717 rewritten to object yellow/yellow_tripdata*.parquet_2020-01.parquet in bucket dtc_data_lake_rational-aria-338717
[2022-02-09 09:04:19,057] {gcs.py:645} INFO - Blob raw/yellow_tripdata_2020-01.parquet deleted.
[2022-02-09 09:04:19,059] {gcs_to_gcs.py:431} INFO - Executing copy of gs://dtc_data_lake_rational-aria-338717/raw/yellow_tripdata_2020-04.parquet to gs://dtc_data_lake_rational-aria-338717/yellow/yellow_tripdata*.parquet_2020-04.parquet
[2022-02-09 09:04:19,191] {gcs.py:251} INFO - Total Bytes: 5285861 | Bytes Written: 5285861
[2022-02-09 09:04:19,194] {gcs.py:264} INFO - Object raw/yellow_tripdata_2020-04.parquet in bucket dtc_data_lake_rational-aria-338717 rewritten to object yellow/yellow_tripdata*.parquet_2020-04.parquet in bucket dtc_data_lake_rational-aria-338717
[2022-02-09 09:04:19,254] {gcs.py:645} INFO - Blob raw/yellow_tripdata_2020-04.parquet deleted.
[2022-02-09 09:04:19,255] {gcs_to_gcs.py:431} INFO - Executing copy of gs://dtc_data_lake_rational-aria-338717/raw/yellow_tripdata_2019-01.parquet to gs://dtc_data_lake_rational-aria-338717/yellow/yellow_tripdata*.parquet_2019-01.parquet
[2022-02-09 09:04:19,383] {gcs.py:251} INFO - Total Bytes: 137625296 | Bytes Written: 137625296
[2022-02-09 09:04:19,384] {gcs.py:264} INFO - Object raw/yellow_tripdata_2019-01.parquet in bucket dtc_data_lake_rational-aria-338717 rewritten to object yellow/yellow_tripdata*.parquet_2019-01.parquet in bucket dtc_data_lake_rational-aria-338717
[2022-02-09 09:04:19,448] {gcs.py:645} INFO - Blob raw/yellow_tripdata_2019-01.parquet deleted.
[2022-02-09 09:04:19,449] {gcs_to_gcs.py:431} INFO - Executing copy of gs://dtc_data_lake_rational-aria-338717/raw/yellow_tripdata_2020-11.parquet to gs://dtc_data_lake_rational-aria-338717/yellow/yellow_tripdata*.parquet_2020-11.parquet
[2022-02-09 09:04:19,565] {gcs.py:251} INFO - Total Bytes: 28375709 | Bytes Written: 28375709
[2022-02-09 09:04:19,567] {gcs.py:264} INFO - Object raw/yellow_tripdata_2020-11.parquet in bucket dtc_data_lake_rational-aria-338717 rewritten to object yellow/yellow_tripdata*.parquet_2020-11.parquet in bucket dtc_data_lake_rational-aria-338717
[2022-02-09 09:04:19,628] {gcs.py:645} INFO - Blob raw/yellow_tripdata_2020-11.parquet deleted.
[2022-02-09 09:04:19,629] {gcs_to_gcs.py:431} INFO - Executing copy of gs://dtc_data_lake_rational-aria-338717/raw/yellow_tripdata_2019-04.parquet to gs://dtc_data_lake_rational-aria-338717/yellow/yellow_tripdata*.parquet_2019-04.parquet
[2022-02-09 09:04:19,747] {gcs.py:251} INFO - Total Bytes: 136706305 | Bytes Written: 136706305
[2022-02-09 09:04:19,748] {gcs.py:264} INFO - Object raw/yellow_tripdata_2019-04.parquet in bucket dtc_data_lake_rational-aria-338717 rewritten to object yellow/yellow_tripdata*.parquet_2019-04.parquet in bucket dtc_data_lake_rational-aria-338717
[2022-02-09 09:04:19,807] {gcs.py:645} INFO - Blob raw/yellow_tripdata_2019-04.parquet deleted.
[2022-02-09 09:04:19,808] {gcs_to_gcs.py:431} INFO - Executing copy of gs://dtc_data_lake_rational-aria-338717/raw/yellow_tripdata_2019-05.parquet to gs://dtc_data_lake_rational-aria-338717/yellow/yellow_tripdata*.parquet_2019-05.parquet
[2022-02-09 09:04:19,931] {gcs.py:251} INFO - Total Bytes: 137418656 | Bytes Written: 137418656
[2022-02-09 09:04:19,931] {gcs.py:264} INFO - Object raw/yellow_tripdata_2019-05.parquet in bucket dtc_data_lake_rational-aria-338717 rewritten to object yellow/yellow_tripdata*.parquet_2019-05.parquet in bucket dtc_data_lake_rational-aria-338717
[2022-02-09 09:04:19,988] {gcs.py:645} INFO - Blob raw/yellow_tripdata_2019-05.parquet deleted.
[2022-02-09 09:04:19,989] {gcs_to_gcs.py:431} INFO - Executing copy of gs://dtc_data_lake_rational-aria-338717/raw/yellow_tripdata_2019-08.parquet to gs://dtc_data_lake_rational-aria-338717/yellow/yellow_tripdata*.parquet_2019-08.parquet
[2022-02-09 09:04:20,115] {gcs.py:251} INFO - Total Bytes: 111332831 | Bytes Written: 111332831
[2022-02-09 09:04:20,116] {gcs.py:264} INFO - Object raw/yellow_tripdata_2019-08.parquet in bucket dtc_data_lake_rational-aria-338717 rewritten to object yellow/yellow_tripdata*.parquet_2019-08.parquet in bucket dtc_data_lake_rational-aria-338717
[2022-02-09 09:04:20,180] {gcs.py:645} INFO - Blob raw/yellow_tripdata_2019-08.parquet deleted.
[2022-02-09 09:04:20,184] {gcs_to_gcs.py:431} INFO - Executing copy of gs://dtc_data_lake_rational-aria-338717/raw/yellow_tripdata_2020-07.parquet to gs://dtc_data_lake_rational-aria-338717/yellow/yellow_tripdata*.parquet_2020-07.parquet
[2022-02-09 09:04:20,307] {gcs.py:251} INFO - Total Bytes: 15762125 | Bytes Written: 15762125
[2022-02-09 09:04:20,308] {gcs.py:264} INFO - Object raw/yellow_tripdata_2020-07.parquet in bucket dtc_data_lake_rational-aria-338717 rewritten to object yellow/yellow_tripdata*.parquet_2020-07.parquet in bucket dtc_data_lake_rational-aria-338717
[2022-02-09 09:04:20,396] {gcs.py:645} INFO - Blob raw/yellow_tripdata_2020-07.parquet deleted.
[2022-02-09 09:04:20,399] {gcs_to_gcs.py:431} INFO - Executing copy of gs://dtc_data_lake_rational-aria-338717/raw/yellow_tripdata_2019-06.parquet to gs://dtc_data_lake_rational-aria-338717/yellow/yellow_tripdata*.parquet_2019-06.parquet
[2022-02-09 09:04:20,542] {gcs.py:251} INFO - Total Bytes: 126726779 | Bytes Written: 126726779
[2022-02-09 09:04:20,549] {gcs.py:264} INFO - Object raw/yellow_tripdata_2019-06.parquet in bucket dtc_data_lake_rational-aria-338717 rewritten to object yellow/yellow_tripdata*.parquet_2019-06.parquet in bucket dtc_data_lake_rational-aria-338717
[2022-02-09 09:04:20,623] {gcs.py:645} INFO - Blob raw/yellow_tripdata_2019-06.parquet deleted.
[2022-02-09 09:04:20,624] {gcs_to_gcs.py:431} INFO - Executing copy of gs://dtc_data_lake_rational-aria-338717/raw/yellow_tripdata_2020-12.parquet to gs://dtc_data_lake_rational-aria-338717/yellow/yellow_tripdata*.parquet_2020-12.parquet
[2022-02-09 09:04:20,744] {gcs.py:251} INFO - Total Bytes: 27480890 | Bytes Written: 27480890
[2022-02-09 09:04:20,746] {gcs.py:264} INFO - Object raw/yellow_tripdata_2020-12.parquet in bucket dtc_data_lake_rational-aria-338717 rewritten to object yellow/yellow_tripdata*.parquet_2020-12.parquet in bucket dtc_data_lake_rational-aria-338717
[2022-02-09 09:04:20,811] {gcs.py:645} INFO - Blob raw/yellow_tripdata_2020-12.parquet deleted.
[2022-02-09 09:04:20,812] {gcs_to_gcs.py:431} INFO - Executing copy of gs://dtc_data_lake_rational-aria-338717/raw/yellow_tripdata_2020-06.parquet to gs://dtc_data_lake_rational-aria-338717/yellow/yellow_tripdata*.parquet_2020-06.parquet
[2022-02-09 09:04:20,949] {gcs.py:251} INFO - Total Bytes: 11323874 | Bytes Written: 11323874
[2022-02-09 09:04:20,950] {gcs.py:264} INFO - Object raw/yellow_tripdata_2020-06.parquet in bucket dtc_data_lake_rational-aria-338717 rewritten to object yellow/yellow_tripdata*.parquet_2020-06.parquet in bucket dtc_data_lake_rational-aria-338717
[2022-02-09 09:04:21,010] {gcs.py:645} INFO - Blob raw/yellow_tripdata_2020-06.parquet deleted.
[2022-02-09 09:04:21,011] {gcs_to_gcs.py:431} INFO - Executing copy of gs://dtc_data_lake_rational-aria-338717/raw/yellow_tripdata_2020-09.parquet to gs://dtc_data_lake_rational-aria-338717/yellow/yellow_tripdata*.parquet_2020-09.parquet
[2022-02-09 09:04:21,125] {gcs.py:251} INFO - Total Bytes: 25539450 | Bytes Written: 25539450
[2022-02-09 09:04:21,126] {gcs.py:264} INFO - Object raw/yellow_tripdata_2020-09.parquet in bucket dtc_data_lake_rational-aria-338717 rewritten to object yellow/yellow_tripdata*.parquet_2020-09.parquet in bucket dtc_data_lake_rational-aria-338717
[2022-02-09 09:04:21,194] {gcs.py:645} INFO - Blob raw/yellow_tripdata_2020-09.parquet deleted.
[2022-02-09 09:04:21,195] {gcs_to_gcs.py:431} INFO - Executing copy of gs://dtc_data_lake_rational-aria-338717/raw/yellow_tripdata_2019-02.parquet to gs://dtc_data_lake_rational-aria-338717/yellow/yellow_tripdata*.parquet_2019-02.parquet
[2022-02-09 09:04:21,323] {gcs.py:251} INFO - Total Bytes: 128380769 | Bytes Written: 128380769
[2022-02-09 09:04:21,324] {gcs.py:264} INFO - Object raw/yellow_tripdata_2019-02.parquet in bucket dtc_data_lake_rational-aria-338717 rewritten to object yellow/yellow_tripdata*.parquet_2019-02.parquet in bucket dtc_data_lake_rational-aria-338717
[2022-02-09 09:04:21,383] {gcs.py:645} INFO - Blob raw/yellow_tripdata_2019-02.parquet deleted.
[2022-02-09 09:04:21,384] {gcs_to_gcs.py:431} INFO - Executing copy of gs://dtc_data_lake_rational-aria-338717/raw/yellow_tripdata_2020-08.parquet to gs://dtc_data_lake_rational-aria-338717/yellow/yellow_tripdata*.parquet_2020-08.parquet
[2022-02-09 09:04:21,498] {gcs.py:251} INFO - Total Bytes: 19636193 | Bytes Written: 19636193
[2022-02-09 09:04:21,499] {gcs.py:264} INFO - Object raw/yellow_tripdata_2020-08.parquet in bucket dtc_data_lake_rational-aria-338717 rewritten to object yellow/yellow_tripdata*.parquet_2020-08.parquet in bucket dtc_data_lake_rational-aria-338717
[2022-02-09 09:04:21,556] {gcs.py:645} INFO - Blob raw/yellow_tripdata_2020-08.parquet deleted.
[2022-02-09 09:04:21,557] {gcs_to_gcs.py:431} INFO - Executing copy of gs://dtc_data_lake_rational-aria-338717/raw/yellow_tripdata_2020-03.parquet to gs://dtc_data_lake_rational-aria-338717/yellow/yellow_tripdata*.parquet_2020-03.parquet
[2022-02-09 09:04:21,670] {gcs.py:251} INFO - Total Bytes: 54378226 | Bytes Written: 54378226
[2022-02-09 09:04:21,671] {gcs.py:264} INFO - Object raw/yellow_tripdata_2020-03.parquet in bucket dtc_data_lake_rational-aria-338717 rewritten to object yellow/yellow_tripdata*.parquet_2020-03.parquet in bucket dtc_data_lake_rational-aria-338717
[2022-02-09 09:04:21,730] {gcs.py:645} INFO - Blob raw/yellow_tripdata_2020-03.parquet deleted.
[2022-02-09 09:04:21,731] {gcs_to_gcs.py:431} INFO - Executing copy of gs://dtc_data_lake_rational-aria-338717/raw/yellow_tripdata_2019-07.parquet to gs://dtc_data_lake_rational-aria-338717/yellow/yellow_tripdata*.parquet_2019-07.parquet
[2022-02-09 09:04:21,845] {gcs.py:251} INFO - Total Bytes: 115534598 | Bytes Written: 115534598
[2022-02-09 09:04:21,846] {gcs.py:264} INFO - Object raw/yellow_tripdata_2019-07.parquet in bucket dtc_data_lake_rational-aria-338717 rewritten to object yellow/yellow_tripdata*.parquet_2019-07.parquet in bucket dtc_data_lake_rational-aria-338717
[2022-02-09 09:04:21,910] {gcs.py:645} INFO - Blob raw/yellow_tripdata_2019-07.parquet deleted.
[2022-02-09 09:04:21,911] {gcs_to_gcs.py:431} INFO - Executing copy of gs://dtc_data_lake_rational-aria-338717/raw/yellow_tripdata_2019-11.parquet to gs://dtc_data_lake_rational-aria-338717/yellow/yellow_tripdata*.parquet_2019-11.parquet
[2022-02-09 09:04:22,022] {gcs.py:251} INFO - Total Bytes: 124810768 | Bytes Written: 124810768
[2022-02-09 09:04:22,023] {gcs.py:264} INFO - Object raw/yellow_tripdata_2019-11.parquet in bucket dtc_data_lake_rational-aria-338717 rewritten to object yellow/yellow_tripdata*.parquet_2019-11.parquet in bucket dtc_data_lake_rational-aria-338717
[2022-02-09 09:04:22,080] {gcs.py:645} INFO - Blob raw/yellow_tripdata_2019-11.parquet deleted.
[2022-02-09 09:04:22,081] {gcs_to_gcs.py:431} INFO - Executing copy of gs://dtc_data_lake_rational-aria-338717/raw/yellow_tripdata_2020-05.parquet to gs://dtc_data_lake_rational-aria-338717/yellow/yellow_tripdata*.parquet_2020-05.parquet
[2022-02-09 09:04:22,196] {gcs.py:251} INFO - Total Bytes: 7436367 | Bytes Written: 7436367
[2022-02-09 09:04:22,197] {gcs.py:264} INFO - Object raw/yellow_tripdata_2020-05.parquet in bucket dtc_data_lake_rational-aria-338717 rewritten to object yellow/yellow_tripdata*.parquet_2020-05.parquet in bucket dtc_data_lake_rational-aria-338717
[2022-02-09 09:04:22,251] {gcs.py:645} INFO - Blob raw/yellow_tripdata_2020-05.parquet deleted.
[2022-02-09 09:04:22,252] {gcs_to_gcs.py:431} INFO - Executing copy of gs://dtc_data_lake_rational-aria-338717/raw/yellow_tripdata_2020-10.parquet to gs://dtc_data_lake_rational-aria-338717/yellow/yellow_tripdata*.parquet_2020-10.parquet
[2022-02-09 09:04:22,375] {gcs.py:251} INFO - Total Bytes: 31572830 | Bytes Written: 31572830
[2022-02-09 09:04:22,377] {gcs.py:264} INFO - Object raw/yellow_tripdata_2020-10.parquet in bucket dtc_data_lake_rational-aria-338717 rewritten to object yellow/yellow_tripdata*.parquet_2020-10.parquet in bucket dtc_data_lake_rational-aria-338717
[2022-02-09 09:04:22,439] {gcs.py:645} INFO - Blob raw/yellow_tripdata_2020-10.parquet deleted.
[2022-02-09 09:04:22,440] {gcs_to_gcs.py:431} INFO - Executing copy of gs://dtc_data_lake_rational-aria-338717/raw/yellow_tripdata_2020-02.parquet to gs://dtc_data_lake_rational-aria-338717/yellow/yellow_tripdata*.parquet_2020-02.parquet
[2022-02-09 09:04:22,552] {gcs.py:251} INFO - Total Bytes: 113958025 | Bytes Written: 113958025
[2022-02-09 09:04:22,553] {gcs.py:264} INFO - Object raw/yellow_tripdata_2020-02.parquet in bucket dtc_data_lake_rational-aria-338717 rewritten to object yellow/yellow_tripdata*.parquet_2020-02.parquet in bucket dtc_data_lake_rational-aria-338717
[2022-02-09 09:04:22,611] {gcs.py:645} INFO - Blob raw/yellow_tripdata_2020-02.parquet deleted.
[2022-02-09 09:04:22,613] {gcs_to_gcs.py:431} INFO - Executing copy of gs://dtc_data_lake_rational-aria-338717/raw/yellow_tripdata_2019-10.parquet to gs://dtc_data_lake_rational-aria-338717/yellow/yellow_tripdata*.parquet_2019-10.parquet
[2022-02-09 09:04:22,736] {gcs.py:251} INFO - Total Bytes: 130950231 | Bytes Written: 130950231
[2022-02-09 09:04:22,740] {gcs.py:264} INFO - Object raw/yellow_tripdata_2019-10.parquet in bucket dtc_data_lake_rational-aria-338717 rewritten to object yellow/yellow_tripdata*.parquet_2019-10.parquet in bucket dtc_data_lake_rational-aria-338717
[2022-02-09 09:04:22,807] {gcs.py:645} INFO - Blob raw/yellow_tripdata_2019-10.parquet deleted.
[2022-02-09 09:04:22,809] {gcs_to_gcs.py:431} INFO - Executing copy of gs://dtc_data_lake_rational-aria-338717/raw/yellow_tripdata_2019-09.parquet to gs://dtc_data_lake_rational-aria-338717/yellow/yellow_tripdata*.parquet_2019-09.parquet
[2022-02-09 09:04:23,000] {gcs.py:251} INFO - Total Bytes: 120286338 | Bytes Written: 120286338
[2022-02-09 09:04:23,003] {gcs.py:264} INFO - Object raw/yellow_tripdata_2019-09.parquet in bucket dtc_data_lake_rational-aria-338717 rewritten to object yellow/yellow_tripdata*.parquet_2019-09.parquet in bucket dtc_data_lake_rational-aria-338717
[2022-02-09 09:04:23,083] {gcs.py:645} INFO - Blob raw/yellow_tripdata_2019-09.parquet deleted.
[2022-02-09 09:04:23,153] {gcs_to_gcs.py:431} INFO - Executing copy of gs://dtc_data_lake_rational-aria-338717/raw/yellow_tripdata_2019-12.parquet to gs://dtc_data_lake_rational-aria-338717/yellow/yellow_tripdata*.parquet_2019-12.parquet
[2022-02-09 09:04:23,288] {gcs.py:251} INFO - Total Bytes: 125360614 | Bytes Written: 125360614
[2022-02-09 09:04:23,295] {gcs.py:264} INFO - Object raw/yellow_tripdata_2019-12.parquet in bucket dtc_data_lake_rational-aria-338717 rewritten to object yellow/yellow_tripdata*.parquet_2019-12.parquet in bucket dtc_data_lake_rational-aria-338717
[2022-02-09 09:04:23,363] {gcs.py:645} INFO - Blob raw/yellow_tripdata_2019-12.parquet deleted.
[2022-02-09 09:04:23,405] {taskinstance.py:1277} INFO - Marking task as SUCCESS. dag_id=gcs_2_bq_dag, task_id=move_yellow_tripdata_files_task, execution_date=20220207T000000, start_date=20220209T090417, end_date=20220209T090423
[2022-02-09 09:04:23,532] {local_task_job.py:154} INFO - Task exited with return code 0
[2022-02-09 09:04:23,568] {local_task_job.py:264} INFO - 0 downstream tasks scheduled from follow-on schedule check
[2022-02-09 09:04:23,596] {dagrun.py:628} WARNING - Failed to get task '<TaskInstance: gcs_2_bq_dag.bq_yellow_tripdata_external_table_task scheduled__2022-02-07T00:00:00+00:00 [removed]>' for dag 'gcs_2_bq_dag'. Marking it as removed.
[2022-02-09 09:04:23,599] {dagrun.py:628} WARNING - Failed to get task '<TaskInstance: gcs_2_bq_dag.bq_create_yellow_tripdata_partitioned_table_task scheduled__2022-02-07T00:00:00+00:00 [removed]>' for dag 'gcs_2_bq_dag'. Marking it as removed.
[2022-02-09 09:04:23,600] {dagrun.py:628} WARNING - Failed to get task '<TaskInstance: gcs_2_bq_dag.bq_green_tripdata_external_table_task scheduled__2022-02-07T00:00:00+00:00 [removed]>' for dag 'gcs_2_bq_dag'. Marking it as removed.
[2022-02-09 09:04:23,601] {dagrun.py:628} WARNING - Failed to get task '<TaskInstance: gcs_2_bq_dag.bq_create_green_tripdata_partitioned_table_task scheduled__2022-02-07T00:00:00+00:00 [removed]>' for dag 'gcs_2_bq_dag'. Marking it as removed.
[2022-02-09 09:04:23,603] {dagrun.py:545} INFO - Marking run <DagRun gcs_2_bq_dag @ 2022-02-07 00:00:00+00:00: scheduled__2022-02-07T00:00:00+00:00, externally triggered: False> successful
[2022-02-09 09:04:23,604] {dagrun.py:605} INFO - DagRun Finished: dag_id=gcs_2_bq_dag, execution_date=2022-02-07 00:00:00+00:00, run_id=scheduled__2022-02-07T00:00:00+00:00, run_start_date=2022-02-08 14:34:18.316744+00:00, run_end_date=2022-02-09 09:04:23.604649+00:00, run_duration=66605.287905, state=success, external_trigger=False, run_type=scheduled, data_interval_start=2022-02-07 00:00:00+00:00, data_interval_end=2022-02-08 00:00:00+00:00, dag_hash=1fcbeb273d5208c2071858c4c7cdfe5b
