[2022-02-09 09:18:03,048] {taskinstance.py:1032} INFO - Dependencies all met for <TaskInstance: gcs_2_bq_dag.move_yellow_tripdata_files_task scheduled__2022-02-07T00:00:00+00:00 [queued]>
[2022-02-09 09:18:03,088] {taskinstance.py:1032} INFO - Dependencies all met for <TaskInstance: gcs_2_bq_dag.move_yellow_tripdata_files_task scheduled__2022-02-07T00:00:00+00:00 [queued]>
[2022-02-09 09:18:03,091] {taskinstance.py:1238} INFO - 
--------------------------------------------------------------------------------
[2022-02-09 09:18:03,093] {taskinstance.py:1239} INFO - Starting attempt 3 of 4
[2022-02-09 09:18:03,095] {taskinstance.py:1240} INFO - 
--------------------------------------------------------------------------------
[2022-02-09 09:18:03,185] {taskinstance.py:1259} INFO - Executing <Task(GCSToGCSOperator): move_yellow_tripdata_files_task> on 2022-02-07 00:00:00+00:00
[2022-02-09 09:18:03,447] {standard_task_runner.py:52} INFO - Started process 477 to run task
[2022-02-09 09:18:04,118] {standard_task_runner.py:76} INFO - Running: ['***', 'tasks', 'run', 'gcs_2_bq_dag', 'move_yellow_tripdata_files_task', 'scheduled__2022-02-07T00:00:00+00:00', '--job-id', '1110', '--raw', '--subdir', 'DAGS_FOLDER/gcs_to_bq_dag.py', '--cfg-path', '/tmp/tmpu_q_px43', '--error-file', '/tmp/tmpt31rwo1t']
[2022-02-09 09:18:04,140] {standard_task_runner.py:77} INFO - Job 1110: Subtask move_yellow_tripdata_files_task
[2022-02-09 09:18:04,990] {logging_mixin.py:109} INFO - Running <TaskInstance: gcs_2_bq_dag.move_yellow_tripdata_files_task scheduled__2022-02-07T00:00:00+00:00 [running]> on host f4cde4687438
[2022-02-09 09:18:05,520] {taskinstance.py:1426} INFO - Exporting the following env vars:
AIRFLOW_CTX_DAG_OWNER=***
AIRFLOW_CTX_DAG_ID=gcs_2_bq_dag
AIRFLOW_CTX_TASK_ID=move_yellow_tripdata_files_task
AIRFLOW_CTX_EXECUTION_DATE=2022-02-07T00:00:00+00:00
AIRFLOW_CTX_DAG_RUN_ID=scheduled__2022-02-07T00:00:00+00:00
[2022-02-09 09:18:05,568] {crypto.py:82} WARNING - empty cryptography key - values will not be stored encrypted.
[2022-02-09 09:18:05,572] {gcs_to_gcs.py:346} INFO - Delimiter ignored because wildcard is in prefix
[2022-02-09 09:18:06,098] {taskinstance.py:1277} INFO - Marking task as SUCCESS. dag_id=gcs_2_bq_dag, task_id=move_yellow_tripdata_files_task, execution_date=20220207T000000, start_date=20220209T091803, end_date=20220209T091806
[2022-02-09 09:18:06,181] {local_task_job.py:154} INFO - Task exited with return code 0
[2022-02-09 09:18:06,297] {local_task_job.py:264} INFO - 0 downstream tasks scheduled from follow-on schedule check
