[2022-02-09 14:31:57,365] {taskinstance.py:1032} INFO - Dependencies all met for <TaskInstance: gcs_to_bq_dag.gcs_2_bq_ext_task scheduled__2022-02-08T00:00:00+00:00 [queued]>
[2022-02-09 14:31:57,379] {taskinstance.py:1032} INFO - Dependencies all met for <TaskInstance: gcs_to_bq_dag.gcs_2_bq_ext_task scheduled__2022-02-08T00:00:00+00:00 [queued]>
[2022-02-09 14:31:57,380] {taskinstance.py:1238} INFO - 
--------------------------------------------------------------------------------
[2022-02-09 14:31:57,381] {taskinstance.py:1239} INFO - Starting attempt 3 of 4
[2022-02-09 14:31:57,382] {taskinstance.py:1240} INFO - 
--------------------------------------------------------------------------------
[2022-02-09 14:31:57,393] {taskinstance.py:1259} INFO - Executing <Task(BigQueryCreateExternalTableOperator): gcs_2_bq_ext_task> on 2022-02-08 00:00:00+00:00
[2022-02-09 14:31:57,399] {standard_task_runner.py:52} INFO - Started process 2176 to run task
[2022-02-09 14:31:57,404] {standard_task_runner.py:76} INFO - Running: ['***', 'tasks', 'run', 'gcs_to_bq_dag', 'gcs_2_bq_ext_task', 'scheduled__2022-02-08T00:00:00+00:00', '--job-id', '1356', '--raw', '--subdir', 'DAGS_FOLDER/gcs_2_bq_dag.py', '--cfg-path', '/tmp/tmpd01hm9om', '--error-file', '/tmp/tmpi46xdfbu']
[2022-02-09 14:31:57,406] {standard_task_runner.py:77} INFO - Job 1356: Subtask gcs_2_bq_ext_task
[2022-02-09 14:31:57,470] {logging_mixin.py:109} INFO - Running <TaskInstance: gcs_to_bq_dag.gcs_2_bq_ext_task scheduled__2022-02-08T00:00:00+00:00 [running]> on host 57f53df750cc
[2022-02-09 14:31:57,526] {taskinstance.py:1426} INFO - Exporting the following env vars:
AIRFLOW_CTX_DAG_OWNER=***
AIRFLOW_CTX_DAG_ID=gcs_to_bq_dag
AIRFLOW_CTX_TASK_ID=gcs_2_bq_ext_task
AIRFLOW_CTX_EXECUTION_DATE=2022-02-08T00:00:00+00:00
AIRFLOW_CTX_DAG_RUN_ID=scheduled__2022-02-08T00:00:00+00:00
[2022-02-09 14:31:57,529] {crypto.py:82} WARNING - empty cryptography key - values will not be stored encrypted.
[2022-02-09 14:31:58,484] {taskinstance.py:1277} INFO - Marking task as SUCCESS. dag_id=gcs_to_bq_dag, task_id=gcs_2_bq_ext_task, execution_date=20220208T000000, start_date=20220209T143157, end_date=20220209T143158
[2022-02-09 14:31:58,533] {local_task_job.py:154} INFO - Task exited with return code 0
[2022-02-09 14:31:58,579] {local_task_job.py:264} INFO - 1 downstream tasks scheduled from follow-on schedule check
